03:28:41.896 [main] INFO  resources.base - User has entered credentials on the login page
03:30:25.475 [main] ERROR resources.base - no such element: Unable to locate element: {"method":"xpath","selector":"//a[@class='my-reports1']"}
  (Session info: chrome=71.0.3578.98)
  (Driver info: chromedriver=2.36.540470 (e522d04694c7ebea4ba8821272dbef4f9b818c91),platform=Windows NT 10.0.17134 x86_64) (WARNING: The server did not provide any stacktrace information)
Command duration or timeout: 0 milliseconds
For documentation on this error, please visit: http://seleniumhq.org/exceptions/no_such_element.html
Build info: version: '3.8.1', revision: '6e95a6684b', time: '2017-12-01T18:33:54.468Z'
System info: host: 'DESKTOP-B75F35K', ip: '192.168.14.216', os.name: 'Windows 10', os.arch: 'amd64', os.version: '10.0', java.version: '1.8.0_171'
Driver info: org.openqa.selenium.chrome.ChromeDriver
Capabilities {acceptInsecureCerts: false, acceptSslCerts: false, applicationCacheEnabled: false, browserConnectionEnabled: false, browserName: chrome, chrome: {chromedriverVersion: 2.36.540470 (e522d04694c7eb..., userDataDir: C:\Users\bilaw\AppData\Loca...}, cssSelectorsEnabled: true, databaseEnabled: false, handlesAlerts: true, hasTouchScreen: false, javascriptEnabled: true, locationContextEnabled: true, mobileEmulationEnabled: false, nativeEvents: true, networkConnectionEnabled: false, pageLoadStrategy: normal, platform: XP, platformName: XP, rotatable: false, setWindowRect: true, takesHeapSnapshot: true, takesScreenshot: true, unexpectedAlertBehaviour: , unhandledPromptBehavior: , version: 71.0.3578.98, webStorageEnabled: true}
Session ID: 33ba5ddb1fcd7e4fceb14bb7bc8a733c
*** Element info: {Using=xpath, value=//a[@class='my-reports1']}
03:33:20.338 [main] INFO  resources.base - User has entered credentials on the login page
03:35:11.263 [main] ERROR resources.base - no such element: Unable to locate element: {"method":"xpath","selector":"//a[@class='my-reports1']"}
  (Session info: chrome=71.0.3578.98)
  (Driver info: chromedriver=2.36.540470 (e522d04694c7ebea4ba8821272dbef4f9b818c91),platform=Windows NT 10.0.17134 x86_64) (WARNING: The server did not provide any stacktrace information)
Command duration or timeout: 0 milliseconds
For documentation on this error, please visit: http://seleniumhq.org/exceptions/no_such_element.html
Build info: version: '3.8.1', revision: '6e95a6684b', time: '2017-12-01T18:33:54.468Z'
System info: host: 'DESKTOP-B75F35K', ip: '192.168.14.216', os.name: 'Windows 10', os.arch: 'amd64', os.version: '10.0', java.version: '1.8.0_171'
Driver info: org.openqa.selenium.chrome.ChromeDriver
Capabilities {acceptInsecureCerts: false, acceptSslCerts: false, applicationCacheEnabled: false, browserConnectionEnabled: false, browserName: chrome, chrome: {chromedriverVersion: 2.36.540470 (e522d04694c7eb..., userDataDir: C:\Users\bilaw\AppData\Loca...}, cssSelectorsEnabled: true, databaseEnabled: false, handlesAlerts: true, hasTouchScreen: false, javascriptEnabled: true, locationContextEnabled: true, mobileEmulationEnabled: false, nativeEvents: true, networkConnectionEnabled: false, pageLoadStrategy: normal, platform: XP, platformName: XP, rotatable: false, setWindowRect: true, takesHeapSnapshot: true, takesScreenshot: true, unexpectedAlertBehaviour: , unhandledPromptBehavior: , version: 71.0.3578.98, webStorageEnabled: true}
Session ID: c2b89f587d29089e222dc990b6cec484
*** Element info: {Using=xpath, value=//a[@class='my-reports1']}
03:15:03.645 [main] INFO  resources.base - User has entered credentials on the login page
03:15:24.564 [main] ERROR resources.base - element not visible
  (Session info: chrome=71.0.3578.98)
  (Driver info: chromedriver=2.36.540470 (e522d04694c7ebea4ba8821272dbef4f9b818c91),platform=Windows NT 10.0.17134 x86_64) (WARNING: The server did not provide any stacktrace information)
Command duration or timeout: 0 milliseconds
Build info: version: '3.8.1', revision: '6e95a6684b', time: '2017-12-01T18:33:54.468Z'
System info: host: 'DESKTOP-B75F35K', ip: '192.168.14.216', os.name: 'Windows 10', os.arch: 'amd64', os.version: '10.0', java.version: '1.8.0_171'
Driver info: org.openqa.selenium.chrome.ChromeDriver
Capabilities {acceptInsecureCerts: false, acceptSslCerts: false, applicationCacheEnabled: false, browserConnectionEnabled: false, browserName: chrome, chrome: {chromedriverVersion: 2.36.540470 (e522d04694c7eb..., userDataDir: C:\Users\bilaw\AppData\Loca...}, cssSelectorsEnabled: true, databaseEnabled: false, handlesAlerts: true, hasTouchScreen: false, javascriptEnabled: true, locationContextEnabled: true, mobileEmulationEnabled: false, nativeEvents: true, networkConnectionEnabled: false, pageLoadStrategy: normal, platform: XP, platformName: XP, rotatable: false, setWindowRect: true, takesHeapSnapshot: true, takesScreenshot: true, unexpectedAlertBehaviour: , unhandledPromptBehavior: , version: 71.0.3578.98, webStorageEnabled: true}
Session ID: f0d80be607df9af4cd7e66ea28a5a96c
03:17:42.963 [main] INFO  resources.base - User has entered credentials on the login page
03:19:00.034 [main] INFO  resources.base - User has entered credentials on the login page
10:02:57.595 [main] INFO  resources.base - User has entered credentials on the login page
10:06:52.842 [main] INFO  resources.base - User has entered credentials on the login page
11:28:40.130 [main] INFO  resources.base - User has entered credentials on the login page
11:30:48.700 [main] INFO  resources.base - User has entered credentials on the login page
12:56:48.977 [main] INFO  resources.base - User has entered credentials on the login page
13:09:08.475 [main] INFO  resources.base - User has entered credentials on the login page
13:11:32.357 [main] INFO  resources.base - User has entered credentials on the login page
13:13:04.033 [main] INFO  resources.base - User has entered credentials on the login page
13:22:35.440 [main] INFO  resources.base - User has entered credentials on the login page
13:27:35.869 [main] INFO  resources.base - User has entered credentials on the login page
13:08:58.029 [main] INFO  resources.base - User has entered credentials on the login page
13:10:57.134 [main] INFO  resources.base - User has entered credentials on the login page
13:17:09.121 [main] INFO  resources.base - User has entered credentials on the login page
13:25:16.812 [main] INFO  resources.base - User has entered credentials on the login page
14:18:37.575 [main] INFO  resources.base - User has entered credentials on the login page
14:19:55.159 [main] INFO  resources.base - User has entered credentials on the login page
14:25:13.845 [main] INFO  resources.base - User has entered credentials on the login page
14:16:42.222 [main] INFO  resources.base - User has entered credentials on the login page
14:18:44.491 [main] INFO  resources.base - User has entered credentials on the login page
14:48:03.273 [main] INFO  resources.base - User has entered credentials on the login page
14:52:24.515 [main] INFO  resources.base - User has entered credentials on the login page
16:28:53.430 [main] INFO  resources.base - User has entered credentials on the login page
16:36:49.236 [main] INFO  resources.base - User has entered credentials on the login page
16:41:14.306 [main] INFO  resources.base - User has entered credentials on the login page
17:54:43.918 [main] INFO  resources.base - User has entered credentials on the login page
17:59:19.366 [main] INFO  resources.base - User has entered credentials on the login page
18:06:26.378 [main] INFO  resources.base - User has entered credentials on the login page
18:09:26.234 [main] INFO  resources.base - User has entered credentials on the login page
18:11:11.619 [main] INFO  resources.base - User has entered credentials on the login page
18:14:41.287 [main] INFO  resources.base - User has entered credentials on the login page
17:20:23.979 [main] INFO  resources.base - User has entered credentials on the login page
17:21:17.303 [main] ERROR resources.base - unknown error: Element <span class="">...</span> is not clickable at point (183, 339). Other element would receive the click: <div id="loadingMask" class="connection-loader tenlayer "></div>
  (Session info: chrome=71.0.3578.98)
  (Driver info: chromedriver=2.36.540470 (e522d04694c7ebea4ba8821272dbef4f9b818c91),platform=Windows NT 10.0.17134 x86_64) (WARNING: The server did not provide any stacktrace information)
Command duration or timeout: 0 milliseconds
Build info: version: '3.8.1', revision: '6e95a6684b', time: '2017-12-01T18:33:54.468Z'
System info: host: 'DESKTOP-B75F35K', ip: '192.168.14.216', os.name: 'Windows 10', os.arch: 'amd64', os.version: '10.0', java.version: '1.8.0_171'
Driver info: org.openqa.selenium.chrome.ChromeDriver
Capabilities {acceptInsecureCerts: false, acceptSslCerts: false, applicationCacheEnabled: false, browserConnectionEnabled: false, browserName: chrome, chrome: {chromedriverVersion: 2.36.540470 (e522d04694c7eb..., userDataDir: C:\Users\bilaw\AppData\Loca...}, cssSelectorsEnabled: true, databaseEnabled: false, handlesAlerts: true, hasTouchScreen: false, javascriptEnabled: true, locationContextEnabled: true, mobileEmulationEnabled: false, nativeEvents: true, networkConnectionEnabled: false, pageLoadStrategy: normal, platform: XP, platformName: XP, rotatable: false, setWindowRect: true, takesHeapSnapshot: true, takesScreenshot: true, unexpectedAlertBehaviour: , unhandledPromptBehavior: , version: 71.0.3578.98, webStorageEnabled: true}
Session ID: 4ab3c1db0428f65bea1621120d4d504c
17:23:48.994 [main] INFO  resources.base - User has entered credentials on the login page
17:24:31.906 [main] ERROR resources.base - unknown error: Element <span class="">...</span> is not clickable at point (183, 339). Other element would receive the click: <div id="loadingMask" class="connection-loader tenlayer "></div>
  (Session info: chrome=71.0.3578.98)
  (Driver info: chromedriver=2.36.540470 (e522d04694c7ebea4ba8821272dbef4f9b818c91),platform=Windows NT 10.0.17134 x86_64) (WARNING: The server did not provide any stacktrace information)
Command duration or timeout: 0 milliseconds
Build info: version: '3.8.1', revision: '6e95a6684b', time: '2017-12-01T18:33:54.468Z'
System info: host: 'DESKTOP-B75F35K', ip: '192.168.14.216', os.name: 'Windows 10', os.arch: 'amd64', os.version: '10.0', java.version: '1.8.0_171'
Driver info: org.openqa.selenium.chrome.ChromeDriver
Capabilities {acceptInsecureCerts: false, acceptSslCerts: false, applicationCacheEnabled: false, browserConnectionEnabled: false, browserName: chrome, chrome: {chromedriverVersion: 2.36.540470 (e522d04694c7eb..., userDataDir: C:\Users\bilaw\AppData\Loca...}, cssSelectorsEnabled: true, databaseEnabled: false, handlesAlerts: true, hasTouchScreen: false, javascriptEnabled: true, locationContextEnabled: true, mobileEmulationEnabled: false, nativeEvents: true, networkConnectionEnabled: false, pageLoadStrategy: normal, platform: XP, platformName: XP, rotatable: false, setWindowRect: true, takesHeapSnapshot: true, takesScreenshot: true, unexpectedAlertBehaviour: , unhandledPromptBehavior: , version: 71.0.3578.98, webStorageEnabled: true}
Session ID: 14772a32cd9af8c5c939685d6db2bd58
17:26:21.468 [main] INFO  resources.base - User has entered credentials on the login page
17:27:07.322 [main] ERROR resources.base - unknown error: Element <span class="">...</span> is not clickable at point (183, 339). Other element would receive the click: <div id="loadingMask" class="connection-loader tenlayer "></div>
  (Session info: chrome=71.0.3578.98)
  (Driver info: chromedriver=2.36.540470 (e522d04694c7ebea4ba8821272dbef4f9b818c91),platform=Windows NT 10.0.17134 x86_64) (WARNING: The server did not provide any stacktrace information)
Command duration or timeout: 0 milliseconds
Build info: version: '3.8.1', revision: '6e95a6684b', time: '2017-12-01T18:33:54.468Z'
System info: host: 'DESKTOP-B75F35K', ip: '192.168.14.216', os.name: 'Windows 10', os.arch: 'amd64', os.version: '10.0', java.version: '1.8.0_171'
Driver info: org.openqa.selenium.chrome.ChromeDriver
Capabilities {acceptInsecureCerts: false, acceptSslCerts: false, applicationCacheEnabled: false, browserConnectionEnabled: false, browserName: chrome, chrome: {chromedriverVersion: 2.36.540470 (e522d04694c7eb..., userDataDir: C:\Users\bilaw\AppData\Loca...}, cssSelectorsEnabled: true, databaseEnabled: false, handlesAlerts: true, hasTouchScreen: false, javascriptEnabled: true, locationContextEnabled: true, mobileEmulationEnabled: false, nativeEvents: true, networkConnectionEnabled: false, pageLoadStrategy: normal, platform: XP, platformName: XP, rotatable: false, setWindowRect: true, takesHeapSnapshot: true, takesScreenshot: true, unexpectedAlertBehaviour: , unhandledPromptBehavior: , version: 71.0.3578.98, webStorageEnabled: true}
Session ID: 34e1f90e8a86354752d94333be641299
17:28:53.086 [main] INFO  resources.base - User has entered credentials on the login page
20:20:05.398 [main] INFO  resources.base - User has entered credentials on the login page
20:20:59.886 [main] ERROR resources.base - unknown error: Element <span class="">...</span> is not clickable at point (183, 339). Other element would receive the click: <div id="loadingMask" class="connection-loader tenlayer "></div>
  (Session info: chrome=71.0.3578.98)
  (Driver info: chromedriver=2.36.540470 (e522d04694c7ebea4ba8821272dbef4f9b818c91),platform=Windows NT 10.0.17134 x86_64) (WARNING: The server did not provide any stacktrace information)
Command duration or timeout: 0 milliseconds
Build info: version: '3.8.1', revision: '6e95a6684b', time: '2017-12-01T18:33:54.468Z'
System info: host: 'DESKTOP-B75F35K', ip: '192.168.14.216', os.name: 'Windows 10', os.arch: 'amd64', os.version: '10.0', java.version: '1.8.0_171'
Driver info: org.openqa.selenium.chrome.ChromeDriver
Capabilities {acceptInsecureCerts: false, acceptSslCerts: false, applicationCacheEnabled: false, browserConnectionEnabled: false, browserName: chrome, chrome: {chromedriverVersion: 2.36.540470 (e522d04694c7eb..., userDataDir: C:\Users\bilaw\AppData\Loca...}, cssSelectorsEnabled: true, databaseEnabled: false, handlesAlerts: true, hasTouchScreen: false, javascriptEnabled: true, locationContextEnabled: true, mobileEmulationEnabled: false, nativeEvents: true, networkConnectionEnabled: false, pageLoadStrategy: normal, platform: XP, platformName: XP, rotatable: false, setWindowRect: true, takesHeapSnapshot: true, takesScreenshot: true, unexpectedAlertBehaviour: , unhandledPromptBehavior: , version: 71.0.3578.98, webStorageEnabled: true}
Session ID: 136b1a3b13851c2af75ae4fce76d8c50
20:21:37.789 [main] INFO  resources.base - User has entered credentials on the login page
20:10:17.737 [main] INFO  resources.base - User has entered credentials on the login page
21:35:44.656 [main] INFO  resources.base - User has entered credentials on the login page
21:39:08.365 [main] INFO  resources.base - User has entered credentials on the login page
21:41:50.804 [main] INFO  resources.base - User has entered credentials on the login page
21:45:56.029 [main] INFO  resources.base - User has entered credentials on the login page
21:39:54.866 [main] INFO  resources.base - User has entered credentials on the login page
22:13:19.514 [main] INFO  resources.base - User has entered credentials on the login page
22:17:51.616 [main] INFO  resources.base - User has entered credentials on the login page
22:21:24.203 [main] INFO  resources.base - User has entered credentials on the login page
00:30:44.236 [main] INFO  resources.base - User has entered credentials on the login page
00:17:33.817 [main] INFO  resources.base - User has entered credentials on the login page
17:57:54.364 [main] INFO  resources.base - User has entered credentials on the login page
18:30:57.635 [main] INFO  resources.base - User has entered credentials on the login page
18:31:07.770 [main] ERROR resources.base - no such element: Unable to locate element: {"method":"xpath","selector":"//a[@class='top-link' and text()='Quotes']"}
  (Session info: chrome=71.0.3578.98)
  (Driver info: chromedriver=2.36.540470 (e522d04694c7ebea4ba8821272dbef4f9b818c91),platform=Windows NT 10.0.17134 x86_64) (WARNING: The server did not provide any stacktrace information)
Command duration or timeout: 0 milliseconds
For documentation on this error, please visit: http://seleniumhq.org/exceptions/no_such_element.html
Build info: version: '3.8.1', revision: '6e95a6684b', time: '2017-12-01T18:33:54.468Z'
System info: host: 'DESKTOP-B75F35K', ip: '192.168.14.216', os.name: 'Windows 10', os.arch: 'amd64', os.version: '10.0', java.version: '1.8.0_171'
Driver info: org.openqa.selenium.chrome.ChromeDriver
Capabilities {acceptInsecureCerts: false, acceptSslCerts: false, applicationCacheEnabled: false, browserConnectionEnabled: false, browserName: chrome, chrome: {chromedriverVersion: 2.36.540470 (e522d04694c7eb..., userDataDir: C:\Users\bilaw\AppData\Loca...}, cssSelectorsEnabled: true, databaseEnabled: false, handlesAlerts: true, hasTouchScreen: false, javascriptEnabled: true, locationContextEnabled: true, mobileEmulationEnabled: false, nativeEvents: true, networkConnectionEnabled: false, pageLoadStrategy: normal, platform: XP, platformName: XP, rotatable: false, setWindowRect: true, takesHeapSnapshot: true, takesScreenshot: true, unexpectedAlertBehaviour: , unhandledPromptBehavior: , version: 71.0.3578.98, webStorageEnabled: true}
Session ID: 10a336abd32aa2a7114397bd30b0a892
*** Element info: {Using=xpath, value=//a[@class='top-link' and text()='Quotes']}
18:32:49.159 [main] INFO  resources.base - User has entered credentials on the login page
18:33:52.391 [main] ERROR resources.base - unknown error: Element <span class="">...</span> is not clickable at point (183, 339). Other element would receive the click: <div id="loadingMask" class="connection-loader tenlayer "></div>
  (Session info: chrome=71.0.3578.98)
  (Driver info: chromedriver=2.36.540470 (e522d04694c7ebea4ba8821272dbef4f9b818c91),platform=Windows NT 10.0.17134 x86_64) (WARNING: The server did not provide any stacktrace information)
Command duration or timeout: 0 milliseconds
Build info: version: '3.8.1', revision: '6e95a6684b', time: '2017-12-01T18:33:54.468Z'
System info: host: 'DESKTOP-B75F35K', ip: '192.168.14.216', os.name: 'Windows 10', os.arch: 'amd64', os.version: '10.0', java.version: '1.8.0_171'
Driver info: org.openqa.selenium.chrome.ChromeDriver
Capabilities {acceptInsecureCerts: false, acceptSslCerts: false, applicationCacheEnabled: false, browserConnectionEnabled: false, browserName: chrome, chrome: {chromedriverVersion: 2.36.540470 (e522d04694c7eb..., userDataDir: C:\Users\bilaw\AppData\Loca...}, cssSelectorsEnabled: true, databaseEnabled: false, handlesAlerts: true, hasTouchScreen: false, javascriptEnabled: true, locationContextEnabled: true, mobileEmulationEnabled: false, nativeEvents: true, networkConnectionEnabled: false, pageLoadStrategy: normal, platform: XP, platformName: XP, rotatable: false, setWindowRect: true, takesHeapSnapshot: true, takesScreenshot: true, unexpectedAlertBehaviour: , unhandledPromptBehavior: , version: 71.0.3578.98, webStorageEnabled: true}
Session ID: b7f71ed9a32a2466679b7c7a0d6dc05d
18:35:50.026 [main] INFO  resources.base - User has entered credentials on the login page
19:00:43.201 [main] INFO  resources.base - User has entered credentials on the login page
20:01:37.933 [main] INFO  resources.base - User has entered credentials on the login page
20:08:21.595 [main] INFO  resources.base - User has entered credentials on the login page
23:00:31.510 [main] INFO  resources.base - User has entered credentials on the login page
23:11:53.676 [main] INFO  resources.base - User has entered credentials on the login page
23:34:07.879 [main] INFO  resources.base - User has entered credentials on the login page
23:36:11.589 [main] INFO  resources.base - User has entered credentials on the login page
23:45:11.946 [main] INFO  resources.base - User has entered credentials on the login page
23:53:51.912 [main] INFO  resources.base - User has entered credentials on the login page
23:56:51.869 [main] INFO  resources.base - User has entered credentials on the login page
23:58:01.382 [main] INFO  resources.base - User has entered credentials on the login page
00:00:49.944 [main] INFO  resources.base - User has entered credentials on the login page
00:03:50.745 [main] INFO  resources.base - User has entered credentials on the login page
00:07:13.728 [main] INFO  resources.base - User has entered credentials on the login page
00:21:04.302 [main] INFO  resources.base - User has entered credentials on the login page
00:23:11.739 [main] INFO  resources.base - User has entered credentials on the login page
00:25:01.314 [main] INFO  resources.base - User has entered credentials on the login page
00:08:50.289 [main] INFO  resources.base - User has entered User's credentials on the login page
00:09:00.071 [main] INFO  resources.base - User has clicked on Track button
00:09:00.203 [main] INFO  resources.base - System is extracting text from the purchase analysis section of the track page
00:09:01.059 [main] INFO  resources.base - User has clicked on Purchase Analysis link on the Track Page
00:09:25.234 [main] INFO  resources.base - User has entered credentials on the login page
00:09:36.402 [main] INFO  resources.base - User has clicked on Track button
00:09:57.032 [main] INFO  resources.base - User has entered credentials on the login page
00:12:09.005 [main] INFO  resources.base - User has entered credentials on the login page
00:13:08.054 [main] ERROR resources.base - unknown error: Element <span class="">...</span> is not clickable at point (183, 339). Other element would receive the click: <div id="loadingMask" class="connection-loader tenlayer "></div>
  (Session info: chrome=71.0.3578.98)
  (Driver info: chromedriver=2.36.540470 (e522d04694c7ebea4ba8821272dbef4f9b818c91),platform=Windows NT 10.0.17134 x86_64) (WARNING: The server did not provide any stacktrace information)
Command duration or timeout: 0 milliseconds
Build info: version: '3.8.1', revision: '6e95a6684b', time: '2017-12-01T18:33:54.468Z'
System info: host: 'DESKTOP-B75F35K', ip: '192.168.14.216', os.name: 'Windows 10', os.arch: 'amd64', os.version: '10.0', java.version: '1.8.0_171'
Driver info: org.openqa.selenium.chrome.ChromeDriver
Capabilities {acceptInsecureCerts: false, acceptSslCerts: false, applicationCacheEnabled: false, browserConnectionEnabled: false, browserName: chrome, chrome: {chromedriverVersion: 2.36.540470 (e522d04694c7eb..., userDataDir: C:\Users\bilaw\AppData\Loca...}, cssSelectorsEnabled: true, databaseEnabled: false, handlesAlerts: true, hasTouchScreen: false, javascriptEnabled: true, locationContextEnabled: true, mobileEmulationEnabled: false, nativeEvents: true, networkConnectionEnabled: false, pageLoadStrategy: normal, platform: XP, platformName: XP, rotatable: false, setWindowRect: true, takesHeapSnapshot: true, takesScreenshot: true, unexpectedAlertBehaviour: , unhandledPromptBehavior: , version: 71.0.3578.98, webStorageEnabled: true}
Session ID: 8125ada0c6ea05b8d23c276eb2d1a02f
00:13:37.771 [main] INFO  resources.base - User has entered credentials on the login page
00:14:46.009 [main] INFO  resources.base - User has entered credentials on the login page
00:25:56.560 [main] INFO  resources.base - User has entered credentials on the login page
00:29:20.079 [main] INFO  resources.base - User has entered User's credentials on the login page
00:29:27.492 [main] INFO  resources.base - User has clicked on Track button
00:29:27.607 [main] INFO  resources.base - System is extracting text from the purchase analysis section of the track page
00:29:28.487 [main] INFO  resources.base - User has clicked on Purchase Analysis link on the Track Page
00:29:53.587 [main] INFO  resources.base - User has entered credentials on the login page
00:34:39.836 [main] INFO  resources.base - User has entered User's credentials on the login page
00:34:47.036 [main] INFO  resources.base - User has clicked on Track button
00:34:47.177 [main] INFO  resources.base - System is extracting text from the purchase analysis section of the track page
00:34:48.162 [main] INFO  resources.base - User has clicked on Purchase Analysis link on the Track Page
00:35:12.012 [main] INFO  resources.base - User has entered credentials on the login page
00:35:20.331 [main] INFO  resources.base - User has clicked on Track button
00:35:39.176 [main] INFO  resources.base - User has entered credentials on the login page
00:37:49.452 [main] INFO  resources.base - User has entered credentials on the login page
00:39:08.755 [main] INFO  resources.base - User has entered credentials on the login page
00:40:18.805 [main] INFO  resources.base - User has entered credentials on the login page
00:56:58.892 [main] INFO  resources.base - User has entered credentials on the login page
00:57:13.533 [main] INFO  resources.base - User has clicked on Track button
00:58:44.081 [main] INFO  resources.base - User has entered credentials on the login page
01:01:33.164 [main] INFO  resources.base - User has entered credentials on the login page
01:03:48.947 [main] INFO  resources.base - User has entered credentials on the login page
00:50:54.516 [main] INFO  resources.base - User has entered credentials on the login page
00:54:21.347 [main] INFO  resources.base - User has entered User's credentials on the login page
00:54:30.696 [main] INFO  resources.base - User has clicked on Track button
00:54:30.748 [main] INFO  resources.base - System is extracting text from the purchase analysis section of the track page
00:54:31.772 [main] INFO  resources.base - User has clicked on Purchase Analysis link on the Track Page
00:55:19.462 [main] INFO  resources.base - User has entered credentials on the login page
00:55:32.498 [main] INFO  resources.base - User has clicked on Track button
00:56:18.586 [main] INFO  resources.base - User has entered credentials on the login page
00:59:32.667 [main] INFO  resources.base - User has entered credentials on the login page
01:01:58.789 [main] INFO  resources.base - User has entered credentials on the login page
01:04:20.197 [main] INFO  resources.base - User has entered credentials on the login page
02:19:13.597 [main] INFO  resources.base - User has entered User's credentials on the login page
02:19:25.810 [main] INFO  resources.base - User has clicked on Track button
02:19:25.927 [main] INFO  resources.base - System is extracting text from the purchase analysis section of the track page
02:19:26.968 [main] INFO  resources.base - User has clicked on Purchase Analysis link on the Track Page
02:20:13.600 [main] INFO  resources.base - User has entered credentials on the login page
02:20:27.497 [main] INFO  resources.base - User has clicked on Track button
02:21:08.223 [main] INFO  resources.base - User has entered credentials on the login page
02:02:08.512 [main] INFO  resources.base - User has entered credentials on the login page
02:03:43.183 [main] INFO  resources.base - User has entered credentials on the login page
02:53:15.189 [main] INFO  resources.base - User Have Successfully Login To The Home Page
02:53:19.468 [main] INFO  resources.base - User Have Successfully reached the favorites Page
02:53:37.667 [main] INFO  resources.base - user is searching printer using the search textbox
02:53:37.680 [main] INFO  resources.base - User Have Successfully reached the printer search listing page
02:53:37.730 [main] INFO  resources.base - Search result data is Appearing on the Search Result Page
02:53:51.002 [main] INFO  resources.base - User Have Successfully reached the PDP Page
02:54:21.365 [main] INFO  resources.base - User has clicked the Logo from the footer of the page
02:54:21.374 [main] INFO  resources.base - User Have reached the Home Page clicking on the footer Logo
02:54:24.112 [main] INFO  resources.base - User has clicked on the My Profile page from My Account dropdown
02:54:24.131 [main] INFO  resources.base - User has clicked on the My Profile page from My Account dropdown
02:54:27.050 [main] INFO  resources.base - User has clicked on the My Profile page from My Account dropdown
02:54:29.187 [main] INFO  resources.base - User has clicked the Logo from the header of the page
02:54:29.193 [main] INFO  resources.base - User Have reached the Home Page clicking on the Header Logo
02:54:34.463 [main] INFO  resources.base - User has clicked on the Standard Catalog Navigation button from header
02:54:34.470 [main] INFO  resources.base - User Have reached the Standard Catalog Page
02:54:50.005 [main] INFO  resources.base - User has clicked on the 1st Standard Product appearing and reached the PDP Page
02:54:56.540 [main] INFO  resources.base - User has clicked on the All Product Nevigation button from the header
02:54:56.549 [main] INFO  resources.base - User Have reached the All Product Page
02:55:01.406 [main] INFO  resources.base - User has clicked on Audio Cables Category From All Products Page
02:55:01.430 [main] INFO  resources.base - User Have reached the Audio Cables Category Page
02:55:30.203 [main] INFO  resources.base - User has clicked on Resouces link from the header
02:55:30.230 [main] INFO  resources.base - User Have reached the Resources Page
02:55:35.668 [main] INFO  resources.base - User has clicked on Special Offer Link from the header
02:55:35.680 [main] INFO  resources.base - User Have reached the Special Offer Page
02:55:44.479 [main] INFO  resources.base - User has clicked on Cart Icon from the header
02:55:44.486 [main] INFO  resources.base - User Have reached the Shopping Cart Page
02:56:45.181 [main] INFO  resources.base - element not visible
  (Session info: chrome=71.0.3578.98)
  (Driver info: chromedriver=2.36.540470 (e522d04694c7ebea4ba8821272dbef4f9b818c91),platform=Windows NT 10.0.17134 x86_64) (WARNING: The server did not provide any stacktrace information)
Command duration or timeout: 0 milliseconds
Build info: version: '3.8.1', revision: '6e95a6684b', time: '2017-12-01T18:33:54.468Z'
System info: host: 'DESKTOP-B75F35K', ip: '192.168.14.216', os.name: 'Windows 10', os.arch: 'amd64', os.version: '10.0', java.version: '1.8.0_171'
Driver info: org.openqa.selenium.chrome.ChromeDriver
Capabilities {acceptInsecureCerts: false, acceptSslCerts: false, applicationCacheEnabled: false, browserConnectionEnabled: false, browserName: chrome, chrome: {chromedriverVersion: 2.36.540470 (e522d04694c7eb..., userDataDir: C:\Users\bilaw\AppData\Loca...}, cssSelectorsEnabled: true, databaseEnabled: false, handlesAlerts: true, hasTouchScreen: false, javascriptEnabled: true, locationContextEnabled: true, mobileEmulationEnabled: false, nativeEvents: true, networkConnectionEnabled: false, pageLoadStrategy: normal, platform: XP, platformName: XP, rotatable: false, setWindowRect: true, takesHeapSnapshot: true, takesScreenshot: true, unexpectedAlertBehaviour: , unhandledPromptBehavior: , version: 71.0.3578.98, webStorageEnabled: true}
Session ID: a30a01a99782aa0c7069489349a80aa8
02:56:50.213 [main] INFO  resources.base - User Have reached the order confirmation page after placing the order
02:33:54.510 [main] INFO  resources.base - User has clicked the Logo from the header of the page
02:34:04.588 [main] INFO  resources.base - User Have reached the Home Page clicking on the Header Logo
02:34:10.577 [main] INFO  resources.base - User has clicked the Logo from the footer of the page
02:34:10.585 [main] INFO  resources.base - User Have reached the Home Page clicking on the footer Logo
02:34:16.247 [main] INFO  resources.base - User has clicked on the Standard Catalog Link from the footer of the page
02:34:26.276 [main] INFO  resources.base - User Have reached the Standard Product page after clicking on the Standard Catalog Link from the footer of the page
02:34:29.846 [main] INFO  resources.base - User has clicked on the All product Link from the footer of the page
02:34:39.863 [main] INFO  resources.base - User Have reached the All Product page after clicking on the Standard Catalog Link from the footer of the page
02:34:51.546 [main] INFO  resources.base - User has clicked on the resources  Link from the footer of the page
02:35:06.575 [main] INFO  resources.base - User Have reached the resources page after clicking on the resources Link from the footer of the page
02:35:13.535 [main] INFO  resources.base - User has clicked on the Special offer Link from the footer of the page
02:35:23.606 [main] INFO  resources.base - User Have reached the Special offer after clicking on the Special offer Link from the footer of the page
02:35:26.868 [main] INFO  resources.base - User has clicked on the Special offer Link from the footer of the page
02:35:36.937 [main] INFO  resources.base - User Have reached the Favorites after clicking on the Favorites Link from the footer of the page
02:35:51.428 [main] INFO  resources.base - User has clicked on the Track button from the header of the page
02:35:51.444 [main] INFO  resources.base - User have reached the Track page after clicking on the Track button from the header of the page
02:35:55.374 [main] INFO  resources.base - User has clicked on the order button from the header of the page
02:36:05.437 [main] INFO  resources.base - User have reached the Order page after clicking on the Order button from the header of the page
02:36:29.300 [main] INFO  resources.base - User has clicked on the Purchase Analysis button from the header of the page
02:36:29.344 [main] INFO  resources.base - User have reached the Purchase Analysis page after clicking on the Purchase Analysis button from the header of the page
02:36:29.479 [main] INFO  resources.base - User have clicked on email icon on purchase analysis Page
02:36:29.871 [main] INFO  resources.base - User have entered the email on email field at purchase analysis Page
02:36:30.160 [main] INFO  resources.base - User have click on Send button at email popup screen at purchase analysis Page
02:36:38.021 [main] INFO  resources.base - User has clicked on the Calendar button from the header of the page
02:36:38.032 [main] INFO  resources.base - User have reached the  Calendar page after clicking on the Calendar button from the header of the page
02:36:56.279 [main] INFO  resources.base - User have reached the expiration report after clicking on the report button from the Calendar page from monthly view tab
02:37:12.242 [main] INFO  resources.base - User have reached the expiration report after clicking on the report button from the Calendar page from Detail view tab
02:37:18.924 [main] INFO  resources.base - User has clicked on the Saved Report icon from the header of the page
02:37:18.939 [main] INFO  resources.base - User have reached the  Saved Report page after clicking on the Saved Report icon from the header of the page
02:37:20.809 [main] INFO  resources.base - user is searching printer using the search textbox
02:37:50.040 [main] INFO  resources.base - User Have Successfully reached the Compare page
19:48:21.159 [main] INFO  resources.base - User Have Successfully Login To The Home Page
19:48:25.276 [main] INFO  resources.base - User Have Successfully reached the favorites Page
19:48:37.626 [main] INFO  resources.base - user is searching printer using the search textbox
19:48:37.656 [main] INFO  resources.base - User Have Successfully reached the printer search listing page
19:48:37.721 [main] INFO  resources.base - Search result data is Appearing on the Search Result Page
19:48:46.837 [main] INFO  resources.base - User Have Successfully reached the PDP Page
19:49:51.421 [main] INFO  resources.base - User have clicked on email icon on purchase analysis Page
19:49:51.719 [main] INFO  resources.base - User have entered the email on email field at purchase analysis Page
19:50:25.650 [main] INFO  resources.base - user is searching printer using the search textbox
19:50:51.620 [main] INFO  resources.base - User Have Successfully reached the Compare page
01:03:21.399 [main] INFO  resources.base - User Have Successfully Login To The Home Page
01:03:30.142 [main] INFO  resources.base - User Have Successfully reached the favorites Page
01:03:48.547 [main] INFO  resources.base - user is searching printer using the search textbox
01:03:48.558 [main] INFO  resources.base - User Have Successfully reached the printer search listing page
01:03:48.615 [main] INFO  resources.base - Search result data is Appearing on the Search Result Page
01:04:04.611 [main] INFO  resources.base - User Have Successfully reached the PDP Page
01:05:29.463 [main] INFO  resources.base - user is searching printer using the search textbox
01:06:07.643 [main] INFO  resources.base - User Have Successfully reached the Compare page
02:20:00.196 [main] INFO  resources.base - User Have Successfully Login To The Home Page
02:20:13.453 [main] INFO  resources.base - User Have Successfully reached the favorites Page
02:20:35.509 [main] INFO  resources.base - user is searching printer using the search textbox
02:20:35.604 [main] INFO  resources.base - User Have Successfully reached the printer search listing page
02:20:35.650 [main] INFO  resources.base - Search result data is Appearing on the Search Result Page
02:20:53.426 [main] INFO  resources.base - User Have Successfully reached the PDP Page
02:21:18.666 [main] INFO  resources.base - User has clicked on the Standard Catalog Navigation button from header
02:21:18.681 [main] INFO  resources.base - User Have reached the Standard Catalog Page
02:21:35.224 [main] INFO  resources.base - User has clicked on the 1st Standard Product appearing and reached the PDP Page
02:21:42.027 [main] INFO  resources.base - User has clicked on the All Product Nevigation button from the header
02:21:42.035 [main] INFO  resources.base - User Have reached the All Product Page
02:21:47.053 [main] INFO  resources.base - User has clicked on Audio Cables Category From All Products Page
02:21:47.101 [main] INFO  resources.base - User Have reached the Audio Cables Category Page
02:22:28.317 [main] INFO  resources.base - User has clicked on Resouces link from the header
02:22:28.324 [main] INFO  resources.base - User Have reached the Resources Page
02:22:28.511 [main] INFO  resources.base - User has clicked on Special Offer Link from the header
02:22:32.405 [main] INFO  resources.base - User Have reached the Special Offer Page
02:22:38.499 [main] INFO  resources.base - User has clicked on Cart Icon from the header
02:22:38.560 [main] INFO  resources.base - User Have reached the Shopping Cart Page
02:23:30.048 [main] INFO  resources.base - User has clicked the Logo from the header of the page
02:23:40.148 [main] ERROR resources.base - User not able to reach home clicking on the header logo
02:23:40.148 [main] ERROR resources.base - expected [Shop - MarkITplace] but found [Connection - Innovative IT Solutions Provider]
02:25:20.775 [main] INFO  resources.base - Compare Page not reached
02:08:56.239 [main] INFO  resources.base - User Have Successfully Login To The Home Page
02:09:05.066 [main] INFO  resources.base - User Have Successfully reached the favorites Page
02:09:37.535 [main] INFO  resources.base - user is searching printer using the search textbox
02:09:37.555 [main] INFO  resources.base - User Have Successfully reached the printer search listing page
02:09:37.597 [main] INFO  resources.base - Search result data is Appearing on the Search Result Page
02:09:51.137 [main] INFO  resources.base - User Have Successfully reached the PDP Page
02:10:30.838 [main] INFO  resources.base - Recently Viewed Page is Opened
02:10:33.149 [main] INFO  resources.base - User has clicked the Logo from the footer of the page
02:10:33.158 [main] INFO  resources.base - User Have reached the Home Page clicking on the footer Logo
02:10:35.521 [main] INFO  resources.base - User has clicked on the My Profile page from My Account dropdown
02:10:35.534 [main] INFO  resources.base - User has clicked on the My Profile page from My Account dropdown
02:10:37.927 [main] INFO  resources.base - User has clicked on the My Profile page from My Account dropdown
02:10:39.932 [main] INFO  resources.base - User has clicked the Logo from the header of the page
02:10:39.938 [main] INFO  resources.base - User Have reached the Home Page clicking on the Header Logo
02:10:43.650 [main] INFO  resources.base - User has clicked on the Standard Catalog Navigation button from header
02:10:43.668 [main] INFO  resources.base - User Have reached the Standard Catalog Page
02:10:59.157 [main] INFO  resources.base - User has clicked on the 1st Standard Product appearing and reached the PDP Page
02:11:06.025 [main] INFO  resources.base - User has clicked on the All Product Nevigation button from the header
02:11:06.033 [main] INFO  resources.base - User Have reached the All Product Page
02:11:10.996 [main] INFO  resources.base - User has clicked on Audio Cables Category From All Products Page
02:11:11.007 [main] INFO  resources.base - User Have reached the Audio Cables Category Page
02:11:51.953 [main] INFO  resources.base - User has clicked on Resouces link from the header
02:11:51.972 [main] INFO  resources.base - User Have reached the Resources Page
02:11:57.340 [main] INFO  resources.base - User has clicked on Special Offer Link from the header
02:11:57.350 [main] INFO  resources.base - User Have reached the Special Offer Page
02:12:05.975 [main] INFO  resources.base - User has clicked on Cart Icon from the header
02:12:05.985 [main] INFO  resources.base - User Have reached the Shopping Cart Page
02:12:47.152 [main] INFO  resources.base - User has clicked the Logo from the header of the page
02:12:57.163 [main] INFO  resources.base - User Have reached the Home Page clicking on the Header Logo
02:13:00.363 [main] INFO  resources.base - User has clicked the Logo from the footer of the page
02:13:00.372 [main] INFO  resources.base - User Have reached the Home Page clicking on the footer Logo
02:13:03.651 [main] INFO  resources.base - User has clicked on the Standard Catalog Link from the footer of the page
02:13:13.672 [main] INFO  resources.base - User Have reached the Standard Product page after clicking on the Standard Catalog Link from the footer of the page
02:13:15.441 [main] INFO  resources.base - User has clicked on the All product Link from the footer of the page
02:13:25.471 [main] INFO  resources.base - User Have reached the All Product page after clicking on the Standard Catalog Link from the footer of the page
02:13:32.956 [main] INFO  resources.base - User has clicked on the resources  Link from the footer of the page
02:13:47.973 [main] INFO  resources.base - User Have reached the resources page after clicking on the resources Link from the footer of the page
02:13:48.226 [main] INFO  resources.base - User has clicked on the Special offer Link from the footer of the page
02:13:58.280 [main] INFO  resources.base - User Have reached the Special offer after clicking on the Special offer Link from the footer of the page
02:14:01.505 [main] INFO  resources.base - User has clicked on the Special offer Link from the footer of the page
02:14:11.575 [main] INFO  resources.base - User Have reached the Favorites after clicking on the Favorites Link from the footer of the page
02:14:17.870 [main] INFO  resources.base - User has clicked on the Track button from the header of the page
02:14:17.921 [main] INFO  resources.base - User have reached the Track page after clicking on the Track button from the header of the page
02:14:22.118 [main] INFO  resources.base - User has clicked on the order button from the header of the page
02:14:32.181 [main] INFO  resources.base - User have reached the Order page after clicking on the Order button from the header of the page
02:15:01.825 [main] INFO  resources.base - User has clicked on the Purchase Analysis button from the header of the page
02:15:01.870 [main] INFO  resources.base - User have reached the Purchase Analysis page after clicking on the Purchase Analysis button from the header of the page
02:15:02.205 [main] INFO  resources.base - User have clicked on email icon on purchase analysis Page
02:15:02.469 [main] INFO  resources.base - User have entered the email on email field at purchase analysis Page
02:15:02.754 [main] INFO  resources.base - User have click on Send button at email popup screen at purchase analysis Page
02:15:07.749 [main] INFO  resources.base - User has clicked on the Calendar button from the header of the page
02:15:07.803 [main] INFO  resources.base - User have reached the  Calendar page after clicking on the Calendar button from the header of the page
02:15:31.217 [main] INFO  resources.base - User have reached the expiration report after clicking on the report button from the Calendar page from monthly view tab
02:15:53.609 [main] INFO  resources.base - User have reached the expiration report after clicking on the report button from the Calendar page from Detail view tab
02:16:03.695 [main] INFO  resources.base - User has clicked on the Saved Report icon from the header of the page
02:16:03.701 [main] INFO  resources.base - User have reached the  Saved Report page after clicking on the Saved Report icon from the header of the page
02:16:05.803 [main] INFO  resources.base - user is searching printer using the search textbox
02:16:40.554 [main] INFO  resources.base - User Have Successfully reached the Compare page
03:18:30.376 [main] INFO  resources.base - User Have Successfully Login To The Home Page
03:18:36.410 [main] INFO  resources.base - User Have Successfully reached the favorites Page
03:18:55.064 [main] INFO  resources.base - user is searching printer using the search textbox
03:18:55.075 [main] INFO  resources.base - User Have Successfully reached the printer search listing page
03:18:55.128 [main] INFO  resources.base - Search result data is Appearing on the Search Result Page
03:19:27.989 [main] INFO  resources.base - User Have Successfully reached the PDP Page
03:20:07.717 [main] INFO  resources.base - Recently Viewed Page is Opened
03:20:10.399 [main] INFO  resources.base - User has clicked the Logo from the footer of the page
03:20:10.410 [main] INFO  resources.base - User Have reached the Home Page clicking on the footer Logo
03:20:12.794 [main] INFO  resources.base - User has clicked on the My Profile page from My Account dropdown
03:20:12.807 [main] INFO  resources.base - User has clicked on the My Profile page from My Account dropdown
03:20:15.671 [main] INFO  resources.base - User has clicked on the My Profile page from My Account dropdown
03:20:17.305 [main] INFO  resources.base - User has clicked the Logo from the header of the page
03:20:17.363 [main] INFO  resources.base - User Have reached the Home Page clicking on the Header Logo
03:20:22.468 [main] INFO  resources.base - User has clicked on the Standard Catalog Navigation button from header
03:20:22.478 [main] INFO  resources.base - User Have reached the Standard Catalog Page
03:20:37.646 [main] INFO  resources.base - User has clicked on the 1st Standard Product appearing and reached the PDP Page
03:20:46.029 [main] INFO  resources.base - User has clicked on the All Product Nevigation button from the header
03:20:46.040 [main] INFO  resources.base - User Have reached the All Product Page
03:20:51.204 [main] INFO  resources.base - User has clicked on Audio Cables Category From All Products Page
03:20:51.217 [main] INFO  resources.base - User Have reached the Audio Cables Category Page
03:21:20.036 [main] INFO  resources.base - User has clicked on Resouces link from the header
03:21:20.048 [main] INFO  resources.base - User Have reached the Resources Page
03:21:20.286 [main] INFO  resources.base - User has clicked on Special Offer Link from the header
03:21:23.775 [main] INFO  resources.base - User Have reached the Special Offer Page
03:21:33.428 [main] INFO  resources.base - User has clicked on Cart Icon from the header
03:21:33.493 [main] INFO  resources.base - User Have reached the Shopping Cart Page
03:22:31.242 [main] INFO  resources.base - User has clicked the Logo from the header of the page
03:22:41.304 [main] INFO  resources.base - User Have reached the Home Page clicking on the Header Logo
03:22:44.792 [main] INFO  resources.base - User has clicked the Logo from the footer of the page
03:22:44.817 [main] INFO  resources.base - User Have reached the Home Page clicking on the footer Logo
03:22:49.720 [main] INFO  resources.base - User has clicked on the Standard Catalog Link from the footer of the page
03:22:59.784 [main] INFO  resources.base - User Have reached the Standard Product page after clicking on the Standard Catalog Link from the footer of the page
03:23:01.716 [main] INFO  resources.base - User has clicked on the All product Link from the footer of the page
03:23:11.761 [main] INFO  resources.base - User Have reached the All Product page after clicking on the Standard Catalog Link from the footer of the page
03:23:19.462 [main] INFO  resources.base - User has clicked on the resources  Link from the footer of the page
03:23:34.494 [main] INFO  resources.base - User Have reached the resources page after clicking on the resources Link from the footer of the page
03:23:41.553 [main] INFO  resources.base - User has clicked on the Special offer Link from the footer of the page
03:23:51.607 [main] INFO  resources.base - User Have reached the Special offer after clicking on the Special offer Link from the footer of the page
03:23:51.808 [main] INFO  resources.base - User has clicked on the Special offer Link from the footer of the page
