03:28:41.896 [main] INFO  resources.base - User has entered credentials on the login page
03:30:25.475 [main] ERROR resources.base - no such element: Unable to locate element: {"method":"xpath","selector":"//a[@class='my-reports1']"}
  (Session info: chrome=71.0.3578.98)
  (Driver info: chromedriver=2.36.540470 (e522d04694c7ebea4ba8821272dbef4f9b818c91),platform=Windows NT 10.0.17134 x86_64) (WARNING: The server did not provide any stacktrace information)
Command duration or timeout: 0 milliseconds
For documentation on this error, please visit: http://seleniumhq.org/exceptions/no_such_element.html
Build info: version: '3.8.1', revision: '6e95a6684b', time: '2017-12-01T18:33:54.468Z'
System info: host: 'DESKTOP-B75F35K', ip: '192.168.14.216', os.name: 'Windows 10', os.arch: 'amd64', os.version: '10.0', java.version: '1.8.0_171'
Driver info: org.openqa.selenium.chrome.ChromeDriver
Capabilities {acceptInsecureCerts: false, acceptSslCerts: false, applicationCacheEnabled: false, browserConnectionEnabled: false, browserName: chrome, chrome: {chromedriverVersion: 2.36.540470 (e522d04694c7eb..., userDataDir: C:\Users\bilaw\AppData\Loca...}, cssSelectorsEnabled: true, databaseEnabled: false, handlesAlerts: true, hasTouchScreen: false, javascriptEnabled: true, locationContextEnabled: true, mobileEmulationEnabled: false, nativeEvents: true, networkConnectionEnabled: false, pageLoadStrategy: normal, platform: XP, platformName: XP, rotatable: false, setWindowRect: true, takesHeapSnapshot: true, takesScreenshot: true, unexpectedAlertBehaviour: , unhandledPromptBehavior: , version: 71.0.3578.98, webStorageEnabled: true}
Session ID: 33ba5ddb1fcd7e4fceb14bb7bc8a733c
*** Element info: {Using=xpath, value=//a[@class='my-reports1']}
03:33:20.338 [main] INFO  resources.base - User has entered credentials on the login page
03:35:11.263 [main] ERROR resources.base - no such element: Unable to locate element: {"method":"xpath","selector":"//a[@class='my-reports1']"}
  (Session info: chrome=71.0.3578.98)
  (Driver info: chromedriver=2.36.540470 (e522d04694c7ebea4ba8821272dbef4f9b818c91),platform=Windows NT 10.0.17134 x86_64) (WARNING: The server did not provide any stacktrace information)
Command duration or timeout: 0 milliseconds
For documentation on this error, please visit: http://seleniumhq.org/exceptions/no_such_element.html
Build info: version: '3.8.1', revision: '6e95a6684b', time: '2017-12-01T18:33:54.468Z'
System info: host: 'DESKTOP-B75F35K', ip: '192.168.14.216', os.name: 'Windows 10', os.arch: 'amd64', os.version: '10.0', java.version: '1.8.0_171'
Driver info: org.openqa.selenium.chrome.ChromeDriver
Capabilities {acceptInsecureCerts: false, acceptSslCerts: false, applicationCacheEnabled: false, browserConnectionEnabled: false, browserName: chrome, chrome: {chromedriverVersion: 2.36.540470 (e522d04694c7eb..., userDataDir: C:\Users\bilaw\AppData\Loca...}, cssSelectorsEnabled: true, databaseEnabled: false, handlesAlerts: true, hasTouchScreen: false, javascriptEnabled: true, locationContextEnabled: true, mobileEmulationEnabled: false, nativeEvents: true, networkConnectionEnabled: false, pageLoadStrategy: normal, platform: XP, platformName: XP, rotatable: false, setWindowRect: true, takesHeapSnapshot: true, takesScreenshot: true, unexpectedAlertBehaviour: , unhandledPromptBehavior: , version: 71.0.3578.98, webStorageEnabled: true}
Session ID: c2b89f587d29089e222dc990b6cec484
*** Element info: {Using=xpath, value=//a[@class='my-reports1']}
03:15:03.645 [main] INFO  resources.base - User has entered credentials on the login page
03:15:24.564 [main] ERROR resources.base - element not visible
  (Session info: chrome=71.0.3578.98)
  (Driver info: chromedriver=2.36.540470 (e522d04694c7ebea4ba8821272dbef4f9b818c91),platform=Windows NT 10.0.17134 x86_64) (WARNING: The server did not provide any stacktrace information)
Command duration or timeout: 0 milliseconds
Build info: version: '3.8.1', revision: '6e95a6684b', time: '2017-12-01T18:33:54.468Z'
System info: host: 'DESKTOP-B75F35K', ip: '192.168.14.216', os.name: 'Windows 10', os.arch: 'amd64', os.version: '10.0', java.version: '1.8.0_171'
Driver info: org.openqa.selenium.chrome.ChromeDriver
Capabilities {acceptInsecureCerts: false, acceptSslCerts: false, applicationCacheEnabled: false, browserConnectionEnabled: false, browserName: chrome, chrome: {chromedriverVersion: 2.36.540470 (e522d04694c7eb..., userDataDir: C:\Users\bilaw\AppData\Loca...}, cssSelectorsEnabled: true, databaseEnabled: false, handlesAlerts: true, hasTouchScreen: false, javascriptEnabled: true, locationContextEnabled: true, mobileEmulationEnabled: false, nativeEvents: true, networkConnectionEnabled: false, pageLoadStrategy: normal, platform: XP, platformName: XP, rotatable: false, setWindowRect: true, takesHeapSnapshot: true, takesScreenshot: true, unexpectedAlertBehaviour: , unhandledPromptBehavior: , version: 71.0.3578.98, webStorageEnabled: true}
Session ID: f0d80be607df9af4cd7e66ea28a5a96c
03:17:42.963 [main] INFO  resources.base - User has entered credentials on the login page
03:19:00.034 [main] INFO  resources.base - User has entered credentials on the login page
10:02:57.595 [main] INFO  resources.base - User has entered credentials on the login page
10:06:52.842 [main] INFO  resources.base - User has entered credentials on the login page
11:28:40.130 [main] INFO  resources.base - User has entered credentials on the login page
11:30:48.700 [main] INFO  resources.base - User has entered credentials on the login page
12:56:48.977 [main] INFO  resources.base - User has entered credentials on the login page
13:09:08.475 [main] INFO  resources.base - User has entered credentials on the login page
13:11:32.357 [main] INFO  resources.base - User has entered credentials on the login page
13:13:04.033 [main] INFO  resources.base - User has entered credentials on the login page
13:22:35.440 [main] INFO  resources.base - User has entered credentials on the login page
13:27:35.869 [main] INFO  resources.base - User has entered credentials on the login page
13:08:58.029 [main] INFO  resources.base - User has entered credentials on the login page
13:10:57.134 [main] INFO  resources.base - User has entered credentials on the login page
13:17:09.121 [main] INFO  resources.base - User has entered credentials on the login page
13:25:16.812 [main] INFO  resources.base - User has entered credentials on the login page
14:18:37.575 [main] INFO  resources.base - User has entered credentials on the login page
14:19:55.159 [main] INFO  resources.base - User has entered credentials on the login page
14:25:13.845 [main] INFO  resources.base - User has entered credentials on the login page
14:16:42.222 [main] INFO  resources.base - User has entered credentials on the login page
14:18:44.491 [main] INFO  resources.base - User has entered credentials on the login page
14:48:03.273 [main] INFO  resources.base - User has entered credentials on the login page
14:52:24.515 [main] INFO  resources.base - User has entered credentials on the login page
16:28:53.430 [main] INFO  resources.base - User has entered credentials on the login page
16:36:49.236 [main] INFO  resources.base - User has entered credentials on the login page
16:41:14.306 [main] INFO  resources.base - User has entered credentials on the login page
17:54:43.918 [main] INFO  resources.base - User has entered credentials on the login page
17:59:19.366 [main] INFO  resources.base - User has entered credentials on the login page
18:06:26.378 [main] INFO  resources.base - User has entered credentials on the login page
18:09:26.234 [main] INFO  resources.base - User has entered credentials on the login page
18:11:11.619 [main] INFO  resources.base - User has entered credentials on the login page
18:14:41.287 [main] INFO  resources.base - User has entered credentials on the login page
17:20:23.979 [main] INFO  resources.base - User has entered credentials on the login page
17:21:17.303 [main] ERROR resources.base - unknown error: Element <span class="">...</span> is not clickable at point (183, 339). Other element would receive the click: <div id="loadingMask" class="connection-loader tenlayer "></div>
  (Session info: chrome=71.0.3578.98)
  (Driver info: chromedriver=2.36.540470 (e522d04694c7ebea4ba8821272dbef4f9b818c91),platform=Windows NT 10.0.17134 x86_64) (WARNING: The server did not provide any stacktrace information)
Command duration or timeout: 0 milliseconds
Build info: version: '3.8.1', revision: '6e95a6684b', time: '2017-12-01T18:33:54.468Z'
System info: host: 'DESKTOP-B75F35K', ip: '192.168.14.216', os.name: 'Windows 10', os.arch: 'amd64', os.version: '10.0', java.version: '1.8.0_171'
Driver info: org.openqa.selenium.chrome.ChromeDriver
Capabilities {acceptInsecureCerts: false, acceptSslCerts: false, applicationCacheEnabled: false, browserConnectionEnabled: false, browserName: chrome, chrome: {chromedriverVersion: 2.36.540470 (e522d04694c7eb..., userDataDir: C:\Users\bilaw\AppData\Loca...}, cssSelectorsEnabled: true, databaseEnabled: false, handlesAlerts: true, hasTouchScreen: false, javascriptEnabled: true, locationContextEnabled: true, mobileEmulationEnabled: false, nativeEvents: true, networkConnectionEnabled: false, pageLoadStrategy: normal, platform: XP, platformName: XP, rotatable: false, setWindowRect: true, takesHeapSnapshot: true, takesScreenshot: true, unexpectedAlertBehaviour: , unhandledPromptBehavior: , version: 71.0.3578.98, webStorageEnabled: true}
Session ID: 4ab3c1db0428f65bea1621120d4d504c
17:23:48.994 [main] INFO  resources.base - User has entered credentials on the login page
17:24:31.906 [main] ERROR resources.base - unknown error: Element <span class="">...</span> is not clickable at point (183, 339). Other element would receive the click: <div id="loadingMask" class="connection-loader tenlayer "></div>
  (Session info: chrome=71.0.3578.98)
  (Driver info: chromedriver=2.36.540470 (e522d04694c7ebea4ba8821272dbef4f9b818c91),platform=Windows NT 10.0.17134 x86_64) (WARNING: The server did not provide any stacktrace information)
Command duration or timeout: 0 milliseconds
Build info: version: '3.8.1', revision: '6e95a6684b', time: '2017-12-01T18:33:54.468Z'
System info: host: 'DESKTOP-B75F35K', ip: '192.168.14.216', os.name: 'Windows 10', os.arch: 'amd64', os.version: '10.0', java.version: '1.8.0_171'
Driver info: org.openqa.selenium.chrome.ChromeDriver
Capabilities {acceptInsecureCerts: false, acceptSslCerts: false, applicationCacheEnabled: false, browserConnectionEnabled: false, browserName: chrome, chrome: {chromedriverVersion: 2.36.540470 (e522d04694c7eb..., userDataDir: C:\Users\bilaw\AppData\Loca...}, cssSelectorsEnabled: true, databaseEnabled: false, handlesAlerts: true, hasTouchScreen: false, javascriptEnabled: true, locationContextEnabled: true, mobileEmulationEnabled: false, nativeEvents: true, networkConnectionEnabled: false, pageLoadStrategy: normal, platform: XP, platformName: XP, rotatable: false, setWindowRect: true, takesHeapSnapshot: true, takesScreenshot: true, unexpectedAlertBehaviour: , unhandledPromptBehavior: , version: 71.0.3578.98, webStorageEnabled: true}
Session ID: 14772a32cd9af8c5c939685d6db2bd58
17:26:21.468 [main] INFO  resources.base - User has entered credentials on the login page
17:27:07.322 [main] ERROR resources.base - unknown error: Element <span class="">...</span> is not clickable at point (183, 339). Other element would receive the click: <div id="loadingMask" class="connection-loader tenlayer "></div>
  (Session info: chrome=71.0.3578.98)
  (Driver info: chromedriver=2.36.540470 (e522d04694c7ebea4ba8821272dbef4f9b818c91),platform=Windows NT 10.0.17134 x86_64) (WARNING: The server did not provide any stacktrace information)
Command duration or timeout: 0 milliseconds
Build info: version: '3.8.1', revision: '6e95a6684b', time: '2017-12-01T18:33:54.468Z'
System info: host: 'DESKTOP-B75F35K', ip: '192.168.14.216', os.name: 'Windows 10', os.arch: 'amd64', os.version: '10.0', java.version: '1.8.0_171'
Driver info: org.openqa.selenium.chrome.ChromeDriver
Capabilities {acceptInsecureCerts: false, acceptSslCerts: false, applicationCacheEnabled: false, browserConnectionEnabled: false, browserName: chrome, chrome: {chromedriverVersion: 2.36.540470 (e522d04694c7eb..., userDataDir: C:\Users\bilaw\AppData\Loca...}, cssSelectorsEnabled: true, databaseEnabled: false, handlesAlerts: true, hasTouchScreen: false, javascriptEnabled: true, locationContextEnabled: true, mobileEmulationEnabled: false, nativeEvents: true, networkConnectionEnabled: false, pageLoadStrategy: normal, platform: XP, platformName: XP, rotatable: false, setWindowRect: true, takesHeapSnapshot: true, takesScreenshot: true, unexpectedAlertBehaviour: , unhandledPromptBehavior: , version: 71.0.3578.98, webStorageEnabled: true}
Session ID: 34e1f90e8a86354752d94333be641299
17:28:53.086 [main] INFO  resources.base - User has entered credentials on the login page
20:20:05.398 [main] INFO  resources.base - User has entered credentials on the login page
20:20:59.886 [main] ERROR resources.base - unknown error: Element <span class="">...</span> is not clickable at point (183, 339). Other element would receive the click: <div id="loadingMask" class="connection-loader tenlayer "></div>
  (Session info: chrome=71.0.3578.98)
  (Driver info: chromedriver=2.36.540470 (e522d04694c7ebea4ba8821272dbef4f9b818c91),platform=Windows NT 10.0.17134 x86_64) (WARNING: The server did not provide any stacktrace information)
Command duration or timeout: 0 milliseconds
Build info: version: '3.8.1', revision: '6e95a6684b', time: '2017-12-01T18:33:54.468Z'
System info: host: 'DESKTOP-B75F35K', ip: '192.168.14.216', os.name: 'Windows 10', os.arch: 'amd64', os.version: '10.0', java.version: '1.8.0_171'
Driver info: org.openqa.selenium.chrome.ChromeDriver
Capabilities {acceptInsecureCerts: false, acceptSslCerts: false, applicationCacheEnabled: false, browserConnectionEnabled: false, browserName: chrome, chrome: {chromedriverVersion: 2.36.540470 (e522d04694c7eb..., userDataDir: C:\Users\bilaw\AppData\Loca...}, cssSelectorsEnabled: true, databaseEnabled: false, handlesAlerts: true, hasTouchScreen: false, javascriptEnabled: true, locationContextEnabled: true, mobileEmulationEnabled: false, nativeEvents: true, networkConnectionEnabled: false, pageLoadStrategy: normal, platform: XP, platformName: XP, rotatable: false, setWindowRect: true, takesHeapSnapshot: true, takesScreenshot: true, unexpectedAlertBehaviour: , unhandledPromptBehavior: , version: 71.0.3578.98, webStorageEnabled: true}
Session ID: 136b1a3b13851c2af75ae4fce76d8c50
20:21:37.789 [main] INFO  resources.base - User has entered credentials on the login page
20:10:17.737 [main] INFO  resources.base - User has entered credentials on the login page
21:35:44.656 [main] INFO  resources.base - User has entered credentials on the login page
21:39:08.365 [main] INFO  resources.base - User has entered credentials on the login page
21:41:50.804 [main] INFO  resources.base - User has entered credentials on the login page
21:45:56.029 [main] INFO  resources.base - User has entered credentials on the login page
21:39:54.866 [main] INFO  resources.base - User has entered credentials on the login page
22:13:19.514 [main] INFO  resources.base - User has entered credentials on the login page
22:17:51.616 [main] INFO  resources.base - User has entered credentials on the login page
22:21:24.203 [main] INFO  resources.base - User has entered credentials on the login page
00:30:44.236 [main] INFO  resources.base - User has entered credentials on the login page
00:17:33.817 [main] INFO  resources.base - User has entered credentials on the login page
17:57:54.364 [main] INFO  resources.base - User has entered credentials on the login page
18:30:57.635 [main] INFO  resources.base - User has entered credentials on the login page
18:31:07.770 [main] ERROR resources.base - no such element: Unable to locate element: {"method":"xpath","selector":"//a[@class='top-link' and text()='Quotes']"}
  (Session info: chrome=71.0.3578.98)
  (Driver info: chromedriver=2.36.540470 (e522d04694c7ebea4ba8821272dbef4f9b818c91),platform=Windows NT 10.0.17134 x86_64) (WARNING: The server did not provide any stacktrace information)
Command duration or timeout: 0 milliseconds
For documentation on this error, please visit: http://seleniumhq.org/exceptions/no_such_element.html
Build info: version: '3.8.1', revision: '6e95a6684b', time: '2017-12-01T18:33:54.468Z'
System info: host: 'DESKTOP-B75F35K', ip: '192.168.14.216', os.name: 'Windows 10', os.arch: 'amd64', os.version: '10.0', java.version: '1.8.0_171'
Driver info: org.openqa.selenium.chrome.ChromeDriver
Capabilities {acceptInsecureCerts: false, acceptSslCerts: false, applicationCacheEnabled: false, browserConnectionEnabled: false, browserName: chrome, chrome: {chromedriverVersion: 2.36.540470 (e522d04694c7eb..., userDataDir: C:\Users\bilaw\AppData\Loca...}, cssSelectorsEnabled: true, databaseEnabled: false, handlesAlerts: true, hasTouchScreen: false, javascriptEnabled: true, locationContextEnabled: true, mobileEmulationEnabled: false, nativeEvents: true, networkConnectionEnabled: false, pageLoadStrategy: normal, platform: XP, platformName: XP, rotatable: false, setWindowRect: true, takesHeapSnapshot: true, takesScreenshot: true, unexpectedAlertBehaviour: , unhandledPromptBehavior: , version: 71.0.3578.98, webStorageEnabled: true}
Session ID: 10a336abd32aa2a7114397bd30b0a892
*** Element info: {Using=xpath, value=//a[@class='top-link' and text()='Quotes']}
18:32:49.159 [main] INFO  resources.base - User has entered credentials on the login page
18:33:52.391 [main] ERROR resources.base - unknown error: Element <span class="">...</span> is not clickable at point (183, 339). Other element would receive the click: <div id="loadingMask" class="connection-loader tenlayer "></div>
  (Session info: chrome=71.0.3578.98)
  (Driver info: chromedriver=2.36.540470 (e522d04694c7ebea4ba8821272dbef4f9b818c91),platform=Windows NT 10.0.17134 x86_64) (WARNING: The server did not provide any stacktrace information)
Command duration or timeout: 0 milliseconds
Build info: version: '3.8.1', revision: '6e95a6684b', time: '2017-12-01T18:33:54.468Z'
System info: host: 'DESKTOP-B75F35K', ip: '192.168.14.216', os.name: 'Windows 10', os.arch: 'amd64', os.version: '10.0', java.version: '1.8.0_171'
Driver info: org.openqa.selenium.chrome.ChromeDriver
Capabilities {acceptInsecureCerts: false, acceptSslCerts: false, applicationCacheEnabled: false, browserConnectionEnabled: false, browserName: chrome, chrome: {chromedriverVersion: 2.36.540470 (e522d04694c7eb..., userDataDir: C:\Users\bilaw\AppData\Loca...}, cssSelectorsEnabled: true, databaseEnabled: false, handlesAlerts: true, hasTouchScreen: false, javascriptEnabled: true, locationContextEnabled: true, mobileEmulationEnabled: false, nativeEvents: true, networkConnectionEnabled: false, pageLoadStrategy: normal, platform: XP, platformName: XP, rotatable: false, setWindowRect: true, takesHeapSnapshot: true, takesScreenshot: true, unexpectedAlertBehaviour: , unhandledPromptBehavior: , version: 71.0.3578.98, webStorageEnabled: true}
Session ID: b7f71ed9a32a2466679b7c7a0d6dc05d
18:35:50.026 [main] INFO  resources.base - User has entered credentials on the login page
19:00:43.201 [main] INFO  resources.base - User has entered credentials on the login page
20:01:37.933 [main] INFO  resources.base - User has entered credentials on the login page
20:08:21.595 [main] INFO  resources.base - User has entered credentials on the login page
23:00:31.510 [main] INFO  resources.base - User has entered credentials on the login page
23:11:53.676 [main] INFO  resources.base - User has entered credentials on the login page
23:34:07.879 [main] INFO  resources.base - User has entered credentials on the login page
23:36:11.589 [main] INFO  resources.base - User has entered credentials on the login page
23:45:11.946 [main] INFO  resources.base - User has entered credentials on the login page
23:53:51.912 [main] INFO  resources.base - User has entered credentials on the login page
23:56:51.869 [main] INFO  resources.base - User has entered credentials on the login page
23:58:01.382 [main] INFO  resources.base - User has entered credentials on the login page
00:00:49.944 [main] INFO  resources.base - User has entered credentials on the login page
00:03:50.745 [main] INFO  resources.base - User has entered credentials on the login page
00:07:13.728 [main] INFO  resources.base - User has entered credentials on the login page
00:21:04.302 [main] INFO  resources.base - User has entered credentials on the login page
00:23:11.739 [main] INFO  resources.base - User has entered credentials on the login page
00:25:01.314 [main] INFO  resources.base - User has entered credentials on the login page
00:08:50.289 [main] INFO  resources.base - User has entered User's credentials on the login page
00:09:00.071 [main] INFO  resources.base - User has clicked on Track button
00:09:00.203 [main] INFO  resources.base - System is extracting text from the purchase analysis section of the track page
00:09:01.059 [main] INFO  resources.base - User has clicked on Purchase Analysis link on the Track Page
00:09:25.234 [main] INFO  resources.base - User has entered credentials on the login page
00:09:36.402 [main] INFO  resources.base - User has clicked on Track button
00:09:57.032 [main] INFO  resources.base - User has entered credentials on the login page
00:12:09.005 [main] INFO  resources.base - User has entered credentials on the login page
00:13:08.054 [main] ERROR resources.base - unknown error: Element <span class="">...</span> is not clickable at point (183, 339). Other element would receive the click: <div id="loadingMask" class="connection-loader tenlayer "></div>
  (Session info: chrome=71.0.3578.98)
  (Driver info: chromedriver=2.36.540470 (e522d04694c7ebea4ba8821272dbef4f9b818c91),platform=Windows NT 10.0.17134 x86_64) (WARNING: The server did not provide any stacktrace information)
Command duration or timeout: 0 milliseconds
Build info: version: '3.8.1', revision: '6e95a6684b', time: '2017-12-01T18:33:54.468Z'
System info: host: 'DESKTOP-B75F35K', ip: '192.168.14.216', os.name: 'Windows 10', os.arch: 'amd64', os.version: '10.0', java.version: '1.8.0_171'
Driver info: org.openqa.selenium.chrome.ChromeDriver
Capabilities {acceptInsecureCerts: false, acceptSslCerts: false, applicationCacheEnabled: false, browserConnectionEnabled: false, browserName: chrome, chrome: {chromedriverVersion: 2.36.540470 (e522d04694c7eb..., userDataDir: C:\Users\bilaw\AppData\Loca...}, cssSelectorsEnabled: true, databaseEnabled: false, handlesAlerts: true, hasTouchScreen: false, javascriptEnabled: true, locationContextEnabled: true, mobileEmulationEnabled: false, nativeEvents: true, networkConnectionEnabled: false, pageLoadStrategy: normal, platform: XP, platformName: XP, rotatable: false, setWindowRect: true, takesHeapSnapshot: true, takesScreenshot: true, unexpectedAlertBehaviour: , unhandledPromptBehavior: , version: 71.0.3578.98, webStorageEnabled: true}
Session ID: 8125ada0c6ea05b8d23c276eb2d1a02f
00:13:37.771 [main] INFO  resources.base - User has entered credentials on the login page
00:14:46.009 [main] INFO  resources.base - User has entered credentials on the login page
00:25:56.560 [main] INFO  resources.base - User has entered credentials on the login page
00:29:20.079 [main] INFO  resources.base - User has entered User's credentials on the login page
00:29:27.492 [main] INFO  resources.base - User has clicked on Track button
00:29:27.607 [main] INFO  resources.base - System is extracting text from the purchase analysis section of the track page
00:29:28.487 [main] INFO  resources.base - User has clicked on Purchase Analysis link on the Track Page
00:29:53.587 [main] INFO  resources.base - User has entered credentials on the login page
00:34:39.836 [main] INFO  resources.base - User has entered User's credentials on the login page
00:34:47.036 [main] INFO  resources.base - User has clicked on Track button
00:34:47.177 [main] INFO  resources.base - System is extracting text from the purchase analysis section of the track page
00:34:48.162 [main] INFO  resources.base - User has clicked on Purchase Analysis link on the Track Page
00:35:12.012 [main] INFO  resources.base - User has entered credentials on the login page
00:35:20.331 [main] INFO  resources.base - User has clicked on Track button
00:35:39.176 [main] INFO  resources.base - User has entered credentials on the login page
00:37:49.452 [main] INFO  resources.base - User has entered credentials on the login page
00:39:08.755 [main] INFO  resources.base - User has entered credentials on the login page
00:40:18.805 [main] INFO  resources.base - User has entered credentials on the login page
00:56:58.892 [main] INFO  resources.base - User has entered credentials on the login page
00:57:13.533 [main] INFO  resources.base - User has clicked on Track button
00:58:44.081 [main] INFO  resources.base - User has entered credentials on the login page
01:01:33.164 [main] INFO  resources.base - User has entered credentials on the login page
01:03:48.947 [main] INFO  resources.base - User has entered credentials on the login page
00:50:54.516 [main] INFO  resources.base - User has entered credentials on the login page
00:54:21.347 [main] INFO  resources.base - User has entered User's credentials on the login page
00:54:30.696 [main] INFO  resources.base - User has clicked on Track button
00:54:30.748 [main] INFO  resources.base - System is extracting text from the purchase analysis section of the track page
00:54:31.772 [main] INFO  resources.base - User has clicked on Purchase Analysis link on the Track Page
00:55:19.462 [main] INFO  resources.base - User has entered credentials on the login page
00:55:32.498 [main] INFO  resources.base - User has clicked on Track button
00:56:18.586 [main] INFO  resources.base - User has entered credentials on the login page
00:59:32.667 [main] INFO  resources.base - User has entered credentials on the login page
01:01:58.789 [main] INFO  resources.base - User has entered credentials on the login page
01:04:20.197 [main] INFO  resources.base - User has entered credentials on the login page
02:19:13.597 [main] INFO  resources.base - User has entered User's credentials on the login page
02:19:25.810 [main] INFO  resources.base - User has clicked on Track button
02:19:25.927 [main] INFO  resources.base - System is extracting text from the purchase analysis section of the track page
02:19:26.968 [main] INFO  resources.base - User has clicked on Purchase Analysis link on the Track Page
02:20:13.600 [main] INFO  resources.base - User has entered credentials on the login page
02:20:27.497 [main] INFO  resources.base - User has clicked on Track button
02:21:08.223 [main] INFO  resources.base - User has entered credentials on the login page
02:02:08.512 [main] INFO  resources.base - User has entered credentials on the login page
02:03:43.183 [main] INFO  resources.base - User has entered credentials on the login page
02:53:15.189 [main] INFO  resources.base - User Have Successfully Login To The Home Page
02:53:19.468 [main] INFO  resources.base - User Have Successfully reached the favorites Page
02:53:37.667 [main] INFO  resources.base - user is searching printer using the search textbox
02:53:37.680 [main] INFO  resources.base - User Have Successfully reached the printer search listing page
02:53:37.730 [main] INFO  resources.base - Search result data is Appearing on the Search Result Page
02:53:51.002 [main] INFO  resources.base - User Have Successfully reached the PDP Page
02:54:21.365 [main] INFO  resources.base - User has clicked the Logo from the footer of the page
02:54:21.374 [main] INFO  resources.base - User Have reached the Home Page clicking on the footer Logo
02:54:24.112 [main] INFO  resources.base - User has clicked on the My Profile page from My Account dropdown
02:54:24.131 [main] INFO  resources.base - User has clicked on the My Profile page from My Account dropdown
02:54:27.050 [main] INFO  resources.base - User has clicked on the My Profile page from My Account dropdown
02:54:29.187 [main] INFO  resources.base - User has clicked the Logo from the header of the page
02:54:29.193 [main] INFO  resources.base - User Have reached the Home Page clicking on the Header Logo
02:54:34.463 [main] INFO  resources.base - User has clicked on the Standard Catalog Navigation button from header
02:54:34.470 [main] INFO  resources.base - User Have reached the Standard Catalog Page
02:54:50.005 [main] INFO  resources.base - User has clicked on the 1st Standard Product appearing and reached the PDP Page
02:54:56.540 [main] INFO  resources.base - User has clicked on the All Product Nevigation button from the header
02:54:56.549 [main] INFO  resources.base - User Have reached the All Product Page
02:55:01.406 [main] INFO  resources.base - User has clicked on Audio Cables Category From All Products Page
02:55:01.430 [main] INFO  resources.base - User Have reached the Audio Cables Category Page
02:55:30.203 [main] INFO  resources.base - User has clicked on Resouces link from the header
02:55:30.230 [main] INFO  resources.base - User Have reached the Resources Page
02:55:35.668 [main] INFO  resources.base - User has clicked on Special Offer Link from the header
02:55:35.680 [main] INFO  resources.base - User Have reached the Special Offer Page
02:55:44.479 [main] INFO  resources.base - User has clicked on Cart Icon from the header
02:55:44.486 [main] INFO  resources.base - User Have reached the Shopping Cart Page
02:56:45.181 [main] INFO  resources.base - element not visible
  (Session info: chrome=71.0.3578.98)
  (Driver info: chromedriver=2.36.540470 (e522d04694c7ebea4ba8821272dbef4f9b818c91),platform=Windows NT 10.0.17134 x86_64) (WARNING: The server did not provide any stacktrace information)
Command duration or timeout: 0 milliseconds
Build info: version: '3.8.1', revision: '6e95a6684b', time: '2017-12-01T18:33:54.468Z'
System info: host: 'DESKTOP-B75F35K', ip: '192.168.14.216', os.name: 'Windows 10', os.arch: 'amd64', os.version: '10.0', java.version: '1.8.0_171'
Driver info: org.openqa.selenium.chrome.ChromeDriver
Capabilities {acceptInsecureCerts: false, acceptSslCerts: false, applicationCacheEnabled: false, browserConnectionEnabled: false, browserName: chrome, chrome: {chromedriverVersion: 2.36.540470 (e522d04694c7eb..., userDataDir: C:\Users\bilaw\AppData\Loca...}, cssSelectorsEnabled: true, databaseEnabled: false, handlesAlerts: true, hasTouchScreen: false, javascriptEnabled: true, locationContextEnabled: true, mobileEmulationEnabled: false, nativeEvents: true, networkConnectionEnabled: false, pageLoadStrategy: normal, platform: XP, platformName: XP, rotatable: false, setWindowRect: true, takesHeapSnapshot: true, takesScreenshot: true, unexpectedAlertBehaviour: , unhandledPromptBehavior: , version: 71.0.3578.98, webStorageEnabled: true}
Session ID: a30a01a99782aa0c7069489349a80aa8
02:56:50.213 [main] INFO  resources.base - User Have reached the order confirmation page after placing the order
02:33:54.510 [main] INFO  resources.base - User has clicked the Logo from the header of the page
02:34:04.588 [main] INFO  resources.base - User Have reached the Home Page clicking on the Header Logo
02:34:10.577 [main] INFO  resources.base - User has clicked the Logo from the footer of the page
02:34:10.585 [main] INFO  resources.base - User Have reached the Home Page clicking on the footer Logo
02:34:16.247 [main] INFO  resources.base - User has clicked on the Standard Catalog Link from the footer of the page
02:34:26.276 [main] INFO  resources.base - User Have reached the Standard Product page after clicking on the Standard Catalog Link from the footer of the page
02:34:29.846 [main] INFO  resources.base - User has clicked on the All product Link from the footer of the page
02:34:39.863 [main] INFO  resources.base - User Have reached the All Product page after clicking on the Standard Catalog Link from the footer of the page
02:34:51.546 [main] INFO  resources.base - User has clicked on the resources  Link from the footer of the page
02:35:06.575 [main] INFO  resources.base - User Have reached the resources page after clicking on the resources Link from the footer of the page
02:35:13.535 [main] INFO  resources.base - User has clicked on the Special offer Link from the footer of the page
02:35:23.606 [main] INFO  resources.base - User Have reached the Special offer after clicking on the Special offer Link from the footer of the page
02:35:26.868 [main] INFO  resources.base - User has clicked on the Special offer Link from the footer of the page
02:35:36.937 [main] INFO  resources.base - User Have reached the Favorites after clicking on the Favorites Link from the footer of the page
02:35:51.428 [main] INFO  resources.base - User has clicked on the Track button from the header of the page
02:35:51.444 [main] INFO  resources.base - User have reached the Track page after clicking on the Track button from the header of the page
02:35:55.374 [main] INFO  resources.base - User has clicked on the order button from the header of the page
02:36:05.437 [main] INFO  resources.base - User have reached the Order page after clicking on the Order button from the header of the page
02:36:29.300 [main] INFO  resources.base - User has clicked on the Purchase Analysis button from the header of the page
02:36:29.344 [main] INFO  resources.base - User have reached the Purchase Analysis page after clicking on the Purchase Analysis button from the header of the page
02:36:29.479 [main] INFO  resources.base - User have clicked on email icon on purchase analysis Page
02:36:29.871 [main] INFO  resources.base - User have entered the email on email field at purchase analysis Page
02:36:30.160 [main] INFO  resources.base - User have click on Send button at email popup screen at purchase analysis Page
02:36:38.021 [main] INFO  resources.base - User has clicked on the Calendar button from the header of the page
02:36:38.032 [main] INFO  resources.base - User have reached the  Calendar page after clicking on the Calendar button from the header of the page
02:36:56.279 [main] INFO  resources.base - User have reached the expiration report after clicking on the report button from the Calendar page from monthly view tab
02:37:12.242 [main] INFO  resources.base - User have reached the expiration report after clicking on the report button from the Calendar page from Detail view tab
02:37:18.924 [main] INFO  resources.base - User has clicked on the Saved Report icon from the header of the page
02:37:18.939 [main] INFO  resources.base - User have reached the  Saved Report page after clicking on the Saved Report icon from the header of the page
02:37:20.809 [main] INFO  resources.base - user is searching printer using the search textbox
02:37:50.040 [main] INFO  resources.base - User Have Successfully reached the Compare page
02:53:14.472 [main] ERROR resources.base - User not able to login because the login screen's element has issues
02:53:14.472 [main] ERROR resources.base - no such window: target window already closed
from unknown error: web view not found
  (Session info: chrome=71.0.3578.98)
  (Driver info: chromedriver=2.36.540470 (e522d04694c7ebea4ba8821272dbef4f9b818c91),platform=Windows NT 10.0.17134 x86_64) (WARNING: The server did not provide any stacktrace information)
Command duration or timeout: 0 milliseconds
Build info: version: '3.8.1', revision: '6e95a6684b', time: '2017-12-01T18:33:54.468Z'
System info: host: 'DESKTOP-B75F35K', ip: '192.168.14.216', os.name: 'Windows 10', os.arch: 'amd64', os.version: '10.0', java.version: '1.8.0_171'
Driver info: org.openqa.selenium.chrome.ChromeDriver
Capabilities {acceptInsecureCerts: false, acceptSslCerts: false, applicationCacheEnabled: false, browserConnectionEnabled: false, browserName: chrome, chrome: {chromedriverVersion: 2.36.540470 (e522d04694c7eb..., userDataDir: C:\Users\bilaw\AppData\Loca...}, cssSelectorsEnabled: true, databaseEnabled: false, handlesAlerts: true, hasTouchScreen: false, javascriptEnabled: true, locationContextEnabled: true, mobileEmulationEnabled: false, nativeEvents: true, networkConnectionEnabled: false, pageLoadStrategy: normal, platform: XP, platformName: XP, rotatable: false, setWindowRect: true, takesHeapSnapshot: true, takesScreenshot: true, unexpectedAlertBehaviour: , unhandledPromptBehavior: , version: 71.0.3578.98, webStorageEnabled: true}
Session ID: 593f1e481a8b35c7d0d1ac54682a6d75
*** Element info: {Using=name, value=username}
02:55:27.650 [main] INFO  resources.base - User Have Successfully Login To The Home Page
02:55:35.392 [main] INFO  resources.base - User Have Successfully reached the favorites Page
02:56:00.334 [main] INFO  resources.base - user is searching printer using the search textbox
02:56:00.345 [main] INFO  resources.base - User Have Successfully reached the printer search listing page
02:56:00.444 [main] INFO  resources.base - Search result data is Appearing on the Search Result Page
02:56:14.262 [main] INFO  resources.base - User Have Successfully reached the PDP Page
02:56:52.942 [main] INFO  resources.base - Recently Viewed Page is Opened
02:56:57.875 [main] INFO  resources.base - User has clicked the Logo from the footer of the page
02:56:57.991 [main] INFO  resources.base - User Have reached the Home Page clicking on the footer Logo
02:57:03.221 [main] INFO  resources.base - User has clicked on the My Profile page from My Account dropdown
02:57:03.247 [main] INFO  resources.base - User has clicked on the My Profile page from My Account dropdown
02:57:08.135 [main] INFO  resources.base - User has clicked on the My Profile page from My Account dropdown
02:57:11.831 [main] INFO  resources.base - User has clicked the Logo from the header of the page
02:57:11.850 [main] INFO  resources.base - User Have reached the Home Page clicking on the Header Logo
02:57:19.920 [main] INFO  resources.base - User has clicked on the Standard Catalog Navigation button from header
02:57:19.941 [main] INFO  resources.base - User Have reached the Standard Catalog Page
02:57:38.157 [main] INFO  resources.base - User has clicked on the 1st Standard Product appearing and reached the PDP Page
02:57:50.104 [main] INFO  resources.base - User has clicked on the All Product Nevigation button from the header
02:57:50.118 [main] INFO  resources.base - User Have reached the All Product Page
02:57:57.784 [main] INFO  resources.base - User has clicked on Audio Cables Category From All Products Page
02:57:57.805 [main] INFO  resources.base - User Have reached the Audio Cables Category Page
02:58:28.678 [main] INFO  resources.base - User has clicked on Resouces link from the header
02:58:28.688 [main] INFO  resources.base - User Have reached the Resources Page
02:58:28.850 [main] INFO  resources.base - User has clicked on Special Offer Link from the header
02:58:33.532 [main] INFO  resources.base - User Have reached the Special Offer Page
02:58:39.328 [main] INFO  resources.base - User has clicked on Cart Icon from the header
02:58:39.876 [main] INFO  resources.base - User Have reached the Shopping Cart Page
02:59:43.237 [main] INFO  resources.base - element not visible
  (Session info: chrome=71.0.3578.98)
  (Driver info: chromedriver=2.36.540470 (e522d04694c7ebea4ba8821272dbef4f9b818c91),platform=Windows NT 10.0.17134 x86_64) (WARNING: The server did not provide any stacktrace information)
Command duration or timeout: 0 milliseconds
Build info: version: '3.8.1', revision: '6e95a6684b', time: '2017-12-01T18:33:54.468Z'
System info: host: 'DESKTOP-B75F35K', ip: '192.168.14.216', os.name: 'Windows 10', os.arch: 'amd64', os.version: '10.0', java.version: '1.8.0_171'
Driver info: org.openqa.selenium.chrome.ChromeDriver
Capabilities {acceptInsecureCerts: false, acceptSslCerts: false, applicationCacheEnabled: false, browserConnectionEnabled: false, browserName: chrome, chrome: {chromedriverVersion: 2.36.540470 (e522d04694c7eb..., userDataDir: C:\Users\bilaw\AppData\Loca...}, cssSelectorsEnabled: true, databaseEnabled: false, handlesAlerts: true, hasTouchScreen: false, javascriptEnabled: true, locationContextEnabled: true, mobileEmulationEnabled: false, nativeEvents: true, networkConnectionEnabled: false, pageLoadStrategy: normal, platform: XP, platformName: XP, rotatable: false, setWindowRect: true, takesHeapSnapshot: true, takesScreenshot: true, unexpectedAlertBehaviour: , unhandledPromptBehavior: , version: 71.0.3578.98, webStorageEnabled: true}
Session ID: 89b20f30c3d7216409025164bc999264
02:59:48.286 [main] INFO  resources.base - User Have reached the order confirmation page after placing the order
03:01:41.870 [main] INFO  resources.base - User has clicked the Logo from the header of the page
03:01:51.950 [main] INFO  resources.base - User Have reached the Home Page clicking on the Header Logo
03:01:57.967 [main] INFO  resources.base - User has clicked the Logo from the footer of the page
03:01:58.048 [main] INFO  resources.base - User Have reached the Home Page clicking on the footer Logo
03:02:11.460 [main] INFO  resources.base - User has clicked on the Standard Catalog Link from the footer of the page
03:02:21.494 [main] INFO  resources.base - User Have reached the Standard Product page after clicking on the Standard Catalog Link from the footer of the page
18:25:33.011 [main] INFO  resources.base - User Have Successfully Login To The Home Page
18:25:44.392 [main] INFO  resources.base - User Have Successfully reached the favorites Page
18:26:18.328 [main] INFO  resources.base - user is searching printer using the search textbox
18:26:18.338 [main] INFO  resources.base - User Have Successfully reached the printer search listing page
18:26:18.409 [main] INFO  resources.base - Search result data is Appearing on the Search Result Page
18:26:40.298 [main] INFO  resources.base - User Have Successfully reached the PDP Page
18:27:19.146 [main] INFO  resources.base - Recently Viewed Page is Opened
18:27:25.425 [main] INFO  resources.base - User has clicked the Logo from the footer of the page
18:27:25.451 [main] INFO  resources.base - User Have reached the Home Page clicking on the footer Logo
18:27:32.679 [main] INFO  resources.base - User has clicked on the My Profile page from My Account dropdown
18:27:32.706 [main] INFO  resources.base - User has clicked on the My Profile page from My Account dropdown
18:27:40.469 [main] INFO  resources.base - User has clicked on the My Profile page from My Account dropdown
18:27:45.151 [main] INFO  resources.base - User has clicked the Logo from the header of the page
18:27:45.159 [main] INFO  resources.base - User Have reached the Home Page clicking on the Header Logo
18:27:57.143 [main] INFO  resources.base - User has clicked on the Standard Catalog Navigation button from header
18:27:57.154 [main] INFO  resources.base - User Have reached the Standard Catalog Page
18:28:15.588 [main] INFO  resources.base - User has clicked on the 1st Standard Product appearing and reached the PDP Page
18:28:25.971 [main] INFO  resources.base - User has clicked on the All Product Nevigation button from the header
18:28:25.978 [main] INFO  resources.base - User Have reached the All Product Page
18:28:37.602 [main] INFO  resources.base - User has clicked on Audio Cables Category From All Products Page
18:28:37.614 [main] INFO  resources.base - User Have reached the Audio Cables Category Page
18:29:08.479 [main] INFO  resources.base - User has clicked on Resouces link from the header
18:29:08.496 [main] INFO  resources.base - User Have reached the Resources Page
18:29:08.677 [main] INFO  resources.base - User has clicked on Special Offer Link from the header
18:29:13.383 [main] INFO  resources.base - User Have reached the Special Offer Page
18:29:19.684 [main] INFO  resources.base - User has clicked on Cart Icon from the header
18:29:20.786 [main] INFO  resources.base - User Have reached the Shopping Cart Page
18:30:28.381 [main] INFO  resources.base - element not visible
  (Session info: chrome=71.0.3578.98)
  (Driver info: chromedriver=2.36.540470 (e522d04694c7ebea4ba8821272dbef4f9b818c91),platform=Windows NT 10.0.17134 x86_64) (WARNING: The server did not provide any stacktrace information)
Command duration or timeout: 0 milliseconds
Build info: version: '3.8.1', revision: '6e95a6684b', time: '2017-12-01T18:33:54.468Z'
System info: host: 'DESKTOP-B75F35K', ip: '192.168.14.216', os.name: 'Windows 10', os.arch: 'amd64', os.version: '10.0', java.version: '1.8.0_171'
Driver info: org.openqa.selenium.chrome.ChromeDriver
Capabilities {acceptInsecureCerts: false, acceptSslCerts: false, applicationCacheEnabled: false, browserConnectionEnabled: false, browserName: chrome, chrome: {chromedriverVersion: 2.36.540470 (e522d04694c7eb..., userDataDir: C:\Users\bilaw\AppData\Loca...}, cssSelectorsEnabled: true, databaseEnabled: false, handlesAlerts: true, hasTouchScreen: false, javascriptEnabled: true, locationContextEnabled: true, mobileEmulationEnabled: false, nativeEvents: true, networkConnectionEnabled: false, pageLoadStrategy: normal, platform: XP, platformName: XP, rotatable: false, setWindowRect: true, takesHeapSnapshot: true, takesScreenshot: true, unexpectedAlertBehaviour: , unhandledPromptBehavior: , version: 71.0.3578.98, webStorageEnabled: true}
Session ID: 9a8a8c653e77598f42a2416bd886377e
18:30:33.417 [main] INFO  resources.base - User Have reached the order confirmation page after placing the order
18:32:23.529 [main] INFO  resources.base - User has clicked the Logo from the header of the page
18:32:33.597 [main] INFO  resources.base - User Have reached the Home Page clicking on the Header Logo
18:32:38.935 [main] INFO  resources.base - User has clicked the Logo from the footer of the page
18:32:38.962 [main] INFO  resources.base - User Have reached the Home Page clicking on the footer Logo
18:32:46.163 [main] INFO  resources.base - User has clicked on the Standard Catalog Link from the footer of the page
18:32:56.200 [main] INFO  resources.base - User Have reached the Standard Product page after clicking on the Standard Catalog Link from the footer of the page
18:33:03.129 [main] INFO  resources.base - User has clicked on the All product Link from the footer of the page
18:33:13.145 [main] INFO  resources.base - User Have reached the All Product page after clicking on the Standard Catalog Link from the footer of the page
18:33:23.219 [main] INFO  resources.base - User has clicked on the resources  Link from the footer of the page
18:33:38.240 [main] INFO  resources.base - User Have reached the resources page after clicking on the resources Link from the footer of the page
18:33:50.268 [main] INFO  resources.base - User has clicked on the Special offer Link from the footer of the page
18:34:00.348 [main] INFO  resources.base - User Have reached the Special offer after clicking on the Special offer Link from the footer of the page
18:34:04.237 [main] INFO  resources.base - User has clicked on the Special offer Link from the footer of the page
18:34:14.327 [main] INFO  resources.base - User Have reached the Favorites after clicking on the Favorites Link from the footer of the page
18:34:28.457 [main] INFO  resources.base - User has clicked on the Track button from the header of the page
18:34:28.484 [main] INFO  resources.base - User have reached the Track page after clicking on the Track button from the header of the page
18:34:34.884 [main] INFO  resources.base - User has clicked on the order button from the header of the page
18:34:44.968 [main] INFO  resources.base - User have reached the Order page after clicking on the Order button from the header of the page
18:39:50.354 [main] INFO  resources.base - User have clicked on email icon on purchase analysis Page
18:39:50.573 [main] INFO  resources.base - User have entered the email on email field at purchase analysis Page
18:39:50.706 [main] INFO  resources.base - User have click on Send button at email popup screen at purchase analysis Page
18:40:01.601 [main] INFO  resources.base - User has clicked on the Calendar button from the header of the page
18:40:01.633 [main] INFO  resources.base - User have reached the  Calendar page after clicking on the Calendar button from the header of the page
18:40:24.837 [main] INFO  resources.base - User have reached the expiration report after clicking on the report button from the Calendar page from monthly view tab
18:40:46.757 [main] INFO  resources.base - User have reached the expiration report after clicking on the report button from the Calendar page from Detail view tab
18:40:55.243 [main] INFO  resources.base - User has clicked on the Saved Report icon from the header of the page
18:40:55.250 [main] INFO  resources.base - User have reached the  Saved Report page after clicking on the Saved Report icon from the header of the page
18:40:59.696 [main] INFO  resources.base - user is searching printer using the search textbox
00:00:23.841 [main] INFO  resources.base - User Have Successfully Login To The Home Page
00:00:30.669 [main] INFO  resources.base - User Have Successfully reached the favorites Page
00:00:52.888 [main] INFO  resources.base - user is searching printer using the search textbox
00:00:52.948 [main] INFO  resources.base - User Have Successfully reached the printer search listing page
00:00:53.044 [main] INFO  resources.base - Search result data is Appearing on the Search Result Page
00:01:08.143 [main] INFO  resources.base - User Have Successfully reached the PDP Page
00:01:44.180 [main] INFO  resources.base - Recently Viewed Page is Opened
