03:24:01.882 [main] INFO  resources.base - User Have reached the Favorites after clicking on the Favorites Link from the footer of the page
03:24:37.476 [main] INFO  resources.base - User has clicked on the Track button from the header of the page
03:24:37.513 [main] INFO  resources.base - User have reached the Track page after clicking on the Track button from the header of the page
03:25:08.820 [main] INFO  resources.base - User has clicked on the order button from the header of the page
03:25:18.898 [main] INFO  resources.base - User have reached the Order page after clicking on the Order button from the header of the page
03:25:49.735 [main] INFO  resources.base - User has clicked on the Purchase Analysis button from the header of the page
03:25:49.774 [main] INFO  resources.base - User have reached the Purchase Analysis page after clicking on the Purchase Analysis button from the header of the page
03:25:49.925 [main] INFO  resources.base - User have clicked on email icon on purchase analysis Page
03:25:50.177 [main] INFO  resources.base - User have entered the email on email field at purchase analysis Page
03:25:50.454 [main] INFO  resources.base - User have click on Send button at email popup screen at purchase analysis Page
03:26:01.545 [main] INFO  resources.base - User has clicked on the Calendar button from the header of the page
03:26:01.578 [main] INFO  resources.base - User have reached the  Calendar page after clicking on the Calendar button from the header of the page
03:28:04.003 [main] INFO  resources.base - User have reached the expiration report after clicking on the report button from the Calendar page from monthly view tab
03:28:23.747 [main] INFO  resources.base - User have reached the expiration report after clicking on the report button from the Calendar page from Detail view tab
03:28:39.119 [main] INFO  resources.base - User has clicked on the Saved Report icon from the header of the page
03:28:39.126 [main] INFO  resources.base - User have reached the  Saved Report page after clicking on the Saved Report icon from the header of the page
03:28:42.300 [main] INFO  resources.base - user is searching printer using the search textbox
03:23:44.290 [main] INFO  resources.base - User Have Successfully Login To The Home Page
03:23:51.266 [main] INFO  resources.base - User Have Successfully reached the favorites Page
03:24:07.488 [main] INFO  resources.base - user is searching printer using the search textbox
03:24:07.500 [main] INFO  resources.base - User Have Successfully reached the printer search listing page
03:24:07.569 [main] INFO  resources.base - Search result data is Appearing on the Search Result Page
03:24:23.752 [main] INFO  resources.base - User Have Successfully reached the PDP Page
03:32:09.764 [main] INFO  resources.base - User Have Successfully Login To The Home Page
03:32:24.153 [main] INFO  resources.base - User Have Successfully reached the favorites Page
03:32:44.715 [main] INFO  resources.base - user is searching printer using the search textbox
03:32:44.726 [main] INFO  resources.base - User Have Successfully reached the printer search listing page
03:32:44.784 [main] INFO  resources.base - Search result data is Appearing on the Search Result Page
03:33:04.184 [main] INFO  resources.base - User Have Successfully reached the PDP Page
03:33:41.298 [main] INFO  resources.base - Recently Viewed Page is Opened
03:33:46.569 [main] INFO  resources.base - User has clicked the Logo from the footer of the page
03:33:46.581 [main] INFO  resources.base - User Have reached the Home Page clicking on the footer Logo
03:33:54.263 [main] INFO  resources.base - User has clicked on the My Profile page from My Account dropdown
03:33:54.292 [main] INFO  resources.base - User has clicked on the My Profile page from My Account dropdown
03:33:59.438 [main] INFO  resources.base - User has clicked on the My Profile page from My Account dropdown
03:34:05.944 [main] INFO  resources.base - User has clicked the Logo from the header of the page
03:34:05.952 [main] INFO  resources.base - User Have reached the Home Page clicking on the Header Logo
03:34:12.180 [main] INFO  resources.base - User has clicked on the Standard Catalog Navigation button from header
03:34:12.208 [main] INFO  resources.base - User Have reached the Standard Catalog Page
03:34:30.015 [main] INFO  resources.base - User has clicked on the 1st Standard Product appearing and reached the PDP Page
03:34:44.625 [main] INFO  resources.base - User has clicked on the All Product Nevigation button from the header
03:34:44.634 [main] INFO  resources.base - User Have reached the All Product Page
03:34:48.709 [main] INFO  resources.base - User has clicked on Audio Cables Category From All Products Page
03:34:48.721 [main] INFO  resources.base - User Have reached the Audio Cables Category Page
03:35:32.474 [main] INFO  resources.base - User has clicked on Resouces link from the header
03:35:32.486 [main] INFO  resources.base - User Have reached the Resources Page
03:35:39.945 [main] INFO  resources.base - User has clicked on Special Offer Link from the header
03:35:39.964 [main] INFO  resources.base - User Have reached the Special Offer Page
03:35:48.579 [main] INFO  resources.base - User has clicked on Cart Icon from the header
03:35:48.592 [main] INFO  resources.base - User Have reached the Shopping Cart Page
03:36:44.201 [main] INFO  resources.base - User has clicked the Logo from the header of the page
03:36:54.214 [main] INFO  resources.base - User Have reached the Home Page clicking on the Header Logo
03:36:56.596 [main] INFO  resources.base - User has clicked the Logo from the footer of the page
03:36:56.614 [main] INFO  resources.base - User Have reached the Home Page clicking on the footer Logo
03:37:00.514 [main] INFO  resources.base - User has clicked on the Standard Catalog Link from the footer of the page
03:37:10.541 [main] INFO  resources.base - User Have reached the Standard Product page after clicking on the Standard Catalog Link from the footer of the page
03:37:11.912 [main] INFO  resources.base - User has clicked on the All product Link from the footer of the page
03:37:21.954 [main] INFO  resources.base - User Have reached the All Product page after clicking on the Standard Catalog Link from the footer of the page
03:37:28.903 [main] INFO  resources.base - User has clicked on the resources  Link from the footer of the page
03:37:43.913 [main] INFO  resources.base - User Have reached the resources page after clicking on the resources Link from the footer of the page
03:37:44.156 [main] INFO  resources.base - User has clicked on the Special offer Link from the footer of the page
03:37:54.188 [main] INFO  resources.base - User Have reached the Special offer after clicking on the Special offer Link from the footer of the page
03:37:57.038 [main] INFO  resources.base - User has clicked on the Special offer Link from the footer of the page
03:38:07.114 [main] INFO  resources.base - User Have reached the Favorites after clicking on the Favorites Link from the footer of the page
03:38:26.631 [main] INFO  resources.base - User has clicked on the Track button from the header of the page
03:38:26.644 [main] INFO  resources.base - User have reached the Track page after clicking on the Track button from the header of the page
03:38:37.051 [main] INFO  resources.base - User has clicked on the order button from the header of the page
03:38:47.105 [main] INFO  resources.base - User have reached the Order page after clicking on the Order button from the header of the page
03:38:58.911 [main] INFO  resources.base - User has clicked on the Purchase Analysis button from the header of the page
03:38:59.140 [main] INFO  resources.base - User have reached the Purchase Analysis page after clicking on the Purchase Analysis button from the header of the page
03:38:59.303 [main] INFO  resources.base - User have clicked on email icon on purchase analysis Page
03:38:59.603 [main] INFO  resources.base - User have entered the email on email field at purchase analysis Page
03:38:59.924 [main] INFO  resources.base - User have click on Send button at email popup screen at purchase analysis Page
03:39:04.368 [main] INFO  resources.base - User has clicked on the Calendar button from the header of the page
03:39:04.393 [main] INFO  resources.base - User have reached the  Calendar page after clicking on the Calendar button from the header of the page
03:39:43.293 [main] INFO  resources.base - User have reached the expiration report after clicking on the report button from the Calendar page from monthly view tab
03:40:00.119 [main] INFO  resources.base - User have reached the expiration report after clicking on the report button from the Calendar page from Detail view tab
03:40:07.755 [main] INFO  resources.base - User has clicked on the Saved Report icon from the header of the page
03:40:07.760 [main] INFO  resources.base - User have reached the  Saved Report page after clicking on the Saved Report icon from the header of the page
03:40:10.572 [main] INFO  resources.base - user is searching printer using the search textbox
05:45:40.409 [main] INFO  resources.base - User Have Successfully Login To The Home Page
05:45:50.631 [main] INFO  resources.base - User Have Successfully reached the favorites Page
05:46:11.009 [main] INFO  resources.base - user is searching printer using the search textbox
05:46:11.045 [main] INFO  resources.base - User Have Successfully reached the printer search listing page
05:46:11.111 [main] INFO  resources.base - Search result data is Appearing on the Search Result Page
05:46:27.111 [main] INFO  resources.base - User Have Successfully reached the PDP Page
05:47:03.540 [main] INFO  resources.base - Recently Viewed Page is Opened
05:47:07.312 [main] INFO  resources.base - User has clicked the Logo from the footer of the page
05:47:07.327 [main] INFO  resources.base - User Have reached the Home Page clicking on the footer Logo
05:47:10.471 [main] INFO  resources.base - User has clicked on the My Profile page from My Account dropdown
05:47:10.509 [main] INFO  resources.base - User has clicked on the My Profile page from My Account dropdown
05:47:14.082 [main] INFO  resources.base - User has clicked on the My Profile page from My Account dropdown
05:47:17.460 [main] INFO  resources.base - User has clicked the Logo from the header of the page
05:47:17.509 [main] INFO  resources.base - User Have reached the Home Page clicking on the Header Logo
05:47:26.219 [main] INFO  resources.base - User has clicked on the Standard Catalog Navigation button from header
05:47:26.253 [main] INFO  resources.base - User Have reached the Standard Catalog Page
05:47:41.744 [main] INFO  resources.base - User has clicked on the 1st Standard Product appearing and reached the PDP Page
05:47:48.591 [main] INFO  resources.base - User has clicked on the All Product Nevigation button from the header
05:47:48.602 [main] INFO  resources.base - User Have reached the All Product Page
05:47:53.482 [main] INFO  resources.base - User has clicked on Audio Cables Category From All Products Page
05:47:53.513 [main] INFO  resources.base - User Have reached the Audio Cables Category Page
05:48:40.238 [main] INFO  resources.base - User has clicked on Resouces link from the header
05:48:40.247 [main] INFO  resources.base - User Have reached the Resources Page
05:48:49.897 [main] INFO  resources.base - User has clicked on Special Offer Link from the header
05:48:49.908 [main] INFO  resources.base - User Have reached the Special Offer Page
05:48:59.337 [main] INFO  resources.base - User has clicked on Cart Icon from the header
05:48:59.345 [main] INFO  resources.base - User Have reached the Shopping Cart Page
05:49:57.563 [main] INFO  resources.base - User has clicked the Logo from the header of the page
05:50:07.584 [main] INFO  resources.base - User Have reached the Home Page clicking on the Header Logo
05:50:10.068 [main] INFO  resources.base - User has clicked the Logo from the footer of the page
05:50:10.097 [main] INFO  resources.base - User Have reached the Home Page clicking on the footer Logo
05:50:14.276 [main] INFO  resources.base - User has clicked on the Standard Catalog Link from the footer of the page
05:50:24.290 [main] INFO  resources.base - User Have reached the Standard Product page after clicking on the Standard Catalog Link from the footer of the page
05:50:26.289 [main] INFO  resources.base - User has clicked on the All product Link from the footer of the page
05:50:36.299 [main] INFO  resources.base - User Have reached the All Product page after clicking on the Standard Catalog Link from the footer of the page
05:50:44.714 [main] INFO  resources.base - User has clicked on the resources  Link from the footer of the page
05:50:59.721 [main] INFO  resources.base - User Have reached the resources page after clicking on the resources Link from the footer of the page
05:51:07.054 [main] INFO  resources.base - User has clicked on the Special offer Link from the footer of the page
05:51:17.071 [main] INFO  resources.base - User Have reached the Special offer after clicking on the Special offer Link from the footer of the page
05:51:19.393 [main] INFO  resources.base - User has clicked on the Special offer Link from the footer of the page
05:51:29.423 [main] INFO  resources.base - User Have reached the Favorites after clicking on the Favorites Link from the footer of the page
05:51:57.186 [main] INFO  resources.base - User has clicked on the Track button from the header of the page
05:51:57.211 [main] INFO  resources.base - User have reached the Track page after clicking on the Track button from the header of the page
05:52:01.707 [main] INFO  resources.base - User has clicked on the order button from the header of the page
05:52:11.716 [main] INFO  resources.base - User have reached the Order page after clicking on the Order button from the header of the page
05:52:41.111 [main] INFO  resources.base - User has clicked on the Purchase Analysis button from the header of the page
05:52:41.443 [main] INFO  resources.base - User have reached the Purchase Analysis page after clicking on the Purchase Analysis button from the header of the page
05:52:41.614 [main] INFO  resources.base - User have clicked on email icon on purchase analysis Page
05:52:41.846 [main] INFO  resources.base - User have entered the email on email field at purchase analysis Page
05:52:42.132 [main] INFO  resources.base - User have click on Send button at email popup screen at purchase analysis Page
05:52:48.528 [main] INFO  resources.base - User has clicked on the Calendar button from the header of the page
05:52:48.581 [main] INFO  resources.base - User have reached the  Calendar page after clicking on the Calendar button from the header of the page
05:53:42.627 [main] INFO  resources.base - User have reached the expiration report after clicking on the report button from the Calendar page from monthly view tab
05:54:02.099 [main] INFO  resources.base - User have reached the expiration report after clicking on the report button from the Calendar page from Detail view tab
05:54:12.411 [main] INFO  resources.base - User has clicked on the Saved Report icon from the header of the page
05:54:12.419 [main] INFO  resources.base - User have reached the  Saved Report page after clicking on the Saved Report icon from the header of the page
05:54:15.926 [main] INFO  resources.base - user is searching printer using the search textbox
14:27:06.266 [main] INFO  resources.base - User Have Successfully Login To The Home Page
14:27:10.399 [main] INFO  resources.base - User Have Successfully reached the favorites Page
14:27:28.631 [main] INFO  resources.base - user is searching printer using the search textbox
14:27:28.650 [main] INFO  resources.base - User Have Successfully reached the printer search listing page
14:27:28.716 [main] INFO  resources.base - Search result data is Appearing on the Search Result Page
14:27:38.344 [main] INFO  resources.base - User Have Successfully reached the PDP Page
14:28:12.803 [main] INFO  resources.base - User has clicked the Logo from the footer of the page
14:28:12.894 [main] INFO  resources.base - User Have reached the Home Page clicking on the footer Logo
14:28:16.009 [main] INFO  resources.base - User has clicked on the My Profile page from My Account dropdown
14:28:16.033 [main] INFO  resources.base - User has clicked on the My Profile page from My Account dropdown
14:28:18.724 [main] INFO  resources.base - User has clicked on the My Profile page from My Account dropdown
14:28:21.450 [main] INFO  resources.base - User has clicked the Logo from the header of the page
14:28:21.459 [main] INFO  resources.base - User Have reached the Home Page clicking on the Header Logo
14:28:26.667 [main] INFO  resources.base - User has clicked on the Standard Catalog Navigation button from header
14:28:26.690 [main] INFO  resources.base - User Have reached the Standard Catalog Page
14:28:42.578 [main] INFO  resources.base - User has clicked on the 1st Standard Product appearing and reached the PDP Page
14:28:49.044 [main] INFO  resources.base - User has clicked on the All Product Nevigation button from the header
14:28:49.065 [main] INFO  resources.base - User Have reached the All Product Page
14:28:53.973 [main] INFO  resources.base - User has clicked on Audio Cables Category From All Products Page
14:28:53.981 [main] INFO  resources.base - User Have reached the Audio Cables Category Page
14:29:05.314 [main] INFO  resources.base - User has clicked on Resouces link from the header
14:29:05.344 [main] INFO  resources.base - User Have reached the Resources Page
14:29:05.459 [main] INFO  resources.base - User has clicked on Special Offer Link from the header
14:29:05.474 [main] ERROR resources.base - User have not reached the Special Offer Page after clicking Special Offer link from the header
14:29:05.476 [main] ERROR resources.base - expected [Special Offers - MarkITplace] but found [Resources - MarkITplace]
14:29:15.036 [main] INFO  resources.base - User has clicked on Cart Icon from the header
14:29:15.052 [main] INFO  resources.base - User Have reached the Shopping Cart Page
14:30:06.002 [main] INFO  resources.base - User has clicked the Logo from the header of the page
14:30:16.017 [main] INFO  resources.base - User Have reached the Home Page clicking on the Header Logo
14:30:18.202 [main] INFO  resources.base - User has clicked the Logo from the footer of the page
14:30:18.215 [main] INFO  resources.base - User Have reached the Home Page clicking on the footer Logo
14:30:23.190 [main] INFO  resources.base - User has clicked on the Standard Catalog Link from the footer of the page
14:30:33.200 [main] INFO  resources.base - User Have reached the Standard Product page after clicking on the Standard Catalog Link from the footer of the page
14:30:34.499 [main] INFO  resources.base - User has clicked on the All product Link from the footer of the page
14:30:44.523 [main] INFO  resources.base - User Have reached the All Product page after clicking on the Standard Catalog Link from the footer of the page
14:30:51.056 [main] INFO  resources.base - User has clicked on the resources  Link from the footer of the page
14:31:06.099 [main] INFO  resources.base - User Have reached the resources page after clicking on the resources Link from the footer of the page
14:31:15.375 [main] INFO  resources.base - User has clicked on the Special offer Link from the footer of the page
14:31:25.427 [main] INFO  resources.base - User Have reached the Special offer after clicking on the Special offer Link from the footer of the page
14:31:27.329 [main] INFO  resources.base - User has clicked on the Special offer Link from the footer of the page
14:31:37.391 [main] INFO  resources.base - User Have reached the Favorites after clicking on the Favorites Link from the footer of the page
14:32:00.791 [main] INFO  resources.base - User has clicked on the Track button from the header of the page
14:32:00.812 [main] INFO  resources.base - User have reached the Track page after clicking on the Track button from the header of the page
14:32:03.321 [main] INFO  resources.base - User has clicked on the order button from the header of the page
14:32:13.330 [main] INFO  resources.base - User have reached the Order page after clicking on the Order button from the header of the page
14:32:26.636 [main] INFO  resources.base - User has clicked on the Purchase Analysis button from the header of the page
14:32:26.804 [main] INFO  resources.base - User have reached the Purchase Analysis page after clicking on the Purchase Analysis button from the header of the page
14:32:26.920 [main] INFO  resources.base - User have clicked on email icon on purchase analysis Page
14:32:27.267 [main] INFO  resources.base - User have entered the email on email field at purchase analysis Page
14:32:27.532 [main] INFO  resources.base - User have click on Send button at email popup screen at purchase analysis Page
14:32:34.320 [main] INFO  resources.base - User has clicked on the Calendar button from the header of the page
14:32:34.331 [main] INFO  resources.base - User have reached the  Calendar page after clicking on the Calendar button from the header of the page
14:32:46.511 [main] INFO  resources.base - User have reached the expiration report after clicking on the report button from the Calendar page from monthly view tab
14:33:04.090 [main] INFO  resources.base - User have reached the expiration report after clicking on the report button from the Calendar page from Detail view tab
14:33:09.366 [main] INFO  resources.base - User has clicked on the Saved Report icon from the header of the page
14:33:09.404 [main] INFO  resources.base - User have reached the  Saved Report page after clicking on the Saved Report icon from the header of the page
14:33:11.249 [main] INFO  resources.base - user is searching printer using the search textbox
16:08:10.045 [main] INFO  resources.base - User Have Successfully Login To The Home Page
16:08:24.205 [main] INFO  resources.base - User Have Successfully reached the favorites Page
16:08:50.645 [main] INFO  resources.base - user is searching printer using the search textbox
16:08:50.663 [main] INFO  resources.base - User Have Successfully reached the printer search listing page
16:08:50.728 [main] INFO  resources.base - Search result data is Appearing on the Search Result Page
16:09:14.641 [main] INFO  resources.base - User Have Successfully reached the PDP Page
16:09:50.732 [main] INFO  resources.base - User has clicked the Logo from the footer of the page
16:09:50.741 [main] INFO  resources.base - User Have reached the Home Page clicking on the footer Logo
16:09:53.586 [main] INFO  resources.base - User has clicked on the My Profile page from My Account dropdown
16:09:53.605 [main] INFO  resources.base - User has clicked on the My Profile page from My Account dropdown
16:09:59.436 [main] INFO  resources.base - User has clicked on the My Profile page from My Account dropdown
16:10:01.873 [main] INFO  resources.base - User has clicked the Logo from the header of the page
16:10:02.012 [main] INFO  resources.base - User Have reached the Home Page clicking on the Header Logo
16:10:08.443 [main] INFO  resources.base - User has clicked on the Standard Catalog Navigation button from header
16:10:08.479 [main] INFO  resources.base - User Have reached the Standard Catalog Page
16:10:24.647 [main] INFO  resources.base - User has clicked on the 1st Standard Product appearing and reached the PDP Page
16:10:35.199 [main] INFO  resources.base - User has clicked on the All Product Nevigation button from the header
16:10:35.210 [main] INFO  resources.base - User Have reached the All Product Page
16:10:43.448 [main] INFO  resources.base - User has clicked on Audio Cables Category From All Products Page
16:10:43.464 [main] INFO  resources.base - User Have reached the Audio Cables Category Page
16:12:00.113 [main] INFO  resources.base - User has clicked on Resouces link from the header
16:12:00.123 [main] INFO  resources.base - User Have reached the Resources Page
16:12:00.239 [main] INFO  resources.base - User has clicked on Special Offer Link from the header
16:12:00.249 [main] ERROR resources.base - User have not reached the Special Offer Page after clicking Special Offer link from the header
16:12:00.249 [main] ERROR resources.base - expected [Special Offers - MarkITplace] but found [Resources - MarkITplace]
16:12:14.939 [main] INFO  resources.base - User has clicked on Cart Icon from the header
16:12:14.954 [main] INFO  resources.base - User Have reached the Shopping Cart Page
16:12:52.793 [main] INFO  resources.base - User has clicked the Logo from the header of the page
16:13:02.807 [main] INFO  resources.base - User Have reached the Home Page clicking on the Header Logo
16:13:04.884 [main] INFO  resources.base - User has clicked the Logo from the footer of the page
16:13:04.891 [main] INFO  resources.base - User Have reached the Home Page clicking on the footer Logo
16:13:09.782 [main] INFO  resources.base - User has clicked on the Standard Catalog Link from the footer of the page
16:13:19.823 [main] INFO  resources.base - User Have reached the Standard Product page after clicking on the Standard Catalog Link from the footer of the page
16:13:23.401 [main] INFO  resources.base - User has clicked on the All product Link from the footer of the page
16:13:33.409 [main] INFO  resources.base - User Have reached the All Product page after clicking on the Standard Catalog Link from the footer of the page
16:13:42.217 [main] INFO  resources.base - User has clicked on the resources  Link from the footer of the page
16:13:57.247 [main] INFO  resources.base - User Have reached the resources page after clicking on the resources Link from the footer of the page
16:14:19.646 [main] INFO  resources.base - User has clicked on the Special offer Link from the footer of the page
16:14:29.656 [main] INFO  resources.base - User Have reached the Special offer after clicking on the Special offer Link from the footer of the page
16:14:33.062 [main] INFO  resources.base - User has clicked on the Special offer Link from the footer of the page
16:14:43.073 [main] INFO  resources.base - User Have reached the Favorites after clicking on the Favorites Link from the footer of the page
16:15:20.919 [main] INFO  resources.base - User has clicked on the Track button from the header of the page
16:15:20.931 [main] INFO  resources.base - User have reached the Track page after clicking on the Track button from the header of the page
16:15:40.004 [main] INFO  resources.base - User has clicked on the order button from the header of the page
16:15:50.017 [main] INFO  resources.base - User have reached the Order page after clicking on the Order button from the header of the page
16:16:17.936 [main] INFO  resources.base - User has clicked on the Purchase Analysis button from the header of the page
16:16:18.022 [main] INFO  resources.base - User have reached the Purchase Analysis page after clicking on the Purchase Analysis button from the header of the page
16:16:18.152 [main] INFO  resources.base - User have clicked on email icon on purchase analysis Page
16:16:18.405 [main] INFO  resources.base - User have entered the email on email field at purchase analysis Page
16:16:18.929 [main] INFO  resources.base - User have click on Send button at email popup screen at purchase analysis Page
16:17:02.624 [main] INFO  resources.base - User has clicked on the Calendar button from the header of the page
16:17:02.634 [main] INFO  resources.base - User have reached the  Calendar page after clicking on the Calendar button from the header of the page
16:18:45.012 [main] INFO  resources.base - User have reached the expiration report after clicking on the report button from the Calendar page from monthly view tab
16:19:09.141 [main] INFO  resources.base - User have reached the expiration report after clicking on the report button from the Calendar page from Detail view tab
16:19:52.710 [main] INFO  resources.base - User has clicked on the Saved Report icon from the header of the page
16:19:52.722 [main] INFO  resources.base - User have reached the  Saved Report page after clicking on the Saved Report icon from the header of the page
16:19:59.179 [main] INFO  resources.base - user is searching printer using the search textbox
12:25:03.949 [main] INFO  resources.base - User Have Successfully Login To The Home Page
12:25:11.035 [main] INFO  resources.base - User Have Successfully reached the favorites Page
12:25:27.460 [main] INFO  resources.base - user is searching printer using the search textbox
12:25:27.473 [main] INFO  resources.base - User Have Successfully reached the printer search listing page
12:25:27.527 [main] INFO  resources.base - Search result data is Appearing on the Search Result Page
12:25:37.578 [main] INFO  resources.base - User Have Successfully reached the PDP Page
12:26:10.429 [main] INFO  resources.base - Recently Viewed Page is Opened
12:26:12.739 [main] INFO  resources.base - User has clicked the Logo from the footer of the page
12:26:12.797 [main] INFO  resources.base - User Have reached the Home Page clicking on the footer Logo
12:26:15.305 [main] INFO  resources.base - User has clicked on the My Profile page from My Account dropdown
12:26:15.318 [main] INFO  resources.base - User has clicked on the My Profile page from My Account dropdown
12:26:17.813 [main] INFO  resources.base - User has clicked on the My Profile page from My Account dropdown
12:26:19.271 [main] INFO  resources.base - User has clicked the Logo from the header of the page
12:26:19.281 [main] INFO  resources.base - User Have reached the Home Page clicking on the Header Logo
12:26:24.315 [main] INFO  resources.base - User has clicked on the Standard Catalog Navigation button from header
12:26:24.354 [main] INFO  resources.base - User Have reached the Standard Catalog Page
12:26:39.306 [main] INFO  resources.base - User has clicked on the 1st Standard Product appearing and reached the PDP Page
12:26:43.940 [main] INFO  resources.base - User has clicked on the All Product Nevigation button from the header
12:26:43.963 [main] INFO  resources.base - User Have reached the All Product Page
12:26:48.841 [main] INFO  resources.base - User has clicked on Audio Cables Category From All Products Page
12:26:48.873 [main] INFO  resources.base - User Have reached the Audio Cables Category Page
12:27:00.932 [main] INFO  resources.base - User has clicked on Resouces link from the header
12:27:00.949 [main] INFO  resources.base - User Have reached the Resources Page
12:27:09.758 [main] INFO  resources.base - User has clicked on Special Offer Link from the header
12:27:09.773 [main] INFO  resources.base - User Have reached the Special Offer Page
12:27:18.987 [main] INFO  resources.base - User has clicked on Cart Icon from the header
12:27:18.998 [main] INFO  resources.base - User Have reached the Shopping Cart Page
12:28:09.252 [main] INFO  resources.base - User has clicked the Logo from the header of the page
12:28:19.271 [main] INFO  resources.base - User Have reached the Home Page clicking on the Header Logo
12:28:21.385 [main] INFO  resources.base - User has clicked the Logo from the footer of the page
12:28:21.402 [main] INFO  resources.base - User Have reached the Home Page clicking on the footer Logo
12:28:25.887 [main] INFO  resources.base - User has clicked on the Standard Catalog Link from the footer of the page
12:28:35.924 [main] INFO  resources.base - User Have reached the Standard Product page after clicking on the Standard Catalog Link from the footer of the page
12:28:38.917 [main] INFO  resources.base - User has clicked on the All product Link from the footer of the page
12:28:48.951 [main] INFO  resources.base - User Have reached the All Product page after clicking on the Standard Catalog Link from the footer of the page
12:28:54.434 [main] INFO  resources.base - User has clicked on the resources  Link from the footer of the page
12:29:09.467 [main] INFO  resources.base - User Have reached the resources page after clicking on the resources Link from the footer of the page
12:29:14.384 [main] INFO  resources.base - User has clicked on the Special offer Link from the footer of the page
12:29:24.392 [main] INFO  resources.base - User Have reached the Special offer after clicking on the Special offer Link from the footer of the page
12:29:26.222 [main] INFO  resources.base - User has clicked on the Special offer Link from the footer of the page
12:29:36.234 [main] INFO  resources.base - User Have reached the Favorites after clicking on the Favorites Link from the footer of the page
12:29:48.109 [main] INFO  resources.base - User has clicked on the Track button from the header of the page
12:29:48.176 [main] INFO  resources.base - User have reached the Track page after clicking on the Track button from the header of the page
12:29:50.832 [main] INFO  resources.base - User has clicked on the order button from the header of the page
12:30:00.840 [main] INFO  resources.base - User have reached the Order page after clicking on the Order button from the header of the page
12:30:37.137 [main] INFO  resources.base - User has clicked on the Purchase Analysis button from the header of the page
12:30:37.294 [main] INFO  resources.base - User have reached the Purchase Analysis page after clicking on the Purchase Analysis button from the header of the page
12:30:37.699 [main] INFO  resources.base - User have clicked on email icon on purchase analysis Page
12:30:38.000 [main] INFO  resources.base - User have entered the email on email field at purchase analysis Page
12:30:38.402 [main] INFO  resources.base - User have click on Send button at email popup screen at purchase analysis Page
12:30:45.119 [main] INFO  resources.base - User has clicked on the Calendar button from the header of the page
12:30:45.136 [main] INFO  resources.base - User have reached the  Calendar page after clicking on the Calendar button from the header of the page
12:31:13.718 [main] INFO  resources.base - User have reached the expiration report after clicking on the report button from the Calendar page from monthly view tab
12:31:29.084 [main] INFO  resources.base - User have reached the expiration report after clicking on the report button from the Calendar page from Detail view tab
12:31:34.656 [main] INFO  resources.base - User has clicked on the Saved Report icon from the header of the page
12:31:34.677 [main] INFO  resources.base - User have reached the  Saved Report page after clicking on the Saved Report icon from the header of the page
12:31:36.696 [main] INFO  resources.base - user is searching printer using the search textbox
14:57:32.143 [main] INFO  resources.base - User Have Successfully Login To The Home Page
14:57:35.971 [main] INFO  resources.base - User Have Successfully reached the favorites Page
14:57:52.656 [main] INFO  resources.base - user is searching printer using the search textbox
14:57:52.684 [main] INFO  resources.base - User Have Successfully reached the printer search listing page
14:57:52.741 [main] INFO  resources.base - Search result data is Appearing on the Search Result Page
14:58:03.235 [main] INFO  resources.base - User Have Successfully reached the PDP Page
14:58:40.544 [main] INFO  resources.base - Recently Viewed Page is Opened
14:58:43.302 [main] INFO  resources.base - User has clicked the Logo from the footer of the page
14:58:43.335 [main] INFO  resources.base - User Have reached the Home Page clicking on the footer Logo
14:58:45.960 [main] INFO  resources.base - User has clicked on the My Profile page from My Account dropdown
14:58:45.977 [main] INFO  resources.base - User has clicked on the My Profile page from My Account dropdown
14:58:48.549 [main] INFO  resources.base - User has clicked on the My Profile page from My Account dropdown
14:58:50.583 [main] INFO  resources.base - User has clicked the Logo from the header of the page
14:58:50.626 [main] INFO  resources.base - User Have reached the Home Page clicking on the Header Logo
14:58:55.697 [main] INFO  resources.base - User has clicked on the Standard Catalog Navigation button from header
14:58:55.710 [main] INFO  resources.base - User Have reached the Standard Catalog Page
14:59:11.087 [main] INFO  resources.base - User has clicked on the 1st Standard Product appearing and reached the PDP Page
14:59:16.008 [main] INFO  resources.base - User has clicked on the All Product Nevigation button from the header
14:59:16.027 [main] INFO  resources.base - User Have reached the All Product Page
14:59:21.135 [main] INFO  resources.base - User has clicked on Audio Cables Category From All Products Page
14:59:21.152 [main] INFO  resources.base - User Have reached the Audio Cables Category Page
14:59:33.927 [main] INFO  resources.base - User has clicked on Resouces link from the header
14:59:33.940 [main] INFO  resources.base - User Have reached the Resources Page
14:59:39.253 [main] INFO  resources.base - User has clicked on Special Offer Link from the header
14:59:39.259 [main] INFO  resources.base - User Have reached the Special Offer Page
14:59:47.898 [main] INFO  resources.base - User has clicked on Cart Icon from the header
14:59:47.951 [main] INFO  resources.base - User Have reached the Shopping Cart Page
15:00:45.879 [main] INFO  resources.base - element not visible
  (Session info: chrome=72.0.3626.119)
  (Driver info: chromedriver=2.36.540470 (e522d04694c7ebea4ba8821272dbef4f9b818c91),platform=Windows NT 10.0.17134 x86_64) (WARNING: The server did not provide any stacktrace information)
Command duration or timeout: 0 milliseconds
Build info: version: '3.8.1', revision: '6e95a6684b', time: '2017-12-01T18:33:54.468Z'
System info: host: 'DESKTOP-B75F35K', ip: '192.168.14.216', os.name: 'Windows 10', os.arch: 'amd64', os.version: '10.0', java.version: '1.8.0_171'
Driver info: org.openqa.selenium.chrome.ChromeDriver
Capabilities {acceptInsecureCerts: false, acceptSslCerts: false, applicationCacheEnabled: false, browserConnectionEnabled: false, browserName: chrome, chrome: {chromedriverVersion: 2.36.540470 (e522d04694c7eb..., userDataDir: C:\Users\bilaw\AppData\Loca...}, cssSelectorsEnabled: true, databaseEnabled: false, handlesAlerts: true, hasTouchScreen: false, javascriptEnabled: true, locationContextEnabled: true, mobileEmulationEnabled: false, nativeEvents: true, networkConnectionEnabled: false, pageLoadStrategy: normal, platform: XP, platformName: XP, rotatable: false, setWindowRect: true, takesHeapSnapshot: true, takesScreenshot: true, unexpectedAlertBehaviour: , unhandledPromptBehavior: , version: 72.0.3626.119, webStorageEnabled: true}
Session ID: f3d9be2755c94a0f3e2fe2714d04cd62
15:00:50.896 [main] INFO  resources.base - User have reached the order confirmation page after placing the order
15:00:54.031 [main] INFO  resources.base - User has clicked the Logo from the header of the page
15:01:04.105 [main] INFO  resources.base - User Have reached the Home Page clicking on the Header Logo
15:01:06.888 [main] INFO  resources.base - User has clicked the Logo from the footer of the page
15:01:06.973 [main] INFO  resources.base - User Have reached the Home Page clicking on the footer Logo
15:01:11.972 [main] INFO  resources.base - User has clicked on the Standard Catalog Link from the footer of the page
15:01:22.023 [main] INFO  resources.base - User Have reached the Standard Product page after clicking on the Standard Catalog Link from the footer of the page
15:01:23.657 [main] INFO  resources.base - User has clicked on the All product Link from the footer of the page
15:01:33.720 [main] INFO  resources.base - User Have reached the All Product page after clicking on the Standard Catalog Link from the footer of the page
15:01:40.489 [main] INFO  resources.base - User has clicked on the resources  Link from the footer of the page
15:01:55.531 [main] INFO  resources.base - User Have reached the resources page after clicking on the resources Link from the footer of the page
15:02:01.399 [main] INFO  resources.base - User has clicked on the Special offer Link from the footer of the page
15:02:11.464 [main] INFO  resources.base - User Have reached the Special offer after clicking on the Special offer Link from the footer of the page
15:02:11.677 [main] INFO  resources.base - User has clicked on the Special offer Link from the footer of the page
15:02:21.768 [main] INFO  resources.base - User Have reached the Favorites after clicking on the Favorites Link from the footer of the page
15:02:35.183 [main] INFO  resources.base - User has clicked on the Track button from the header of the page
15:02:35.191 [main] INFO  resources.base - User have reached the Track page after clicking on the Track button from the header of the page
15:02:37.611 [main] INFO  resources.base - User has clicked on the order button from the header of the page
15:02:47.683 [main] INFO  resources.base - User have reached the Order page after clicking on the Order button from the header of the page
15:03:16.699 [main] INFO  resources.base - User has clicked on the Purchase Analysis button from the header of the page
15:03:16.759 [main] INFO  resources.base - User have reached the Purchase Analysis page after clicking on the Purchase Analysis button from the header of the page
15:03:17.104 [main] INFO  resources.base - User have clicked on email icon on purchase analysis Page
15:03:17.604 [main] INFO  resources.base - User have entered the email on email field at purchase analysis Page
15:03:17.954 [main] INFO  resources.base - User have click on Send button at email popup screen at purchase analysis Page
15:03:27.334 [main] INFO  resources.base - User has clicked on the Calendar button from the header of the page
15:03:27.349 [main] INFO  resources.base - User have reached the  Calendar page after clicking on the Calendar button from the header of the page
15:03:55.437 [main] INFO  resources.base - User have reached the expiration report after clicking on the report button from the Calendar page from monthly view tab
15:04:14.136 [main] INFO  resources.base - User have reached the expiration report after clicking on the report button from the Calendar page from Detail view tab
15:04:28.614 [main] INFO  resources.base - User has clicked on the Saved Report icon from the header of the page
15:04:28.627 [main] INFO  resources.base - User have reached the  Saved Report page after clicking on the Saved Report icon from the header of the page
15:04:30.944 [main] INFO  resources.base - user is searching printer using the search textbox
15:05:11.167 [main] INFO  resources.base - User Have Successfully reached the Compare page
17:12:22.783 [main] INFO  resources.base - User Have Successfully Login To The Home Page
17:12:29.551 [main] INFO  resources.base - User Have Successfully reached the favorites Page
17:12:44.156 [main] INFO  resources.base - user is searching printer using the search textbox
17:12:44.172 [main] INFO  resources.base - User Have Successfully reached the printer search listing page
17:12:44.234 [main] INFO  resources.base - Search result data is Appearing on the Search Result Page
17:12:56.776 [main] INFO  resources.base - User Have Successfully reached the PDP Page
17:13:35.702 [main] INFO  resources.base - Recently Viewed Page is Opened
17:13:39.446 [main] INFO  resources.base - User has clicked the Logo from the footer of the page
17:13:39.454 [main] INFO  resources.base - User Have reached the Home Page clicking on the footer Logo
17:13:44.216 [main] INFO  resources.base - User has clicked on the My Profile page from My Account dropdown
17:13:44.222 [main] INFO  resources.base - User has clicked on the My Profile page from My Account dropdown
17:13:48.793 [main] INFO  resources.base - User has clicked on the My Profile page from My Account dropdown
17:13:52.573 [main] INFO  resources.base - User has clicked the Logo from the header of the page
17:13:52.593 [main] INFO  resources.base - User Have reached the Home Page clicking on the Header Logo
17:14:00.019 [main] INFO  resources.base - User has clicked on the Standard Catalog Navigation button from header
17:14:00.026 [main] INFO  resources.base - User Have reached the Standard Catalog Page
17:14:17.991 [main] INFO  resources.base - User has clicked on the 1st Standard Product appearing and reached the PDP Page
17:14:24.467 [main] INFO  resources.base - User has clicked on the All Product Nevigation button from the header
17:14:24.473 [main] INFO  resources.base - User Have reached the All Product Page
17:14:30.866 [main] INFO  resources.base - User has clicked on Audio Cables Category From All Products Page
17:14:30.882 [main] INFO  resources.base - User Have reached the Audio Cables Category Page
16:50:49.614 [main] INFO  resources.base - User has clicked on Resouces link from the header
16:50:49.625 [main] INFO  resources.base - User Have reached the Resources Page
16:50:58.504 [main] INFO  resources.base - User has clicked on Special Offer Link from the header
16:50:58.514 [main] INFO  resources.base - User Have reached the Special Offer Page
16:51:08.827 [main] INFO  resources.base - User has clicked on Cart Icon from the header
16:51:08.834 [main] INFO  resources.base - User Have reached the Shopping Cart Page
16:52:10.216 [main] INFO  resources.base - element not visible
  (Session info: chrome=72.0.3626.119)
  (Driver info: chromedriver=2.36.540470 (e522d04694c7ebea4ba8821272dbef4f9b818c91),platform=Windows NT 10.0.17134 x86_64) (WARNING: The server did not provide any stacktrace information)
Command duration or timeout: 0 milliseconds
Build info: version: '3.8.1', revision: '6e95a6684b', time: '2017-12-01T18:33:54.468Z'
System info: host: 'DESKTOP-B75F35K', ip: '192.168.14.216', os.name: 'Windows 10', os.arch: 'amd64', os.version: '10.0', java.version: '1.8.0_171'
Driver info: org.openqa.selenium.chrome.ChromeDriver
Capabilities {acceptInsecureCerts: false, acceptSslCerts: false, applicationCacheEnabled: false, browserConnectionEnabled: false, browserName: chrome, chrome: {chromedriverVersion: 2.36.540470 (e522d04694c7eb..., userDataDir: C:\Users\bilaw\AppData\Loca...}, cssSelectorsEnabled: true, databaseEnabled: false, handlesAlerts: true, hasTouchScreen: false, javascriptEnabled: true, locationContextEnabled: true, mobileEmulationEnabled: false, nativeEvents: true, networkConnectionEnabled: false, pageLoadStrategy: normal, platform: XP, platformName: XP, rotatable: false, setWindowRect: true, takesHeapSnapshot: true, takesScreenshot: true, unexpectedAlertBehaviour: , unhandledPromptBehavior: , version: 72.0.3626.119, webStorageEnabled: true}
Session ID: 26de88b95820a42540c1d9262f757a46
16:52:15.230 [main] INFO  resources.base - User have reached the order confirmation page after placing the order
16:52:19.146 [main] INFO  resources.base - User has clicked the Logo from the header of the page
16:52:29.156 [main] INFO  resources.base - User Have reached the Home Page clicking on the Header Logo
16:52:33.280 [main] INFO  resources.base - User has clicked the Logo from the footer of the page
16:52:33.303 [main] INFO  resources.base - User Have reached the Home Page clicking on the footer Logo
16:52:40.809 [main] INFO  resources.base - User has clicked on the Standard Catalog Link from the footer of the page
16:52:50.828 [main] INFO  resources.base - User Have reached the Standard Product page after clicking on the Standard Catalog Link from the footer of the page
16:52:54.127 [main] INFO  resources.base - User has clicked on the All product Link from the footer of the page
16:53:04.133 [main] INFO  resources.base - User Have reached the All Product page after clicking on the Standard Catalog Link from the footer of the page
16:53:12.015 [main] INFO  resources.base - User has clicked on the resources  Link from the footer of the page
16:53:27.035 [main] INFO  resources.base - User Have reached the resources page after clicking on the resources Link from the footer of the page
16:53:34.505 [main] INFO  resources.base - User has clicked on the Special offer Link from the footer of the page
16:53:44.517 [main] INFO  resources.base - User Have reached the Special offer after clicking on the Special offer Link from the footer of the page
16:53:48.135 [main] INFO  resources.base - User has clicked on the Special offer Link from the footer of the page
16:53:58.147 [main] INFO  resources.base - User Have reached the Favorites after clicking on the Favorites Link from the footer of the page
16:54:11.347 [main] INFO  resources.base - User has clicked on the Track button from the header of the page
16:54:11.488 [main] INFO  resources.base - User have reached the Track page after clicking on the Track button from the header of the page
16:54:15.982 [main] INFO  resources.base - User has clicked on the order button from the header of the page
16:54:26.032 [main] INFO  resources.base - User have reached the Order page after clicking on the Order button from the header of the page
16:54:53.188 [main] INFO  resources.base - User has clicked on the Purchase Analysis button from the header of the page
16:54:53.442 [main] INFO  resources.base - User have reached the Purchase Analysis page after clicking on the Purchase Analysis button from the header of the page
16:54:53.597 [main] INFO  resources.base - User have clicked on email icon on purchase analysis Page
