15:33:57.996 [main] INFO  resources.base - User Have Successfully reached the PDP Page
15:34:27.628 [main] INFO  resources.base - Recently Viewed Page is Opened
15:34:32.512 [main] INFO  resources.base - User has clicked the Logo from the footer of the page
15:34:32.525 [main] INFO  resources.base - User Have reached the Home Page clicking on the footer Logo
15:34:36.743 [main] INFO  resources.base - User has clicked on the My Profile page from My Account dropdown
15:34:36.755 [main] INFO  resources.base - User has clicked on the My Profile page from My Account dropdown
15:34:44.921 [main] INFO  resources.base - User has clicked on the My Profile page from My Account dropdown
15:34:49.904 [main] INFO  resources.base - User has clicked the Logo from the header of the page
15:34:49.928 [main] INFO  resources.base - User Have reached the Home Page clicking on the Header Logo
15:34:57.008 [main] INFO  resources.base - User has clicked on the Standard Catalog Navigation button from header
15:34:57.032 [main] INFO  resources.base - User Have reached the Standard Catalog Page
15:35:15.017 [main] INFO  resources.base - User has clicked on the 1st Standard Product appearing and reached the PDP Page
15:35:25.160 [main] INFO  resources.base - User has clicked on the All Product Nevigation button from the header
15:35:25.188 [main] INFO  resources.base - User Have reached the All Product Page
15:35:32.121 [main] INFO  resources.base - User has clicked on Audio Cables Category From All Products Page
15:35:32.128 [main] INFO  resources.base - User Have reached the Audio Cables Category Page
15:36:10.497 [main] INFO  resources.base - User has clicked on Resouces link from the header
15:36:10.507 [main] INFO  resources.base - User Have reached the Resources Page
15:36:29.109 [main] INFO  resources.base - User has clicked on Special Offer Link from the header
15:36:29.130 [main] INFO  resources.base - User Have reached the Special Offer Page
15:36:48.806 [main] INFO  resources.base - User has clicked on Cart Icon from the header
15:36:48.861 [main] INFO  resources.base - User Have reached the Shopping Cart Page
15:37:57.861 [main] INFO  resources.base - element not visible
  (Session info: chrome=74.0.3729.108)
  (Driver info: chromedriver=2.36.540470 (e522d04694c7ebea4ba8821272dbef4f9b818c91),platform=Windows NT 10.0.17134 x86_64) (WARNING: The server did not provide any stacktrace information)
Command duration or timeout: 0 milliseconds
Build info: version: '3.8.1', revision: '6e95a6684b', time: '2017-12-01T18:33:54.468Z'
System info: host: 'DESKTOP-B75F35K', ip: '192.168.14.216', os.name: 'Windows 10', os.arch: 'amd64', os.version: '10.0', java.version: '1.8.0_171'
Driver info: org.openqa.selenium.chrome.ChromeDriver
Capabilities {acceptInsecureCerts: false, acceptSslCerts: false, applicationCacheEnabled: false, browserConnectionEnabled: false, browserName: chrome, chrome: {chromedriverVersion: 2.36.540470 (e522d04694c7eb..., userDataDir: C:\Users\bilaw\AppData\Loca...}, cssSelectorsEnabled: true, databaseEnabled: false, handlesAlerts: true, hasTouchScreen: false, javascriptEnabled: true, locationContextEnabled: true, mobileEmulationEnabled: false, nativeEvents: true, networkConnectionEnabled: false, pageLoadStrategy: normal, platform: XP, platformName: XP, rotatable: false, setWindowRect: true, takesHeapSnapshot: true, takesScreenshot: true, unexpectedAlertBehaviour: , unhandledPromptBehavior: , version: 74.0.3729.108, webStorageEnabled: true}
Session ID: b11a74be64049815f8fcf04b79c39f36
15:38:02.884 [main] INFO  resources.base - User have reached the order confirmation page after placing the order
15:38:06.974 [main] INFO  resources.base - User has clicked the Logo from the header of the page
15:38:16.987 [main] INFO  resources.base - User Have reached the Home Page clicking on the Header Logo
15:38:23.581 [main] INFO  resources.base - User has clicked the Logo from the footer of the page
15:38:23.601 [main] INFO  resources.base - User Have reached the Home Page clicking on the footer Logo
15:38:30.193 [main] INFO  resources.base - User has clicked on the Standard Catalog Link from the footer of the page
15:38:40.225 [main] INFO  resources.base - User Have reached the Standard Product page after clicking on the Standard Catalog Link from the footer of the page
15:38:43.718 [main] INFO  resources.base - User has clicked on the All product Link from the footer of the page
15:38:53.774 [main] INFO  resources.base - User Have reached the All Product page after clicking on the Standard Catalog Link from the footer of the page
15:39:02.938 [main] INFO  resources.base - User has clicked on the resources  Link from the footer of the page
15:39:17.985 [main] INFO  resources.base - User Have reached the resources page after clicking on the resources Link from the footer of the page
15:39:27.269 [main] INFO  resources.base - User has clicked on the Special offer Link from the footer of the page
15:39:37.345 [main] INFO  resources.base - User Have reached the Special offer after clicking on the Special offer Link from the footer of the page
15:39:43.340 [main] INFO  resources.base - User has clicked on the Special offer Link from the footer of the page
15:39:53.431 [main] INFO  resources.base - User Have reached the Favorites after clicking on the Favorites Link from the footer of the page
15:40:05.989 [main] INFO  resources.base - User has clicked on the Track button from the header of the page
15:40:06.155 [main] INFO  resources.base - User have reached the Track page after clicking on the Track button from the header of the page
15:40:17.052 [main] INFO  resources.base - User has clicked on the order button from the header of the page
15:40:27.114 [main] INFO  resources.base - User have reached the Order page after clicking on the Order button from the header of the page
15:40:46.996 [main] INFO  resources.base - User has clicked on the Purchase Analysis button from the header of the page
15:40:47.191 [main] INFO  resources.base - User have reached the Purchase Analysis page after clicking on the Purchase Analysis button from the header of the page
15:40:47.387 [main] INFO  resources.base - User have clicked on email icon on purchase analysis Page
15:40:47.658 [main] INFO  resources.base - User have entered the email on email field at purchase analysis Page
15:40:47.992 [main] INFO  resources.base - User have click on Send button at email popup screen at purchase analysis Page
15:40:56.840 [main] INFO  resources.base - User has clicked on the Calendar button from the header of the page
15:40:56.847 [main] INFO  resources.base - User have reached the  Calendar page after clicking on the Calendar button from the header of the page
15:41:20.673 [main] INFO  resources.base - User has clicked on the Saved Report icon from the header of the page
15:41:20.682 [main] INFO  resources.base - User have reached the  Saved Report page after clicking on the Saved Report icon from the header of the page
15:41:28.298 [main] INFO  resources.base - user is searching printer using the search textbox
15:42:13.444 [main] INFO  resources.base - User Have Successfully reached the Compare page
15:43:29.680 [main] INFO  resources.base - User Have Successfully Login To The Home Page
15:43:47.690 [main] INFO  resources.base - User Have Successfully reached the favorites Page
15:44:07.654 [main] INFO  resources.base - user is searching printer using the search textbox
15:44:07.664 [main] INFO  resources.base - User Have Successfully reached the printer search listing page
15:44:32.810 [main] ERROR resources.base - Search Result data is not appearing on the page
15:44:32.810 [main] ERROR resources.base - no such element: Unable to locate element: {"method":"xpath","selector":"//div[@class='product-list-grid clearfix print-product-list grid']"}
  (Session info: chrome=74.0.3729.108)
  (Driver info: chromedriver=2.36.540470 (e522d04694c7ebea4ba8821272dbef4f9b818c91),platform=Windows NT 10.0.17134 x86_64) (WARNING: The server did not provide any stacktrace information)
Command duration or timeout: 0 milliseconds
For documentation on this error, please visit: http://seleniumhq.org/exceptions/no_such_element.html
Build info: version: '3.8.1', revision: '6e95a6684b', time: '2017-12-01T18:33:54.468Z'
System info: host: 'DESKTOP-B75F35K', ip: '192.168.14.216', os.name: 'Windows 10', os.arch: 'amd64', os.version: '10.0', java.version: '1.8.0_171'
Driver info: org.openqa.selenium.chrome.ChromeDriver
Capabilities {acceptInsecureCerts: false, acceptSslCerts: false, applicationCacheEnabled: false, browserConnectionEnabled: false, browserName: chrome, chrome: {chromedriverVersion: 2.36.540470 (e522d04694c7eb..., userDataDir: C:\Users\bilaw\AppData\Loca...}, cssSelectorsEnabled: true, databaseEnabled: false, handlesAlerts: true, hasTouchScreen: false, javascriptEnabled: true, locationContextEnabled: true, mobileEmulationEnabled: false, nativeEvents: true, networkConnectionEnabled: false, pageLoadStrategy: normal, platform: XP, platformName: XP, rotatable: false, setWindowRect: true, takesHeapSnapshot: true, takesScreenshot: true, unexpectedAlertBehaviour: , unhandledPromptBehavior: , version: 74.0.3729.108, webStorageEnabled: true}
Session ID: b5a20cce25a39de04c0b6588b04e601d
*** Element info: {Using=xpath, value=//div[@class='product-list-grid clearfix print-product-list grid']}
15:54:33.314 [main] INFO  resources.base - User Have Successfully Login To The Home Page
15:54:43.420 [main] INFO  resources.base - User Have Successfully reached the favorites Page
15:55:03.238 [main] INFO  resources.base - user is searching printer using the search textbox
15:55:03.255 [main] INFO  resources.base - User Have Successfully reached the printer search listing page
15:55:18.387 [main] INFO  resources.base - Search result data is Appearing on the Search Result Page
15:57:33.068 [main] INFO  resources.base - User Have Successfully Login To The Home Page
15:57:45.122 [main] INFO  resources.base - User Have Successfully reached the favorites Page
15:58:03.505 [main] INFO  resources.base - user is searching printer using the search textbox
15:58:03.552 [main] INFO  resources.base - User Have Successfully reached the printer search listing page
15:58:03.599 [main] INFO  resources.base - Search result data is Appearing on the Search Result Page
16:20:13.354 [main] INFO  resources.base - User Have Successfully Login To The Home Page
16:20:23.129 [main] INFO  resources.base - User Have Successfully reached the favorites Page
16:20:42.723 [main] INFO  resources.base - user is searching printer using the search textbox
16:20:42.735 [main] INFO  resources.base - User Have Successfully reached the printer search listing page
16:20:57.858 [main] INFO  resources.base - Search result data is Appearing on the Search Result Page
16:21:18.303 [main] INFO  resources.base - User Have Successfully reached the PDP Page
16:21:54.013 [main] INFO  resources.base - Recently Viewed Page is Opened
16:22:00.233 [main] INFO  resources.base - User has clicked the Logo from the footer of the page
16:22:00.247 [main] INFO  resources.base - User Have reached the Home Page clicking on the footer Logo
16:22:06.502 [main] INFO  resources.base - User has clicked on the My Profile page from My Account dropdown
16:22:06.519 [main] INFO  resources.base - User has clicked on the My Profile page from My Account dropdown
16:22:13.163 [main] INFO  resources.base - User has clicked on the My Profile page from My Account dropdown
16:22:18.006 [main] INFO  resources.base - User has clicked the Logo from the header of the page
16:22:18.054 [main] INFO  resources.base - User Have reached the Home Page clicking on the Header Logo
16:22:27.269 [main] INFO  resources.base - User has clicked on the Standard Catalog Navigation button from header
16:22:27.280 [main] INFO  resources.base - User Have reached the Standard Catalog Page
16:22:46.557 [main] INFO  resources.base - User has clicked on the 1st Standard Product appearing and reached the PDP Page
16:23:01.448 [main] INFO  resources.base - User has clicked on the All Product Nevigation button from the header
16:23:01.464 [main] INFO  resources.base - User Have reached the All Product Page
16:23:12.642 [main] INFO  resources.base - User has clicked on Audio Cables Category From All Products Page
16:23:12.679 [main] INFO  resources.base - User Have reached the Audio Cables Category Page
16:23:43.458 [main] INFO  resources.base - User has clicked on Resouces link from the header
16:23:43.496 [main] INFO  resources.base - User Have reached the Resources Page
16:23:54.141 [main] INFO  resources.base - User has clicked on Special Offer Link from the header
16:23:54.153 [main] INFO  resources.base - User Have reached the Special Offer Page
16:24:06.398 [main] INFO  resources.base - User has clicked on Cart Icon from the header
16:24:06.456 [main] INFO  resources.base - User Have reached the Shopping Cart Page
16:25:15.553 [main] INFO  resources.base - element not visible
  (Session info: chrome=74.0.3729.108)
  (Driver info: chromedriver=2.36.540470 (e522d04694c7ebea4ba8821272dbef4f9b818c91),platform=Windows NT 10.0.17134 x86_64) (WARNING: The server did not provide any stacktrace information)
Command duration or timeout: 0 milliseconds
Build info: version: '3.8.1', revision: '6e95a6684b', time: '2017-12-01T18:33:54.468Z'
System info: host: 'DESKTOP-B75F35K', ip: '192.168.14.216', os.name: 'Windows 10', os.arch: 'amd64', os.version: '10.0', java.version: '1.8.0_171'
Driver info: org.openqa.selenium.chrome.ChromeDriver
Capabilities {acceptInsecureCerts: false, acceptSslCerts: false, applicationCacheEnabled: false, browserConnectionEnabled: false, browserName: chrome, chrome: {chromedriverVersion: 2.36.540470 (e522d04694c7eb..., userDataDir: C:\Users\bilaw\AppData\Loca...}, cssSelectorsEnabled: true, databaseEnabled: false, handlesAlerts: true, hasTouchScreen: false, javascriptEnabled: true, locationContextEnabled: true, mobileEmulationEnabled: false, nativeEvents: true, networkConnectionEnabled: false, pageLoadStrategy: normal, platform: XP, platformName: XP, rotatable: false, setWindowRect: true, takesHeapSnapshot: true, takesScreenshot: true, unexpectedAlertBehaviour: , unhandledPromptBehavior: , version: 74.0.3729.108, webStorageEnabled: true}
Session ID: f06f06ab888ba9a1b69e3d8e94570171
16:25:20.590 [main] INFO  resources.base - User have reached the order confirmation page after placing the order
16:25:26.440 [main] INFO  resources.base - User has clicked the Logo from the header of the page
16:25:36.496 [main] INFO  resources.base - User Have reached the Home Page clicking on the Header Logo
16:25:43.697 [main] INFO  resources.base - User has clicked the Logo from the footer of the page
16:25:43.707 [main] INFO  resources.base - User Have reached the Home Page clicking on the footer Logo
16:26:02.692 [main] INFO  resources.base - User has clicked on the Standard Catalog Link from the footer of the page
16:26:12.709 [main] INFO  resources.base - User Have reached the Standard Product page after clicking on the Standard Catalog Link from the footer of the page
16:26:23.193 [main] INFO  resources.base - User has clicked on the All product Link from the footer of the page
16:26:33.208 [main] INFO  resources.base - User Have reached the All Product page after clicking on the Standard Catalog Link from the footer of the page
16:26:49.442 [main] INFO  resources.base - User has clicked on the resources  Link from the footer of the page
16:27:04.485 [main] INFO  resources.base - User Have reached the resources page after clicking on the resources Link from the footer of the page
16:27:16.701 [main] INFO  resources.base - User has clicked on the Special offer Link from the footer of the page
16:27:26.779 [main] INFO  resources.base - User Have reached the Special offer after clicking on the Special offer Link from the footer of the page
16:27:32.071 [main] INFO  resources.base - User has clicked on the Special offer Link from the footer of the page
16:27:42.158 [main] INFO  resources.base - User Have reached the Favorites after clicking on the Favorites Link from the footer of the page
16:28:00.924 [main] INFO  resources.base - User has clicked on the Track button from the header of the page
16:28:00.942 [main] INFO  resources.base - User have reached the Track page after clicking on the Track button from the header of the page
16:28:11.006 [main] INFO  resources.base - User has clicked on the order button from the header of the page
16:28:21.068 [main] INFO  resources.base - User have reached the Order page after clicking on the Order button from the header of the page
16:28:59.012 [main] INFO  resources.base - User has clicked on the Purchase Analysis button from the header of the page
16:28:59.220 [main] INFO  resources.base - User have reached the Purchase Analysis page after clicking on the Purchase Analysis button from the header of the page
16:28:59.539 [main] INFO  resources.base - User have clicked on email icon on purchase analysis Page
16:28:59.835 [main] INFO  resources.base - User have entered the email on email field at purchase analysis Page
16:29:00.149 [main] INFO  resources.base - User have click on Send button at email popup screen at purchase analysis Page
16:29:13.332 [main] INFO  resources.base - User has clicked on the Calendar button from the header of the page
16:29:13.346 [main] INFO  resources.base - User have reached the  Calendar page after clicking on the Calendar button from the header of the page
16:29:42.203 [main] INFO  resources.base - User has clicked on the Saved Report icon from the header of the page
16:29:42.221 [main] INFO  resources.base - User have reached the  Saved Report page after clicking on the Saved Report icon from the header of the page
16:29:49.550 [main] INFO  resources.base - user is searching printer using the search textbox
16:30:44.282 [main] INFO  resources.base - User Have Successfully reached the Compare page
16:38:48.099 [main] INFO  resources.base - User Have Successfully Login To The Home Page
16:39:02.054 [main] INFO  resources.base - User Have Successfully reached the favorites Page
16:39:26.887 [main] INFO  resources.base - user is searching printer using the search textbox
16:39:26.900 [main] INFO  resources.base - User Have Successfully reached the printer search listing page
16:39:42.029 [main] INFO  resources.base - Search result data is Appearing on the Search Result Page
16:39:58.897 [main] INFO  resources.base - User Have Successfully reached the PDP Page
16:40:34.935 [main] INFO  resources.base - Recently Viewed Page is Opened
16:40:41.065 [main] INFO  resources.base - User has clicked the Logo from the footer of the page
16:40:41.076 [main] INFO  resources.base - User Have reached the Home Page clicking on the footer Logo
16:40:46.861 [main] INFO  resources.base - User has clicked on the My Profile page from My Account dropdown
16:40:46.889 [main] INFO  resources.base - User has clicked on the My Profile page from My Account dropdown
16:40:53.130 [main] INFO  resources.base - User has clicked on the My Profile page from My Account dropdown
16:40:57.933 [main] INFO  resources.base - User has clicked the Logo from the header of the page
16:40:57.949 [main] INFO  resources.base - User Have reached the Home Page clicking on the Header Logo
16:41:07.093 [main] INFO  resources.base - User has clicked on the Standard Catalog Navigation button from header
16:41:07.104 [main] INFO  resources.base - User Have reached the Standard Catalog Page
16:41:25.803 [main] INFO  resources.base - User has clicked on the 1st Standard Product appearing and reached the PDP Page
16:41:38.294 [main] INFO  resources.base - User has clicked on the All Product Nevigation button from the header
16:41:38.304 [main] INFO  resources.base - User Have reached the All Product Page
16:41:44.902 [main] INFO  resources.base - User has clicked on Audio Cables Category From All Products Page
16:41:44.925 [main] INFO  resources.base - User Have reached the Audio Cables Category Page
16:42:16.003 [main] INFO  resources.base - User has clicked on Resouces link from the header
16:42:16.015 [main] INFO  resources.base - User Have reached the Resources Page
16:42:28.900 [main] INFO  resources.base - User has clicked on Special Offer Link from the header
16:42:28.907 [main] INFO  resources.base - User Have reached the Special Offer Page
16:42:42.463 [main] INFO  resources.base - User has clicked on Cart Icon from the header
16:42:42.522 [main] INFO  resources.base - User Have reached the Shopping Cart Page
16:43:52.176 [main] INFO  resources.base - element not visible
  (Session info: chrome=74.0.3729.108)
  (Driver info: chromedriver=2.36.540470 (e522d04694c7ebea4ba8821272dbef4f9b818c91),platform=Windows NT 10.0.17134 x86_64) (WARNING: The server did not provide any stacktrace information)
Command duration or timeout: 0 milliseconds
Build info: version: '3.8.1', revision: '6e95a6684b', time: '2017-12-01T18:33:54.468Z'
System info: host: 'DESKTOP-B75F35K', ip: '192.168.14.216', os.name: 'Windows 10', os.arch: 'amd64', os.version: '10.0', java.version: '1.8.0_171'
Driver info: org.openqa.selenium.chrome.ChromeDriver
Capabilities {acceptInsecureCerts: false, acceptSslCerts: false, applicationCacheEnabled: false, browserConnectionEnabled: false, browserName: chrome, chrome: {chromedriverVersion: 2.36.540470 (e522d04694c7eb..., userDataDir: C:\Users\bilaw\AppData\Loca...}, cssSelectorsEnabled: true, databaseEnabled: false, handlesAlerts: true, hasTouchScreen: false, javascriptEnabled: true, locationContextEnabled: true, mobileEmulationEnabled: false, nativeEvents: true, networkConnectionEnabled: false, pageLoadStrategy: normal, platform: XP, platformName: XP, rotatable: false, setWindowRect: true, takesHeapSnapshot: true, takesScreenshot: true, unexpectedAlertBehaviour: , unhandledPromptBehavior: , version: 74.0.3729.108, webStorageEnabled: true}
Session ID: f7e03450a012c0617824c45929093109
16:43:57.199 [main] INFO  resources.base - User have reached the order confirmation page after placing the order
16:44:02.953 [main] INFO  resources.base - User has clicked the Logo from the header of the page
16:44:13.021 [main] INFO  resources.base - User Have reached the Home Page clicking on the Header Logo
16:44:22.102 [main] INFO  resources.base - User has clicked the Logo from the footer of the page
16:44:22.119 [main] INFO  resources.base - User Have reached the Home Page clicking on the footer Logo
16:44:35.210 [main] INFO  resources.base - User has clicked on the Standard Catalog Link from the footer of the page
16:44:45.237 [main] INFO  resources.base - User Have reached the Standard Product page after clicking on the Standard Catalog Link from the footer of the page
16:44:52.550 [main] INFO  resources.base - User has clicked on the All product Link from the footer of the page
16:45:02.568 [main] INFO  resources.base - User Have reached the All Product page after clicking on the Standard Catalog Link from the footer of the page
16:45:17.054 [main] INFO  resources.base - User has clicked on the resources  Link from the footer of the page
16:45:32.094 [main] INFO  resources.base - User Have reached the resources page after clicking on the resources Link from the footer of the page
16:45:41.108 [main] INFO  resources.base - User has clicked on the Special offer Link from the footer of the page
16:45:51.177 [main] INFO  resources.base - User Have reached the Special offer after clicking on the Special offer Link from the footer of the page
16:45:56.238 [main] INFO  resources.base - User has clicked on the Special offer Link from the footer of the page
16:46:06.333 [main] INFO  resources.base - User Have reached the Favorites after clicking on the Favorites Link from the footer of the page
16:46:18.057 [main] INFO  resources.base - User has clicked on the Track button from the header of the page
16:46:18.250 [main] INFO  resources.base - User have reached the Track page after clicking on the Track button from the header of the page
16:46:27.805 [main] INFO  resources.base - User has clicked on the order button from the header of the page
16:46:37.867 [main] INFO  resources.base - User have reached the Order page after clicking on the Order button from the header of the page
16:46:55.406 [main] INFO  resources.base - User has clicked on the Purchase Analysis button from the header of the page
16:46:55.610 [main] INFO  resources.base - User have reached the Purchase Analysis page after clicking on the Purchase Analysis button from the header of the page
16:46:55.789 [main] INFO  resources.base - User have clicked on email icon on purchase analysis Page
16:46:56.022 [main] INFO  resources.base - User have entered the email on email field at purchase analysis Page
16:46:56.287 [main] INFO  resources.base - User have click on Send button at email popup screen at purchase analysis Page
16:47:08.936 [main] INFO  resources.base - User has clicked on the Calendar button from the header of the page
16:47:08.946 [main] INFO  resources.base - User have reached the  Calendar page after clicking on the Calendar button from the header of the page
16:47:43.564 [main] INFO  resources.base - User have reached the expiration report after clicking on the report button from the Calendar page from monthly view tab
16:48:19.168 [main] INFO  resources.base - User has clicked on the Saved Report icon from the header of the page
16:48:19.189 [main] INFO  resources.base - User have reached the  Saved Report page after clicking on the Saved Report icon from the header of the page
16:48:27.117 [main] INFO  resources.base - user is searching printer using the search textbox
16:49:11.120 [main] INFO  resources.base - User Have Successfully reached the Compare page
16:58:25.826 [main] INFO  resources.base - User Have Successfully Login To The Home Page
16:58:39.238 [main] INFO  resources.base - User Have Successfully reached the favorites Page
16:59:00.443 [main] INFO  resources.base - user is searching printer using the search textbox
16:59:00.454 [main] INFO  resources.base - User Have Successfully reached the printer search listing page
16:59:15.594 [main] INFO  resources.base - Search result data is Appearing on the Search Result Page
16:59:34.552 [main] INFO  resources.base - User Have Successfully reached the PDP Page
17:01:42.380 [main] INFO  resources.base - Recently Viewed Page is Opened
17:01:48.186 [main] INFO  resources.base - User has clicked the Logo from the footer of the page
17:01:48.204 [main] INFO  resources.base - User Have reached the Home Page clicking on the footer Logo
17:01:54.377 [main] INFO  resources.base - User has clicked on the My Profile page from My Account dropdown
17:01:54.399 [main] INFO  resources.base - User has clicked on the My Profile page from My Account dropdown
17:02:01.616 [main] INFO  resources.base - User has clicked on the My Profile page from My Account dropdown
17:02:06.596 [main] INFO  resources.base - User has clicked the Logo from the header of the page
17:02:06.608 [main] INFO  resources.base - User Have reached the Home Page clicking on the Header Logo
17:02:16.270 [main] INFO  resources.base - User has clicked on the Standard Catalog Navigation button from header
17:02:16.281 [main] INFO  resources.base - User Have reached the Standard Catalog Page
17:02:35.752 [main] INFO  resources.base - User has clicked on the 1st Standard Product appearing and reached the PDP Page
17:02:49.360 [main] INFO  resources.base - User has clicked on the All Product Nevigation button from the header
17:02:49.367 [main] INFO  resources.base - User Have reached the All Product Page
17:02:58.149 [main] INFO  resources.base - User has clicked on Audio Cables Category From All Products Page
17:02:58.156 [main] INFO  resources.base - User Have reached the Audio Cables Category Page
17:03:28.391 [main] INFO  resources.base - User has clicked on Resouces link from the header
17:03:28.410 [main] INFO  resources.base - User Have reached the Resources Page
17:03:36.943 [main] INFO  resources.base - User has clicked on Special Offer Link from the header
17:03:36.950 [main] INFO  resources.base - User Have reached the Special Offer Page
17:03:58.197 [main] INFO  resources.base - User has clicked on Cart Icon from the header
17:03:58.204 [main] INFO  resources.base - User Have reached the Shopping Cart Page
17:04:27.214 [main] INFO  resources.base - User has clicked the Logo from the header of the page
17:04:37.286 [main] INFO  resources.base - User Have reached the Home Page clicking on the Header Logo
17:04:45.959 [main] INFO  resources.base - User has clicked the Logo from the footer of the page
17:04:45.971 [main] INFO  resources.base - User Have reached the Home Page clicking on the footer Logo
17:04:56.443 [main] INFO  resources.base - User has clicked on the Standard Catalog Link from the footer of the page
17:05:06.459 [main] INFO  resources.base - User Have reached the Standard Product page after clicking on the Standard Catalog Link from the footer of the page
17:05:11.721 [main] INFO  resources.base - User has clicked on the All product Link from the footer of the page
17:05:21.752 [main] INFO  resources.base - User Have reached the All Product page after clicking on the Standard Catalog Link from the footer of the page
17:05:30.295 [main] INFO  resources.base - User has clicked on the resources  Link from the footer of the page
17:05:45.321 [main] INFO  resources.base - User Have reached the resources page after clicking on the resources Link from the footer of the page
17:05:54.070 [main] INFO  resources.base - User has clicked on the Special offer Link from the footer of the page
17:06:04.149 [main] INFO  resources.base - User Have reached the Special offer after clicking on the Special offer Link from the footer of the page
17:06:09.304 [main] INFO  resources.base - User has clicked on the Special offer Link from the footer of the page
17:06:19.386 [main] INFO  resources.base - User Have reached the Favorites after clicking on the Favorites Link from the footer of the page
17:06:54.317 [main] INFO  resources.base - User has clicked on the Track button from the header of the page
17:06:54.349 [main] INFO  resources.base - User have reached the Track page after clicking on the Track button from the header of the page
17:07:03.911 [main] INFO  resources.base - User has clicked on the order button from the header of the page
17:07:13.998 [main] INFO  resources.base - User have reached the Order page after clicking on the Order button from the header of the page
17:07:41.185 [main] INFO  resources.base - User has clicked on the Purchase Analysis button from the header of the page
17:07:41.374 [main] INFO  resources.base - User have reached the Purchase Analysis page after clicking on the Purchase Analysis button from the header of the page
17:07:41.671 [main] INFO  resources.base - User have clicked on email icon on purchase analysis Page
17:07:41.926 [main] INFO  resources.base - User have entered the email on email field at purchase analysis Page
17:07:42.243 [main] INFO  resources.base - User have click on Send button at email popup screen at purchase analysis Page
17:07:54.296 [main] INFO  resources.base - User has clicked on the Calendar button from the header of the page
17:07:54.314 [main] INFO  resources.base - User have reached the  Calendar page after clicking on the Calendar button from the header of the page
17:08:17.441 [main] INFO  resources.base - User have reached the expiration report after clicking on the report button from the Calendar page from monthly view tab
17:08:53.223 [main] INFO  resources.base - User has clicked on the Saved Report icon from the header of the page
17:08:53.247 [main] INFO  resources.base - User have reached the  Saved Report page after clicking on the Saved Report icon from the header of the page
17:08:59.083 [main] INFO  resources.base - user is searching printer using the search textbox
17:09:46.454 [main] INFO  resources.base - User Have Successfully reached the Compare page
18:26:30.033 [main] INFO  resources.base - User Have Successfully Login To The Home Page
18:26:41.108 [main] INFO  resources.base - User Have Successfully reached the favorites Page
18:02:20.554 [main] INFO  resources.base - user is searching printer using the search textbox
18:02:20.567 [main] INFO  resources.base - User Have Successfully reached the printer search listing page
18:02:35.686 [main] INFO  resources.base - Search result data is Appearing on the Search Result Page
18:03:08.507 [main] INFO  resources.base - User Have Successfully reached the PDP Page
18:03:46.988 [main] INFO  resources.base - Recently Viewed Page is Opened
18:03:52.980 [main] INFO  resources.base - User has clicked the Logo from the footer of the page
18:03:52.993 [main] INFO  resources.base - User Have reached the Home Page clicking on the footer Logo
18:04:00.955 [main] INFO  resources.base - User has clicked on the My Profile page from My Account dropdown
18:04:00.965 [main] INFO  resources.base - User has clicked on the My Profile page from My Account dropdown
18:04:09.861 [main] INFO  resources.base - User has clicked on the My Profile page from My Account dropdown
18:04:15.865 [main] INFO  resources.base - User has clicked the Logo from the header of the page
18:04:15.887 [main] INFO  resources.base - User Have reached the Home Page clicking on the Header Logo
18:04:25.961 [main] INFO  resources.base - User has clicked on the Standard Catalog Navigation button from header
18:04:25.973 [main] INFO  resources.base - User Have reached the Standard Catalog Page
18:04:45.447 [main] INFO  resources.base - User has clicked on the 1st Standard Product appearing and reached the PDP Page
18:04:57.706 [main] INFO  resources.base - User has clicked on the All Product Nevigation button from the header
18:04:57.742 [main] INFO  resources.base - User Have reached the All Product Page
18:05:21.248 [main] INFO  resources.base - User has clicked on Audio Cables Category From All Products Page
18:05:21.255 [main] INFO  resources.base - User Have reached the Audio Cables Category Page
18:05:51.997 [main] INFO  resources.base - User has clicked on Resouces link from the header
18:05:52.009 [main] INFO  resources.base - User Have reached the Resources Page
18:05:52.100 [main] INFO  resources.base - User has clicked on Special Offer Link from the header
18:05:52.112 [main] ERROR resources.base - User have not reached the Special Offer Page after clicking Special Offer link from the header
18:05:52.112 [main] ERROR resources.base - expected [Special Offers - MarkITplace] but found [Resources - MarkITplace]
18:06:05.451 [main] INFO  resources.base - User has clicked on Cart Icon from the header
18:06:05.461 [main] INFO  resources.base - User Have reached the Shopping Cart Page
18:07:58.728 [main] INFO  resources.base - element not visible
  (Session info: chrome=74.0.3729.108)
  (Driver info: chromedriver=2.36.540470 (e522d04694c7ebea4ba8821272dbef4f9b818c91),platform=Windows NT 10.0.17134 x86_64) (WARNING: The server did not provide any stacktrace information)
Command duration or timeout: 0 milliseconds
Build info: version: '3.8.1', revision: '6e95a6684b', time: '2017-12-01T18:33:54.468Z'
System info: host: 'DESKTOP-B75F35K', ip: '192.168.14.216', os.name: 'Windows 10', os.arch: 'amd64', os.version: '10.0', java.version: '1.8.0_171'
Driver info: org.openqa.selenium.chrome.ChromeDriver
Capabilities {acceptInsecureCerts: false, acceptSslCerts: false, applicationCacheEnabled: false, browserConnectionEnabled: false, browserName: chrome, chrome: {chromedriverVersion: 2.36.540470 (e522d04694c7eb..., userDataDir: C:\Users\bilaw\AppData\Loca...}, cssSelectorsEnabled: true, databaseEnabled: false, handlesAlerts: true, hasTouchScreen: false, javascriptEnabled: true, locationContextEnabled: true, mobileEmulationEnabled: false, nativeEvents: true, networkConnectionEnabled: false, pageLoadStrategy: normal, platform: XP, platformName: XP, rotatable: false, setWindowRect: true, takesHeapSnapshot: true, takesScreenshot: true, unexpectedAlertBehaviour: , unhandledPromptBehavior: , version: 74.0.3729.108, webStorageEnabled: true}
Session ID: 15a609fed0e23dd26d176c46672240c5
18:08:03.738 [main] INFO  resources.base - User have reached the order confirmation page after placing the order
18:08:09.063 [main] INFO  resources.base - User has clicked the Logo from the header of the page
18:08:19.072 [main] INFO  resources.base - User Have reached the Home Page clicking on the Header Logo
18:08:24.624 [main] INFO  resources.base - User has clicked the Logo from the footer of the page
18:08:24.667 [main] INFO  resources.base - User Have reached the Home Page clicking on the footer Logo
18:08:34.304 [main] INFO  resources.base - User has clicked on the Standard Catalog Link from the footer of the page
18:08:44.359 [main] INFO  resources.base - User Have reached the Standard Product page after clicking on the Standard Catalog Link from the footer of the page
18:08:49.017 [main] INFO  resources.base - User has clicked on the All product Link from the footer of the page
18:08:59.090 [main] INFO  resources.base - User Have reached the All Product page after clicking on the Standard Catalog Link from the footer of the page
18:09:07.863 [main] INFO  resources.base - User has clicked on the resources  Link from the footer of the page
18:09:22.911 [main] INFO  resources.base - User Have reached the resources page after clicking on the resources Link from the footer of the page
18:09:31.401 [main] INFO  resources.base - User has clicked on the Special offer Link from the footer of the page
18:09:41.476 [main] INFO  resources.base - User Have reached the Special offer after clicking on the Special offer Link from the footer of the page
18:09:41.654 [main] INFO  resources.base - User has clicked on the Special offer Link from the footer of the page
18:09:51.711 [main] INFO  resources.base - User Have reached the Favorites after clicking on the Favorites Link from the footer of the page
18:10:35.445 [main] INFO  resources.base - User has clicked on the Track button from the header of the page
18:10:35.474 [main] INFO  resources.base - User have reached the Track page after clicking on the Track button from the header of the page
18:10:45.003 [main] INFO  resources.base - User has clicked on the order button from the header of the page
18:10:55.091 [main] INFO  resources.base - User have reached the Order page after clicking on the Order button from the header of the page
18:11:40.910 [main] INFO  resources.base - User has clicked on the Purchase Analysis button from the header of the page
18:11:41.133 [main] INFO  resources.base - User have reached the Purchase Analysis page after clicking on the Purchase Analysis button from the header of the page
18:11:41.347 [main] INFO  resources.base - User have clicked on email icon on purchase analysis Page
18:11:41.600 [main] INFO  resources.base - User have entered the email on email field at purchase analysis Page
18:11:41.965 [main] INFO  resources.base - User have click on Send button at email popup screen at purchase analysis Page
18:11:52.365 [main] INFO  resources.base - User has clicked on the Calendar button from the header of the page
18:11:52.388 [main] INFO  resources.base - User have reached the  Calendar page after clicking on the Calendar button from the header of the page
18:12:18.541 [main] INFO  resources.base - User have reached the expiration report after clicking on the report button from the Calendar page from monthly view tab
18:13:07.124 [main] INFO  resources.base - User has clicked on the Saved Report icon from the header of the page
18:13:07.136 [main] INFO  resources.base - User have reached the  Saved Report page after clicking on the Saved Report icon from the header of the page
18:13:27.487 [main] INFO  resources.base - user is searching printer using the search textbox
18:14:16.987 [main] INFO  resources.base - User Have Successfully reached the Compare page
18:17:50.414 [main] INFO  resources.base - User Have Successfully Login To The Home Page
18:18:02.318 [main] INFO  resources.base - User Have Successfully reached the favorites Page
18:19:02.657 [main] INFO  resources.base - user is searching printer using the search textbox
18:19:02.672 [main] INFO  resources.base - User Have Successfully reached the printer search listing page
18:19:17.770 [main] INFO  resources.base - Search result data is Appearing on the Search Result Page
18:19:37.571 [main] INFO  resources.base - User Have Successfully reached the PDP Page
18:20:14.378 [main] INFO  resources.base - Recently Viewed Page is Opened
18:20:24.931 [main] INFO  resources.base - User has clicked the Logo from the footer of the page
18:20:24.952 [main] INFO  resources.base - User Have reached the Home Page clicking on the footer Logo
18:20:31.797 [main] INFO  resources.base - User has clicked on the My Profile page from My Account dropdown
18:20:31.812 [main] INFO  resources.base - User has clicked on the My Profile page from My Account dropdown
18:20:45.585 [main] INFO  resources.base - User has clicked on the My Profile page from My Account dropdown
18:20:51.767 [main] INFO  resources.base - User has clicked the Logo from the header of the page
18:20:51.785 [main] INFO  resources.base - User Have reached the Home Page clicking on the Header Logo
18:21:03.046 [main] INFO  resources.base - User has clicked on the Standard Catalog Navigation button from header
18:21:03.061 [main] INFO  resources.base - User Have reached the Standard Catalog Page
18:21:23.237 [main] INFO  resources.base - User has clicked on the 1st Standard Product appearing and reached the PDP Page
18:21:35.310 [main] INFO  resources.base - User has clicked on the All Product Nevigation button from the header
18:21:35.318 [main] INFO  resources.base - User Have reached the All Product Page
18:21:40.985 [main] INFO  resources.base - User has clicked on Audio Cables Category From All Products Page
18:21:40.996 [main] INFO  resources.base - User Have reached the Audio Cables Category Page
18:22:32.624 [main] INFO  resources.base - User has clicked on Resouces link from the header
18:22:32.641 [main] INFO  resources.base - User Have reached the Resources Page
18:23:17.301 [main] INFO  resources.base - User has clicked on Special Offer Link from the header
18:23:17.322 [main] INFO  resources.base - User Have reached the Special Offer Page
18:24:06.462 [main] INFO  resources.base - User has clicked on Cart Icon from the header
18:24:06.473 [main] INFO  resources.base - User Have reached the Shopping Cart Page
18:26:59.103 [main] INFO  resources.base - element not visible
  (Session info: chrome=74.0.3729.108)
  (Driver info: chromedriver=2.36.540470 (e522d04694c7ebea4ba8821272dbef4f9b818c91),platform=Windows NT 10.0.17134 x86_64) (WARNING: The server did not provide any stacktrace information)
Command duration or timeout: 0 milliseconds
Build info: version: '3.8.1', revision: '6e95a6684b', time: '2017-12-01T18:33:54.468Z'
System info: host: 'DESKTOP-B75F35K', ip: '192.168.14.216', os.name: 'Windows 10', os.arch: 'amd64', os.version: '10.0', java.version: '1.8.0_171'
Driver info: org.openqa.selenium.chrome.ChromeDriver
Capabilities {acceptInsecureCerts: false, acceptSslCerts: false, applicationCacheEnabled: false, browserConnectionEnabled: false, browserName: chrome, chrome: {chromedriverVersion: 2.36.540470 (e522d04694c7eb..., userDataDir: C:\Users\bilaw\AppData\Loca...}, cssSelectorsEnabled: true, databaseEnabled: false, handlesAlerts: true, hasTouchScreen: false, javascriptEnabled: true, locationContextEnabled: true, mobileEmulationEnabled: false, nativeEvents: true, networkConnectionEnabled: false, pageLoadStrategy: normal, platform: XP, platformName: XP, rotatable: false, setWindowRect: true, takesHeapSnapshot: true, takesScreenshot: true, unexpectedAlertBehaviour: , unhandledPromptBehavior: , version: 74.0.3729.108, webStorageEnabled: true}
Session ID: 91f7f97c22388745de94f5bb341dd580
18:27:04.143 [main] INFO  resources.base - User have reached the order confirmation page after placing the order
18:27:10.162 [main] INFO  resources.base - User has clicked the Logo from the header of the page
18:27:20.227 [main] INFO  resources.base - User Have reached the Home Page clicking on the Header Logo
18:27:26.696 [main] INFO  resources.base - User has clicked the Logo from the footer of the page
18:27:26.704 [main] INFO  resources.base - User Have reached the Home Page clicking on the footer Logo
18:27:36.473 [main] INFO  resources.base - User has clicked on the Standard Catalog Link from the footer of the page
18:27:46.508 [main] INFO  resources.base - User Have reached the Standard Product page after clicking on the Standard Catalog Link from the footer of the page
18:27:52.132 [main] INFO  resources.base - User has clicked on the All product Link from the footer of the page
18:28:02.147 [main] INFO  resources.base - User Have reached the All Product page after clicking on the Standard Catalog Link from the footer of the page
18:28:12.499 [main] INFO  resources.base - User has clicked on the resources  Link from the footer of the page
18:28:27.523 [main] INFO  resources.base - User Have reached the resources page after clicking on the resources Link from the footer of the page
18:28:36.975 [main] INFO  resources.base - User has clicked on the Special offer Link from the footer of the page
18:28:47.063 [main] INFO  resources.base - User Have reached the Special offer after clicking on the Special offer Link from the footer of the page
18:28:52.511 [main] INFO  resources.base - User has clicked on the Special offer Link from the footer of the page
18:29:02.557 [main] INFO  resources.base - User Have reached the Favorites after clicking on the Favorites Link from the footer of the page
18:29:17.103 [main] INFO  resources.base - User has clicked on the Track button from the header of the page
18:29:17.125 [main] INFO  resources.base - User have reached the Track page after clicking on the Track button from the header of the page
18:29:27.683 [main] INFO  resources.base - User has clicked on the order button from the header of the page
18:29:37.752 [main] INFO  resources.base - User have reached the Order page after clicking on the Order button from the header of the page
18:29:52.041 [main] INFO  resources.base - User has clicked on the Purchase Analysis button from the header of the page
18:29:52.272 [main] INFO  resources.base - User have reached the Purchase Analysis page after clicking on the Purchase Analysis button from the header of the page
18:29:52.469 [main] INFO  resources.base - User have clicked on email icon on purchase analysis Page
18:29:52.716 [main] INFO  resources.base - User have entered the email on email field at purchase analysis Page
18:29:53.009 [main] INFO  resources.base - User have click on Send button at email popup screen at purchase analysis Page
18:30:05.373 [main] INFO  resources.base - User has clicked on the Calendar button from the header of the page
18:30:05.382 [main] INFO  resources.base - User have reached the  Calendar page after clicking on the Calendar button from the header of the page
18:30:24.765 [main] INFO  resources.base - User have reached the expiration report after clicking on the report button from the Calendar page from monthly view tab
18:30:56.209 [main] INFO  resources.base - User has clicked on the Saved Report icon from the header of the page
18:30:56.223 [main] INFO  resources.base - User have reached the  Saved Report page after clicking on the Saved Report icon from the header of the page
18:31:15.910 [main] INFO  resources.base - user is searching printer using the search textbox
18:32:00.158 [main] INFO  resources.base - User Have Successfully reached the Compare page
19:12:45.780 [main] INFO  resources.base - User Have Successfully Login To The Home Page
19:12:57.394 [main] INFO  resources.base - User Have Successfully reached the favorites Page
19:14:02.951 [main] INFO  resources.base - user is searching printer using the search textbox
19:14:02.978 [main] INFO  resources.base - User Have Successfully reached the printer search listing page
19:14:18.097 [main] INFO  resources.base - Search result data is Appearing on the Search Result Page
19:14:37.577 [main] INFO  resources.base - User Have Successfully reached the PDP Page
19:15:12.605 [main] INFO  resources.base - Recently Viewed Page is Opened
19:15:18.163 [main] INFO  resources.base - User has clicked the Logo from the footer of the page
19:15:18.172 [main] INFO  resources.base - User Have reached the Home Page clicking on the footer Logo
19:15:25.175 [main] INFO  resources.base - User has clicked on the My Profile page from My Account dropdown
19:15:25.189 [main] INFO  resources.base - User has clicked on the My Profile page from My Account dropdown
19:15:31.654 [main] INFO  resources.base - User has clicked on the My Profile page from My Account dropdown
19:15:36.967 [main] INFO  resources.base - User has clicked the Logo from the header of the page
19:15:36.977 [main] INFO  resources.base - User Have reached the Home Page clicking on the Header Logo
19:15:46.702 [main] INFO  resources.base - User has clicked on the Standard Catalog Navigation button from header
19:15:46.717 [main] INFO  resources.base - User Have reached the Standard Catalog Page
19:16:05.713 [main] INFO  resources.base - User has clicked on the 1st Standard Product appearing and reached the PDP Page
