19:16:16.331 [main] INFO  resources.base - User has clicked on the All Product Nevigation button from the header
19:16:16.364 [main] INFO  resources.base - User Have reached the All Product Page
19:16:39.281 [main] INFO  resources.base - User has clicked on Audio Cables Category From All Products Page
19:16:39.289 [main] INFO  resources.base - User Have reached the Audio Cables Category Page
19:17:17.946 [main] INFO  resources.base - User has clicked on Resouces link from the header
19:17:17.992 [main] INFO  resources.base - User Have reached the Resources Page
19:17:32.200 [main] INFO  resources.base - User has clicked on Special Offer Link from the header
19:17:32.208 [main] INFO  resources.base - User Have reached the Special Offer Page
19:17:46.416 [main] INFO  resources.base - User has clicked on Cart Icon from the header
19:17:46.480 [main] INFO  resources.base - User Have reached the Shopping Cart Page
19:23:00.158 [main] INFO  resources.base - User Have Successfully Login To The Home Page
19:23:09.634 [main] INFO  resources.base - User Have Successfully reached the favorites Page
19:24:09.312 [main] INFO  resources.base - user is searching printer using the search textbox
19:24:09.323 [main] INFO  resources.base - User Have Successfully reached the printer search listing page
19:24:24.442 [main] INFO  resources.base - Search result data is Appearing on the Search Result Page
19:24:44.981 [main] INFO  resources.base - User Have Successfully reached the PDP Page
19:25:22.206 [main] INFO  resources.base - Recently Viewed Page is Opened
19:25:27.597 [main] INFO  resources.base - User has clicked the Logo from the footer of the page
19:25:27.640 [main] INFO  resources.base - User Have reached the Home Page clicking on the footer Logo
19:25:36.743 [main] INFO  resources.base - User has clicked on the My Profile page from My Account dropdown
19:25:36.787 [main] INFO  resources.base - User has clicked on the My Profile page from My Account dropdown
19:25:44.346 [main] INFO  resources.base - User has clicked on the My Profile page from My Account dropdown
19:25:52.130 [main] INFO  resources.base - User has clicked the Logo from the header of the page
19:25:52.146 [main] INFO  resources.base - User Have reached the Home Page clicking on the Header Logo
19:26:02.864 [main] INFO  resources.base - User has clicked on the Standard Catalog Navigation button from header
19:26:02.901 [main] INFO  resources.base - User Have reached the Standard Catalog Page
19:26:22.651 [main] INFO  resources.base - User has clicked on the 1st Standard Product appearing and reached the PDP Page
19:26:34.888 [main] INFO  resources.base - User has clicked on the All Product Nevigation button from the header
19:26:34.896 [main] INFO  resources.base - User Have reached the All Product Page
19:26:55.759 [main] INFO  resources.base - User has clicked on Audio Cables Category From All Products Page
19:26:55.766 [main] INFO  resources.base - User Have reached the Audio Cables Category Page
19:27:25.478 [main] INFO  resources.base - User has clicked on Resouces link from the header
19:27:25.486 [main] INFO  resources.base - User Have reached the Resources Page
19:27:25.574 [main] INFO  resources.base - User has clicked on Special Offer Link from the header
19:27:25.584 [main] ERROR resources.base - User have not reached the Special Offer Page after clicking Special Offer link from the header
19:27:25.584 [main] ERROR resources.base - expected [Special Offers - MarkITplace] but found [Resources - MarkITplace]
19:27:38.369 [main] INFO  resources.base - User has clicked on Cart Icon from the header
19:27:38.430 [main] INFO  resources.base - User Have reached the Shopping Cart Page
19:29:22.767 [main] INFO  resources.base - element not visible
  (Session info: chrome=74.0.3729.108)
  (Driver info: chromedriver=2.36.540470 (e522d04694c7ebea4ba8821272dbef4f9b818c91),platform=Windows NT 10.0.17134 x86_64) (WARNING: The server did not provide any stacktrace information)
Command duration or timeout: 0 milliseconds
Build info: version: '3.8.1', revision: '6e95a6684b', time: '2017-12-01T18:33:54.468Z'
System info: host: 'DESKTOP-B75F35K', ip: '192.168.14.216', os.name: 'Windows 10', os.arch: 'amd64', os.version: '10.0', java.version: '1.8.0_171'
Driver info: org.openqa.selenium.chrome.ChromeDriver
Capabilities {acceptInsecureCerts: false, acceptSslCerts: false, applicationCacheEnabled: false, browserConnectionEnabled: false, browserName: chrome, chrome: {chromedriverVersion: 2.36.540470 (e522d04694c7eb..., userDataDir: C:\Users\bilaw\AppData\Loca...}, cssSelectorsEnabled: true, databaseEnabled: false, handlesAlerts: true, hasTouchScreen: false, javascriptEnabled: true, locationContextEnabled: true, mobileEmulationEnabled: false, nativeEvents: true, networkConnectionEnabled: false, pageLoadStrategy: normal, platform: XP, platformName: XP, rotatable: false, setWindowRect: true, takesHeapSnapshot: true, takesScreenshot: true, unexpectedAlertBehaviour: , unhandledPromptBehavior: , version: 74.0.3729.108, webStorageEnabled: true}
Session ID: 59a5960feeabfe2b25b6abe10b55fd37
19:29:27.781 [main] INFO  resources.base - User have reached the order confirmation page after placing the order
19:29:33.204 [main] INFO  resources.base - User has clicked the Logo from the header of the page
19:29:43.268 [main] INFO  resources.base - User Have reached the Home Page clicking on the Header Logo
19:29:50.103 [main] INFO  resources.base - User has clicked the Logo from the footer of the page
19:29:50.110 [main] INFO  resources.base - User Have reached the Home Page clicking on the footer Logo
19:29:59.950 [main] INFO  resources.base - User has clicked on the Standard Catalog Link from the footer of the page
19:30:09.998 [main] INFO  resources.base - User Have reached the Standard Product page after clicking on the Standard Catalog Link from the footer of the page
19:30:15.103 [main] INFO  resources.base - User has clicked on the All product Link from the footer of the page
19:30:25.143 [main] INFO  resources.base - User Have reached the All Product page after clicking on the Standard Catalog Link from the footer of the page
19:30:35.526 [main] INFO  resources.base - User has clicked on the resources  Link from the footer of the page
19:30:50.557 [main] INFO  resources.base - User Have reached the resources page after clicking on the resources Link from the footer of the page
19:31:13.009 [main] INFO  resources.base - User has clicked on the Special offer Link from the footer of the page
19:31:23.089 [main] INFO  resources.base - User Have reached the Special offer after clicking on the Special offer Link from the footer of the page
19:31:27.984 [main] INFO  resources.base - User has clicked on the Special offer Link from the footer of the page
19:31:38.057 [main] INFO  resources.base - User Have reached the Favorites after clicking on the Favorites Link from the footer of the page
19:31:52.105 [main] INFO  resources.base - User has clicked on the Track button from the header of the page
19:31:52.131 [main] INFO  resources.base - User have reached the Track page after clicking on the Track button from the header of the page
19:32:01.218 [main] INFO  resources.base - User has clicked on the order button from the header of the page
19:32:11.279 [main] INFO  resources.base - User have reached the Order page after clicking on the Order button from the header of the page
19:32:48.555 [main] INFO  resources.base - User has clicked on the Purchase Analysis button from the header of the page
19:32:48.787 [main] INFO  resources.base - User have reached the Purchase Analysis page after clicking on the Purchase Analysis button from the header of the page
19:32:48.944 [main] INFO  resources.base - User have clicked on email icon on purchase analysis Page
19:32:49.184 [main] INFO  resources.base - User have entered the email on email field at purchase analysis Page
19:32:49.464 [main] INFO  resources.base - User have click on Send button at email popup screen at purchase analysis Page
19:33:00.555 [main] INFO  resources.base - User has clicked on the Calendar button from the header of the page
19:33:00.561 [main] INFO  resources.base - User have reached the  Calendar page after clicking on the Calendar button from the header of the page
19:33:24.217 [main] INFO  resources.base - User have reached the expiration report after clicking on the report button from the Calendar page from monthly view tab
19:34:04.930 [main] INFO  resources.base - User has clicked on the Saved Report icon from the header of the page
19:34:04.940 [main] INFO  resources.base - User have reached the  Saved Report page after clicking on the Saved Report icon from the header of the page
19:34:26.377 [main] INFO  resources.base - user is searching printer using the search textbox
19:35:14.887 [main] INFO  resources.base - User Have Successfully reached the Compare page
19:55:52.464 [main] INFO  resources.base - User Have Successfully Login To The Home Page
19:56:07.423 [main] INFO  resources.base - User Have Successfully reached the favorites Page
19:57:12.061 [main] INFO  resources.base - user is searching printer using the search textbox
19:57:12.068 [main] INFO  resources.base - User Have Successfully reached the printer search listing page
19:57:27.204 [main] INFO  resources.base - Search result data is Appearing on the Search Result Page
19:57:46.720 [main] INFO  resources.base - User Have Successfully reached the PDP Page
20:00:52.118 [main] INFO  resources.base - user is searching printer using the search textbox
20:01:42.609 [main] INFO  resources.base - User Have Successfully reached the Compare page
20:07:10.349 [main] INFO  resources.base - User Have Successfully Login To The Home Page
20:07:22.550 [main] INFO  resources.base - User Have Successfully reached the favorites Page
20:08:25.144 [main] INFO  resources.base - user is searching printer using the search textbox
20:08:25.153 [main] INFO  resources.base - User Have Successfully reached the printer search listing page
20:08:40.274 [main] INFO  resources.base - Search result data is Appearing on the Search Result Page
20:09:01.657 [main] INFO  resources.base - User Have Successfully reached the PDP Page
20:11:21.325 [main] INFO  resources.base - User Have Successfully Login To The Home Page
20:11:31.060 [main] INFO  resources.base - User Have Successfully reached the favorites Page
20:12:32.316 [main] INFO  resources.base - user is searching printer using the search textbox
20:12:32.327 [main] INFO  resources.base - User Have Successfully reached the printer search listing page
20:12:47.477 [main] INFO  resources.base - Search result data is Appearing on the Search Result Page
20:13:06.437 [main] INFO  resources.base - User Have Successfully reached the PDP Page
20:13:42.388 [main] INFO  resources.base - Recently Viewed Page is Opened
20:13:48.161 [main] INFO  resources.base - User has clicked the Logo from the footer of the page
20:13:48.379 [main] INFO  resources.base - User Have reached the Home Page clicking on the footer Logo
20:13:55.751 [main] INFO  resources.base - User has clicked on the My Profile page from My Account dropdown
20:13:55.766 [main] INFO  resources.base - User has clicked on the My Profile page from My Account dropdown
20:14:03.862 [main] INFO  resources.base - User has clicked on the My Profile page from My Account dropdown
20:14:10.810 [main] INFO  resources.base - User has clicked the Logo from the header of the page
20:14:10.848 [main] INFO  resources.base - User Have reached the Home Page clicking on the Header Logo
20:14:21.769 [main] INFO  resources.base - User has clicked on the Standard Catalog Navigation button from header
20:14:21.785 [main] INFO  resources.base - User Have reached the Standard Catalog Page
20:14:41.614 [main] INFO  resources.base - User has clicked on the 1st Standard Product appearing and reached the PDP Page
20:14:51.972 [main] INFO  resources.base - User has clicked on the All Product Nevigation button from the header
20:14:51.981 [main] INFO  resources.base - User Have reached the All Product Page
20:15:14.975 [main] INFO  resources.base - User has clicked on Audio Cables Category From All Products Page
20:15:14.984 [main] INFO  resources.base - User Have reached the Audio Cables Category Page
20:15:44.798 [main] INFO  resources.base - User has clicked on Resouces link from the header
20:15:44.807 [main] INFO  resources.base - User Have reached the Resources Page
20:16:01.673 [main] INFO  resources.base - User has clicked on Special Offer Link from the header
20:16:01.728 [main] INFO  resources.base - User Have reached the Special Offer Page
20:16:14.775 [main] INFO  resources.base - User has clicked on Cart Icon from the header
20:16:14.831 [main] INFO  resources.base - User Have reached the Shopping Cart Page
20:17:17.971 [main] INFO  resources.base - element not visible
  (Session info: chrome=74.0.3729.108)
  (Driver info: chromedriver=2.36.540470 (e522d04694c7ebea4ba8821272dbef4f9b818c91),platform=Windows NT 10.0.17134 x86_64) (WARNING: The server did not provide any stacktrace information)
Command duration or timeout: 0 milliseconds
Build info: version: '3.8.1', revision: '6e95a6684b', time: '2017-12-01T18:33:54.468Z'
System info: host: 'DESKTOP-B75F35K', ip: '192.168.14.216', os.name: 'Windows 10', os.arch: 'amd64', os.version: '10.0', java.version: '1.8.0_171'
Driver info: org.openqa.selenium.chrome.ChromeDriver
Capabilities {acceptInsecureCerts: false, acceptSslCerts: false, applicationCacheEnabled: false, browserConnectionEnabled: false, browserName: chrome, chrome: {chromedriverVersion: 2.36.540470 (e522d04694c7eb..., userDataDir: C:\Users\bilaw\AppData\Loca...}, cssSelectorsEnabled: true, databaseEnabled: false, handlesAlerts: true, hasTouchScreen: false, javascriptEnabled: true, locationContextEnabled: true, mobileEmulationEnabled: false, nativeEvents: true, networkConnectionEnabled: false, pageLoadStrategy: normal, platform: XP, platformName: XP, rotatable: false, setWindowRect: true, takesHeapSnapshot: true, takesScreenshot: true, unexpectedAlertBehaviour: , unhandledPromptBehavior: , version: 74.0.3729.108, webStorageEnabled: true}
Session ID: 9ea6fa2935374ecb3d3f7a1bf12cfefd
20:17:23.048 [main] ERROR resources.base - User have not reached the order confirmation page
20:17:23.048 [main] ERROR resources.base - expected [Order Confirmation - MarkITplace] but found [Checkout - MarkITplace]
20:17:29.400 [main] INFO  resources.base - User has clicked the Logo from the header of the page
20:17:39.457 [main] INFO  resources.base - User Have reached the Home Page clicking on the Header Logo
20:17:52.758 [main] INFO  resources.base - User has clicked the Logo from the footer of the page
20:17:52.776 [main] INFO  resources.base - User Have reached the Home Page clicking on the footer Logo
20:18:09.024 [main] INFO  resources.base - User has clicked on the Standard Catalog Link from the footer of the page
20:18:19.070 [main] INFO  resources.base - User Have reached the Standard Product page after clicking on the Standard Catalog Link from the footer of the page
20:18:23.682 [main] INFO  resources.base - User has clicked on the All product Link from the footer of the page
20:18:33.710 [main] INFO  resources.base - User Have reached the All Product page after clicking on the Standard Catalog Link from the footer of the page
20:18:45.088 [main] INFO  resources.base - User has clicked on the resources  Link from the footer of the page
20:19:00.127 [main] INFO  resources.base - User Have reached the resources page after clicking on the resources Link from the footer of the page
20:19:09.557 [main] INFO  resources.base - User has clicked on the Special offer Link from the footer of the page
20:19:19.637 [main] INFO  resources.base - User Have reached the Special offer after clicking on the Special offer Link from the footer of the page
20:19:24.563 [main] INFO  resources.base - User has clicked on the Special offer Link from the footer of the page
20:19:34.631 [main] INFO  resources.base - User Have reached the Favorites after clicking on the Favorites Link from the footer of the page
20:19:46.022 [main] INFO  resources.base - User has clicked on the Track button from the header of the page
20:19:46.051 [main] INFO  resources.base - User have reached the Track page after clicking on the Track button from the header of the page
20:19:54.038 [main] INFO  resources.base - User has clicked on the order button from the header of the page
20:20:04.069 [main] INFO  resources.base - User have reached the Order page after clicking on the Order button from the header of the page
20:20:30.914 [main] INFO  resources.base - User has clicked on the Purchase Analysis button from the header of the page
20:20:31.142 [main] INFO  resources.base - User have reached the Purchase Analysis page after clicking on the Purchase Analysis button from the header of the page
20:20:31.370 [main] INFO  resources.base - User have clicked on email icon on purchase analysis Page
20:20:31.572 [main] INFO  resources.base - User have entered the email on email field at purchase analysis Page
20:20:31.990 [main] INFO  resources.base - User have click on Send button at email popup screen at purchase analysis Page
20:20:44.804 [main] INFO  resources.base - User has clicked on the Calendar button from the header of the page
20:20:44.813 [main] INFO  resources.base - User have reached the  Calendar page after clicking on the Calendar button from the header of the page
20:21:07.865 [main] INFO  resources.base - User have reached the expiration report after clicking on the report button from the Calendar page from monthly view tab
20:21:48.581 [main] INFO  resources.base - User has clicked on the Saved Report icon from the header of the page
20:21:48.591 [main] INFO  resources.base - User have reached the  Saved Report page after clicking on the Saved Report icon from the header of the page
20:22:08.432 [main] INFO  resources.base - user is searching printer using the search textbox
20:22:53.068 [main] INFO  resources.base - User Have Successfully reached the Compare page
20:34:29.823 [main] INFO  resources.base - User Have Successfully Login To The Home Page
20:34:39.448 [main] INFO  resources.base - User Have Successfully reached the favorites Page
20:35:48.766 [main] INFO  resources.base - user is searching printer using the search textbox
20:35:48.774 [main] INFO  resources.base - User Have Successfully reached the printer search listing page
20:45:08.782 [main] INFO  resources.base - User Have Successfully Login To The Home Page
20:45:21.109 [main] INFO  resources.base - User Have Successfully reached the favorites Page
20:46:32.538 [main] INFO  resources.base - user is searching printer using the search textbox
20:46:32.548 [main] INFO  resources.base - User Have Successfully reached the printer search listing page
20:46:47.683 [main] INFO  resources.base - Search result data is Appearing on the Search Result Page
20:47:19.920 [main] INFO  resources.base - User has clicked on Special Offer Link from the header
20:47:19.975 [main] INFO  resources.base - User Have reached the Special Offer Page
20:52:08.524 [main] INFO  resources.base - User Have Successfully Login To The Home Page
20:52:29.635 [main] INFO  resources.base - User Have Successfully reached the favorites Page
20:53:39.875 [main] INFO  resources.base - user is searching printer using the search textbox
20:53:39.883 [main] INFO  resources.base - User Have Successfully reached the printer search listing page
20:53:55.019 [main] INFO  resources.base - Search result data is Appearing on the Search Result Page
20:54:12.629 [main] INFO  resources.base - User has clicked on Special Offer Link from the header
20:54:12.690 [main] INFO  resources.base - User Have reached the Special Offer Page
21:07:24.242 [main] INFO  resources.base - User Have Successfully Login To The Home Page
21:07:37.504 [main] INFO  resources.base - User Have Successfully reached the favorites Page
21:08:41.578 [main] INFO  resources.base - user is searching printer using the search textbox
21:08:41.592 [main] INFO  resources.base - User Have Successfully reached the printer search listing page
21:08:56.700 [main] INFO  resources.base - Search result data is Appearing on the Search Result Page
21:09:17.590 [main] INFO  resources.base - User has clicked on Special Offer Link from the header
21:09:17.651 [main] INFO  resources.base - User Have reached the Special Offer Page
21:10:15.087 [main] INFO  resources.base - User has clicked on the Calendar button from the header of the page
21:10:15.107 [main] INFO  resources.base - User have reached the  Calendar page after clicking on the Calendar button from the header of the page
21:10:45.779 [main] INFO  resources.base - User have reached the expiration report after clicking on the report button from the Calendar page from monthly view tab
21:20:50.852 [main] INFO  resources.base - User Have Successfully Login To The Home Page
21:21:11.943 [main] INFO  resources.base - User Have Successfully reached the favorites Page
21:22:11.543 [main] INFO  resources.base - user is searching printer using the search textbox
21:22:11.565 [main] INFO  resources.base - User Have Successfully reached the printer search listing page
21:22:26.698 [main] INFO  resources.base - Search result data is Appearing on the Search Result Page
21:22:50.206 [main] INFO  resources.base - User has clicked on Special Offer Link from the header
21:22:50.227 [main] INFO  resources.base - User Have reached the Special Offer Page
21:16:05.042 [main] INFO  resources.base - User Have Successfully Login To The Home Page
21:16:18.307 [main] INFO  resources.base - User Have Successfully reached the favorites Page
21:17:22.478 [main] INFO  resources.base - user is searching printer using the search textbox
21:17:22.488 [main] INFO  resources.base - User Have Successfully reached the printer search listing page
21:17:37.609 [main] INFO  resources.base - Search result data is Appearing on the Search Result Page
21:17:56.395 [main] INFO  resources.base - User has clicked on Special Offer Link from the header
21:17:56.453 [main] INFO  resources.base - User Have reached the Special Offer Page
21:23:07.656 [main] INFO  resources.base - User Have Successfully Login To The Home Page
21:23:20.531 [main] INFO  resources.base - User Have Successfully reached the favorites Page
21:24:22.677 [main] INFO  resources.base - user is searching printer using the search textbox
21:24:22.691 [main] INFO  resources.base - User Have Successfully reached the printer search listing page
21:24:37.829 [main] INFO  resources.base - Search result data is Appearing on the Search Result Page
21:24:55.087 [main] INFO  resources.base - User has clicked on Special Offer Link from the header
21:24:55.132 [main] INFO  resources.base - User Have reached the Special Offer Page
21:29:01.668 [main] INFO  resources.base - User Have Successfully Login To The Home Page
21:29:12.403 [main] INFO  resources.base - User Have Successfully reached the favorites Page
21:30:10.093 [main] INFO  resources.base - user is searching printer using the search textbox
21:30:10.106 [main] INFO  resources.base - User Have Successfully reached the printer search listing page
21:30:25.217 [main] INFO  resources.base - Search result data is Appearing on the Search Result Page
21:30:42.360 [main] INFO  resources.base - User has clicked on Special Offer Link from the header
21:30:42.415 [main] INFO  resources.base - User Have reached the Special Offer Page
21:56:43.044 [main] INFO  resources.base - User Have Successfully Login To The Home Page
21:57:04.115 [main] INFO  resources.base - User Have Successfully reached the favorites Page
21:58:15.312 [main] INFO  resources.base - user is searching printer using the search textbox
21:58:15.324 [main] INFO  resources.base - User Have Successfully reached the printer search listing page
21:58:30.450 [main] INFO  resources.base - Search result data is Appearing on the Search Result Page
21:58:49.765 [main] INFO  resources.base - User has clicked on Special Offer Link from the header
21:58:49.825 [main] INFO  resources.base - User Have reached the Special Offer Page
21:59:08.548 [main] INFO  resources.base - User has clicked on the Calendar button from the header of the page
21:59:08.566 [main] INFO  resources.base - User have reached the  Calendar page after clicking on the Calendar button from the header of the page
21:59:47.824 [main] INFO  resources.base - User have reached the expiration report after clicking on the report button from the Calendar page from monthly view tab
22:04:39.012 [main] INFO  resources.base - User Have Successfully Login To The Home Page
22:04:51.367 [main] INFO  resources.base - User Have Successfully reached the favorites Page
22:05:53.068 [main] INFO  resources.base - user is searching printer using the search textbox
22:05:53.076 [main] INFO  resources.base - User Have Successfully reached the printer search listing page
22:06:08.240 [main] INFO  resources.base - Search result data is Appearing on the Search Result Page
22:06:26.032 [main] INFO  resources.base - User has clicked on Special Offer Link from the header
22:06:26.091 [main] INFO  resources.base - User Have reached the Special Offer Page
22:06:43.333 [main] INFO  resources.base - User has clicked on the Calendar button from the header of the page
22:06:43.362 [main] INFO  resources.base - User have reached the  Calendar page after clicking on the Calendar button from the header of the page
22:07:02.978 [main] INFO  resources.base - User have reached the expiration report after clicking on the report button from the Calendar page from monthly view tab
03:55:21.828 [main] INFO  resources.base - User Have Successfully Login To The Home Page
03:55:35.522 [main] INFO  resources.base - User Have Successfully reached the favorites Page
03:56:46.413 [main] INFO  resources.base - user is searching printer using the search textbox
03:56:46.424 [main] INFO  resources.base - User Have Successfully reached the printer search listing page
03:57:01.551 [main] INFO  resources.base - Search result data is Appearing on the Search Result Page
03:57:22.338 [main] INFO  resources.base - User has clicked on Special Offer Link from the header
03:57:22.391 [main] INFO  resources.base - User Have reached the Special Offer Page
03:57:44.782 [main] INFO  resources.base - User has clicked on the Calendar button from the header of the page
03:57:44.818 [main] INFO  resources.base - User have reached the  Calendar page after clicking on the Calendar button from the header of the page
03:58:09.102 [main] INFO  resources.base - User have reached the expiration report after clicking on the report button from the Calendar page from monthly view tab
04:03:19.004 [main] INFO  resources.base - User Have Successfully Login To The Home Page
04:03:31.582 [main] INFO  resources.base - User Have Successfully reached the favorites Page
04:04:29.054 [main] INFO  resources.base - user is searching printer using the search textbox
04:04:29.061 [main] INFO  resources.base - User Have Successfully reached the printer search listing page
04:04:44.090 [main] INFO  resources.base - Search result data is Appearing on the Search Result Page
04:05:08.021 [main] INFO  resources.base - User has clicked on Special Offer Link from the header
04:05:08.067 [main] INFO  resources.base - User Have reached the Special Offer Page
04:05:22.519 [main] INFO  resources.base - User has clicked on the Calendar button from the header of the page
04:05:22.539 [main] INFO  resources.base - User have reached the  Calendar page after clicking on the Calendar button from the header of the page
04:05:46.006 [main] INFO  resources.base - User have reached the expiration report after clicking on the report button from the Calendar page from monthly view tab
04:20:12.704 [main] INFO  resources.base - User Have Successfully Login To The Home Page
04:20:29.451 [main] INFO  resources.base - User Have Successfully reached the favorites Page
04:21:42.885 [main] INFO  resources.base - user is searching printer using the search textbox
04:21:42.895 [main] INFO  resources.base - User Have Successfully reached the printer search listing page
04:21:58.000 [main] INFO  resources.base - Search result data is Appearing on the Search Result Page
04:22:17.599 [main] INFO  resources.base - User has clicked on Special Offer Link from the header
04:22:17.657 [main] INFO  resources.base - User Have reached the Special Offer Page
04:22:54.817 [main] INFO  resources.base - User has clicked on the Calendar button from the header of the page
04:22:54.832 [main] INFO  resources.base - User have reached the  Calendar page after clicking on the Calendar button from the header of the page
04:23:22.379 [main] INFO  resources.base - User have reached the expiration report after clicking on the report button from the Calendar page from monthly view tab
04:26:23.562 [main] INFO  resources.base - User Have Successfully Login To The Home Page
04:26:55.718 [main] INFO  resources.base - User Have Successfully reached the favorites Page
04:28:05.273 [main] INFO  resources.base - user is searching printer using the search textbox
04:28:05.283 [main] INFO  resources.base - User Have Successfully reached the printer search listing page
04:28:20.427 [main] INFO  resources.base - Search result data is Appearing on the Search Result Page
04:28:40.940 [main] INFO  resources.base - User has clicked on Special Offer Link from the header
04:28:41.002 [main] INFO  resources.base - User Have reached the Special Offer Page
04:29:05.473 [main] INFO  resources.base - User has clicked on the Calendar button from the header of the page
04:29:05.499 [main] INFO  resources.base - User have reached the  Calendar page after clicking on the Calendar button from the header of the page
04:29:26.237 [main] INFO  resources.base - User have reached the expiration report after clicking on the report button from the Calendar page from monthly view tab
04:36:07.440 [main] INFO  resources.base - User Have Successfully Login To The Home Page
04:36:17.851 [main] INFO  resources.base - User Have Successfully reached the favorites Page
04:37:18.108 [main] INFO  resources.base - user is searching printer using the search textbox
04:37:18.127 [main] INFO  resources.base - User Have Successfully reached the printer search listing page
04:37:33.270 [main] INFO  resources.base - Search result data is Appearing on the Search Result Page
04:37:51.036 [main] INFO  resources.base - User has clicked on Special Offer Link from the header
04:37:51.091 [main] INFO  resources.base - User Have reached the Special Offer Page
04:38:11.412 [main] INFO  resources.base - User has clicked on the Calendar button from the header of the page
04:38:11.446 [main] INFO  resources.base - User have reached the  Calendar page after clicking on the Calendar button from the header of the page
04:38:43.686 [main] INFO  resources.base - User have reached the expiration report after clicking on the report button from the Calendar page from monthly view tab
06:00:02.866 [main] INFO  resources.base - User Have Successfully Login To The Home Page
06:00:43.688 [main] INFO  resources.base - User Have Successfully reached the favorites Page
06:01:46.859 [main] INFO  resources.base - user is searching printer using the search textbox
06:01:46.866 [main] INFO  resources.base - User Have Successfully reached the printer search listing page
06:02:01.981 [main] INFO  resources.base - Search result data is Appearing on the Search Result Page
06:02:25.312 [main] INFO  resources.base - User Have Successfully reached the PDP Page
06:03:17.627 [main] INFO  resources.base - Recently Viewed Page is Opened
06:03:24.785 [main] INFO  resources.base - User has clicked the Logo from the footer of the page
06:03:24.827 [main] INFO  resources.base - User Have reached the Home Page clicking on the footer Logo
06:03:33.041 [main] INFO  resources.base - User has clicked on the My Profile page from My Account dropdown
06:03:33.053 [main] INFO  resources.base - User has clicked on the My Profile page from My Account dropdown
06:03:41.494 [main] INFO  resources.base - User has clicked on the My Profile page from My Account dropdown
06:03:47.550 [main] INFO  resources.base - User has clicked the Logo from the header of the page
06:03:47.567 [main] INFO  resources.base - User Have reached the Home Page clicking on the Header Logo
06:03:58.986 [main] INFO  resources.base - User has clicked on the Standard Catalog Navigation button from header
06:03:59.015 [main] INFO  resources.base - User Have reached the Standard Catalog Page
06:05:19.135 [main] INFO  resources.base - User has clicked on the 1st Standard Product appearing and reached the PDP Page
06:05:33.161 [main] INFO  resources.base - User has clicked on the All Product Nevigation button from the header
06:05:33.172 [main] INFO  resources.base - User Have reached the All Product Page
06:05:43.266 [main] INFO  resources.base - User has clicked on Audio Cables Category From All Products Page
06:05:43.275 [main] INFO  resources.base - User Have reached the Audio Cables Category Page
06:06:53.542 [main] INFO  resources.base - User has clicked on Resouces link from the header
06:06:53.557 [main] INFO  resources.base - User Have reached the Resources Page
06:06:58.657 [main] INFO  resources.base - User has clicked on Special Offer Link from the header
06:06:58.676 [main] ERROR resources.base - User have not reached the Special Offer Page after clicking Special Offer link from the header
06:06:58.679 [main] ERROR resources.base - expected [Special Offers - MarkITplace] but found [Resources - MarkITplace]
06:13:29.255 [main] INFO  resources.base - element not visible
  (Session info: chrome=74.0.3729.108)
  (Driver info: chromedriver=2.36.540470 (e522d04694c7ebea4ba8821272dbef4f9b818c91),platform=Windows NT 10.0.17134 x86_64) (WARNING: The server did not provide any stacktrace information)
Command duration or timeout: 0 milliseconds
Build info: version: '3.8.1', revision: '6e95a6684b', time: '2017-12-01T18:33:54.468Z'
System info: host: 'DESKTOP-B75F35K', ip: '192.168.14.216', os.name: 'Windows 10', os.arch: 'amd64', os.version: '10.0', java.version: '1.8.0_171'
Driver info: org.openqa.selenium.chrome.ChromeDriver
Capabilities {acceptInsecureCerts: false, acceptSslCerts: false, applicationCacheEnabled: false, browserConnectionEnabled: false, browserName: chrome, chrome: {chromedriverVersion: 2.36.540470 (e522d04694c7eb..., userDataDir: C:\Users\bilaw\AppData\Loca...}, cssSelectorsEnabled: true, databaseEnabled: false, handlesAlerts: true, hasTouchScreen: false, javascriptEnabled: true, locationContextEnabled: true, mobileEmulationEnabled: false, nativeEvents: true, networkConnectionEnabled: false, pageLoadStrategy: normal, platform: XP, platformName: XP, rotatable: false, setWindowRect: true, takesHeapSnapshot: true, takesScreenshot: true, unexpectedAlertBehaviour: , unhandledPromptBehavior: , version: 74.0.3729.108, webStorageEnabled: true}
Session ID: 49f63aa66f31bacf6ef5970e9c70a6c8
06:13:34.264 [main] INFO  resources.base - User have reached the order confirmation page after placing the order
06:13:40.807 [main] INFO  resources.base - User has clicked the Logo from the header of the page
06:13:50.825 [main] INFO  resources.base - User Have reached the Home Page clicking on the Header Logo
06:13:57.156 [main] INFO  resources.base - User has clicked the Logo from the footer of the page
06:13:57.169 [main] INFO  resources.base - User Have reached the Home Page clicking on the footer Logo
06:14:07.492 [main] INFO  resources.base - User has clicked on the Standard Catalog Link from the footer of the page
06:14:17.498 [main] INFO  resources.base - User Have reached the Standard Product page after clicking on the Standard Catalog Link from the footer of the page
06:14:22.926 [main] INFO  resources.base - User has clicked on the All product Link from the footer of the page
06:14:32.933 [main] INFO  resources.base - User Have reached the All Product page after clicking on the Standard Catalog Link from the footer of the page
06:14:41.978 [main] INFO  resources.base - User has clicked on the resources  Link from the footer of the page
06:14:57.004 [main] INFO  resources.base - User Have reached the resources page after clicking on the resources Link from the footer of the page
06:15:06.571 [main] INFO  resources.base - User has clicked on the Special offer Link from the footer of the page
06:15:16.588 [main] INFO  resources.base - User Have reached the Special offer after clicking on the Special offer Link from the footer of the page
06:15:21.769 [main] INFO  resources.base - User has clicked on the Special offer Link from the footer of the page
06:15:31.784 [main] INFO  resources.base - User Have reached the Favorites after clicking on the Favorites Link from the footer of the page
06:15:52.396 [main] INFO  resources.base - User has clicked on the Track button from the header of the page
06:15:52.415 [main] INFO  resources.base - User have reached the Track page after clicking on the Track button from the header of the page
06:16:02.703 [main] INFO  resources.base - User has clicked on the order button from the header of the page
06:16:12.720 [main] INFO  resources.base - User have reached the Order page after clicking on the Order button from the header of the page
06:16:27.385 [main] INFO  resources.base - User has clicked on the Purchase Analysis button from the header of the page
06:16:27.601 [main] INFO  resources.base - User have reached the Purchase Analysis page after clicking on the Purchase Analysis button from the header of the page
06:16:27.789 [main] INFO  resources.base - User have clicked on email icon on purchase analysis Page
06:16:28.004 [main] INFO  resources.base - User have entered the email on email field at purchase analysis Page
06:16:28.278 [main] INFO  resources.base - User have click on Send button at email popup screen at purchase analysis Page
06:16:40.796 [main] INFO  resources.base - User has clicked on the Calendar button from the header of the page
06:16:40.809 [main] INFO  resources.base - User have reached the  Calendar page after clicking on the Calendar button from the header of the page
06:16:51.886 [main] INFO  resources.base - User has clicked on the Saved Report icon from the header of the page
06:16:51.914 [main] INFO  resources.base - User have reached the  Saved Report page after clicking on the Saved Report icon from the header of the page
06:17:12.684 [main] INFO  resources.base - user is searching printer using the search textbox
06:18:00.881 [main] INFO  resources.base - User Have Successfully reached the Compare page
06:30:40.815 [main] INFO  resources.base - User Have Successfully Login To The Home Page
06:30:53.322 [main] INFO  resources.base - User Have Successfully reached the favorites Page
06:31:53.849 [main] INFO  resources.base - user is searching printer using the search textbox
06:31:53.859 [main] INFO  resources.base - User Have Successfully reached the printer search listing page
06:32:08.964 [main] INFO  resources.base - Search result data is Appearing on the Search Result Page
06:32:29.823 [main] INFO  resources.base - User Have Successfully reached the PDP Page
06:33:04.973 [main] INFO  resources.base - Recently Viewed Page is Opened
06:33:11.363 [main] INFO  resources.base - User has clicked the Logo from the footer of the page
06:33:11.380 [main] INFO  resources.base - User Have reached the Home Page clicking on the footer Logo
06:33:18.734 [main] INFO  resources.base - User has clicked on the My Profile page from My Account dropdown
06:33:18.743 [main] INFO  resources.base - User has clicked on the My Profile page from My Account dropdown
06:33:26.603 [main] INFO  resources.base - User has clicked on the My Profile page from My Account dropdown
06:33:32.056 [main] INFO  resources.base - User has clicked the Logo from the header of the page
06:33:32.077 [main] INFO  resources.base - User Have reached the Home Page clicking on the Header Logo
06:33:41.946 [main] INFO  resources.base - User has clicked on the Standard Catalog Navigation button from header
06:33:42.000 [main] INFO  resources.base - User Have reached the Standard Catalog Page
06:34:02.991 [main] INFO  resources.base - User has clicked on the 1st Standard Product appearing and reached the PDP Page
06:34:17.283 [main] INFO  resources.base - User has clicked on the All Product Nevigation button from the header
06:34:17.299 [main] INFO  resources.base - User Have reached the All Product Page
06:34:44.046 [main] INFO  resources.base - User has clicked on Audio Cables Category From All Products Page
06:34:44.062 [main] INFO  resources.base - User Have reached the Audio Cables Category Page
06:35:14.086 [main] INFO  resources.base - User has clicked on Resouces link from the header
06:35:14.123 [main] INFO  resources.base - User Have reached the Resources Page
06:35:33.417 [main] INFO  resources.base - User has clicked on Special Offer Link from the header
06:35:33.471 [main] INFO  resources.base - User Have reached the Special Offer Page
06:38:05.918 [main] INFO  resources.base - User has clicked on Cart Icon from the header
06:38:05.955 [main] INFO  resources.base - User Have reached the Shopping Cart Page
06:46:31.307 [main] INFO  resources.base - User has clicked the Logo from the header of the page
06:46:41.383 [main] INFO  resources.base - User Have reached the Home Page clicking on the Header Logo
06:46:47.190 [main] INFO  resources.base - User has clicked the Logo from the footer of the page
06:46:47.209 [main] INFO  resources.base - User Have reached the Home Page clicking on the footer Logo
06:46:57.293 [main] INFO  resources.base - User has clicked on the Standard Catalog Link from the footer of the page
06:47:07.325 [main] INFO  resources.base - User Have reached the Standard Product page after clicking on the Standard Catalog Link from the footer of the page
06:47:12.965 [main] INFO  resources.base - User has clicked on the All product Link from the footer of the page
06:47:22.986 [main] INFO  resources.base - User Have reached the All Product page after clicking on the Standard Catalog Link from the footer of the page
06:47:50.732 [main] INFO  resources.base - User has clicked on the resources  Link from the footer of the page
06:48:05.786 [main] INFO  resources.base - User Have reached the resources page after clicking on the resources Link from the footer of the page
06:48:14.643 [main] INFO  resources.base - User has clicked on the Special offer Link from the footer of the page
06:48:24.720 [main] INFO  resources.base - User Have reached the Special offer after clicking on the Special offer Link from the footer of the page
06:48:30.609 [main] INFO  resources.base - User has clicked on the Special offer Link from the footer of the page
06:48:40.666 [main] INFO  resources.base - User Have reached the Favorites after clicking on the Favorites Link from the footer of the page
06:49:03.113 [main] INFO  resources.base - User has clicked on the Track button from the header of the page
06:49:03.144 [main] INFO  resources.base - User have reached the Track page after clicking on the Track button from the header of the page
06:49:12.564 [main] INFO  resources.base - User has clicked on the order button from the header of the page
06:49:22.581 [main] INFO  resources.base - User have reached the Order page after clicking on the Order button from the header of the page
06:49:40.880 [main] INFO  resources.base - User has clicked on the Purchase Analysis button from the header of the page
06:49:41.197 [main] INFO  resources.base - User have reached the Purchase Analysis page after clicking on the Purchase Analysis button from the header of the page
06:49:41.370 [main] INFO  resources.base - User have clicked on email icon on purchase analysis Page
06:49:41.584 [main] INFO  resources.base - User have entered the email on email field at purchase analysis Page
06:49:41.917 [main] INFO  resources.base - User have click on Send button at email popup screen at purchase analysis Page
06:49:50.909 [main] INFO  resources.base - User has clicked on the Calendar button from the header of the page
06:49:50.920 [main] ERROR resources.base - User have not reached the Calendar page after clicking on the Calendar button from the header of the page
06:49:50.920 [main] ERROR resources.base - expected [Calendar Monthly View - MarkITplace] but found [markitplace-qa.arpatech.com]
06:50:10.989 [main] INFO  resources.base - Compare Page not reached
11:54:37.191 [main] INFO  resources.base - User Have Successfully Login To The Home Page
11:54:46.056 [main] INFO  resources.base - User Have Successfully reached the favorites Page
11:55:38.894 [main] INFO  resources.base - user is searching printer using the search textbox
11:55:38.903 [main] INFO  resources.base - User Have Successfully reached the printer search listing page
11:55:53.971 [main] INFO  resources.base - Search result data is Appearing on the Search Result Page
11:56:24.513 [main] INFO  resources.base - User Have Successfully reached the PDP Page
11:57:00.978 [main] INFO  resources.base - Recently Viewed Page is Opened
11:57:05.431 [main] INFO  resources.base - User has clicked the Logo from the footer of the page
11:57:05.456 [main] INFO  resources.base - User Have reached the Home Page clicking on the footer Logo
11:57:10.679 [main] INFO  resources.base - User has clicked on the My Profile page from My Account dropdown
11:57:10.751 [main] INFO  resources.base - User has clicked on the My Profile page from My Account dropdown
11:57:16.370 [main] INFO  resources.base - User has clicked on the My Profile page from My Account dropdown
11:57:20.199 [main] INFO  resources.base - User has clicked the Logo from the header of the page
11:57:20.231 [main] INFO  resources.base - User Have reached the Home Page clicking on the Header Logo
11:57:28.972 [main] INFO  resources.base - User has clicked on the Standard Catalog Navigation button from header
11:57:28.981 [main] INFO  resources.base - User Have reached the Standard Catalog Page
11:57:46.959 [main] INFO  resources.base - User has clicked on the 1st Standard Product appearing and reached the PDP Page
11:57:55.216 [main] INFO  resources.base - User has clicked on the All Product Nevigation button from the header
11:57:55.230 [main] INFO  resources.base - User Have reached the All Product Page
11:58:00.274 [main] INFO  resources.base - User has clicked on Audio Cables Category From All Products Page
11:58:00.280 [main] INFO  resources.base - User Have reached the Audio Cables Category Page
11:58:31.779 [main] INFO  resources.base - User has clicked on Resouces link from the header
11:58:31.805 [main] INFO  resources.base - User Have reached the Resources Page
11:58:52.277 [main] INFO  resources.base - User has clicked on Special Offer Link from the header
11:58:52.294 [main] INFO  resources.base - User Have reached the Special Offer Page
11:58:57.468 [main] INFO  resources.base - User has clicked on Cart Icon from the header
19:55:20.335 [main] INFO  resources.base - User Have Successfully Login To The Home Page
19:55:36.021 [main] INFO  resources.base - User Have Successfully reached the favorites Page
19:56:38.791 [main] INFO  resources.base - user is searching printer using the search textbox
19:56:38.800 [main] INFO  resources.base - User Have Successfully reached the printer search listing page
19:56:53.932 [main] INFO  resources.base - Search result data is Appearing on the Search Result Page
19:57:11.589 [main] INFO  resources.base - User Have Successfully reached the PDP Page
19:57:47.111 [main] INFO  resources.base - Recently Viewed Page is Opened
19:57:52.712 [main] INFO  resources.base - User has clicked the Logo from the footer of the page
19:57:52.723 [main] INFO  resources.base - User Have reached the Home Page clicking on the footer Logo
19:57:57.759 [main] INFO  resources.base - User has clicked on the My Profile page from My Account dropdown
19:57:57.770 [main] INFO  resources.base - User has clicked on the My Profile page from My Account dropdown
19:58:03.859 [main] INFO  resources.base - User has clicked on the My Profile page from My Account dropdown
19:58:08.470 [main] INFO  resources.base - User has clicked the Logo from the header of the page
19:58:08.563 [main] INFO  resources.base - User Have reached the Home Page clicking on the Header Logo
19:58:19.933 [main] INFO  resources.base - User has clicked on the Standard Catalog Navigation button from header
19:58:19.947 [main] INFO  resources.base - User Have reached the Standard Catalog Page
19:58:38.149 [main] INFO  resources.base - User has clicked on the 1st Standard Product appearing and reached the PDP Page
19:58:50.031 [main] INFO  resources.base - User has clicked on the All Product Nevigation button from the header
19:58:50.037 [main] INFO  resources.base - User Have reached the All Product Page
19:58:58.642 [main] INFO  resources.base - User has clicked on Audio Cables Category From All Products Page
19:58:58.652 [main] INFO  resources.base - User Have reached the Audio Cables Category Page
19:59:43.538 [main] INFO  resources.base - User has clicked on Resouces link from the header
19:59:43.555 [main] INFO  resources.base - User Have reached the Resources Page
